# Measuring matrix multiplication algorithms
# Mon Nov  9 14:44:14 CET 2020
# Linux pcperinger 4.19.0-12-amd64 #1 SMP Debian 4.19.152-1 (2020-10-18) x86_64 GNU/Linux
# CPU: Intel(R) Core(TM) i5-4690 CPU @ 3.50GHz
# gcc (Debian 8.3.0-6) 8.3.0
# CFLAGS=-std=c99 -O3     LIBS=-lgsl -lcblas
# 
400 0.07 0.02 0.05 0.01 0.02 
416 0.07 0.02 0.06 0.01 0.02 
432 0.08 0.02 0.07 0.01 0.03 
448 0.10 0.03 0.09 0.01 0.03 
464 0.10 0.03 0.08 0.01 0.03 
480 0.11 0.03 0.09 0.02 0.04 
496 0.12 0.04 0.10 0.02 0.04 
512 0.28 0.04 0.18 0.02 0.06 
528 0.13 0.04 0.12 0.02 0.05 
544 0.21 0.05 0.13 0.02 0.05 
560 0.17 0.05 0.15 0.03 0.06 
576 0.25 0.06 0.25 0.03 0.06 
592 0.23 0.06 0.19 0.03 0.07 
608 0.25 0.07 0.21 0.03 0.08 
624 0.26 0.08 0.24 0.04 0.09 
640 0.38 0.08 0.36 0.04 0.09 
656 0.28 0.09 0.24 0.04 0.10 
672 0.36 0.09 0.33 0.04 0.10 
688 0.35 0.10 0.30 0.05 0.11 
704 0.50 0.11 0.48 0.05 0.11 
720 0.37 0.11 0.32 0.05 0.13 
736 0.50 0.13 0.40 0.06 0.14 
752 0.54 0.13 0.53 0.06 0.15 
768 1.06 0.15 0.83 0.06 0.15 
784 0.51 0.16 0.43 0.07 0.16 
800 0.83 0.17 0.64 0.07 0.17 
816 0.58 0.17 0.51 0.08 0.18 
832 0.97 0.20 0.91 0.08 0.19 
848 1.14 0.22 0.92 0.09 0.21 
864 0.90 0.24 0.77 0.09 0.22 
880 0.91 0.26 0.80 0.10 0.23 
896 1.35 0.29 1.26 0.10 0.25 
912 1.08 0.31 0.97 0.11 0.26 
928 1.43 0.35 1.29 0.11 0.28 
944 1.47 0.36 1.84 0.12 0.30 
960 1.76 0.38 1.71 0.13 0.30 
976 1.99 0.43 1.95 0.13 0.34 
992 1.89 0.45 1.81 0.14 0.35 
1008 5.85 0.48 5.92 0.15 0.36 
1024 6.78 0.50 6.96 0.15 0.48 
1040 6.25 0.53 6.56 0.16 0.40 
1056 3.31 0.55 3.35 0.16 0.40 
1072 4.84 0.63 5.00 0.18 0.43 
1088 5.19 0.62 5.28 0.18 0.44 
1104 6.05 0.66 6.27 0.19 0.47 
1120 5.99 0.69 6.18 0.19 0.49 
1136 7.24 0.72 7.54 0.21 0.51 
1152 7.00 0.75 7.19 0.22 0.54 
1168 7.59 0.80 7.86 0.23 0.56 
1184 9.76 0.83 10.21 0.24 0.57 
1200 10.38 0.88 10.88 0.24 0.60 
1216 9.43 0.91 9.83 0.25 0.60 
1232 11.57 0.95 12.15 0.26 0.66 
1248 10.97 1.00 11.45 0.28 0.70 
1264 12.78 1.04 13.36 0.28 0.74 
1280 13.75 1.09 14.32 0.29 0.74 
1296 14.43 1.20 15.23 0.30 0.76 
1312 12.33 1.17 12.72 0.31 0.78 
1328 15.87 1.22 16.49 0.32 0.81 
1344 16.84 1.27 17.61 0.33 0.81 
1360 17.21 1.32 17.87 0.35 0.88 
1376 18.45 1.35 19.16 0.36 0.90 
1392 18.39 1.42 19.12 0.37 0.94 

# Mon Nov  9 14:54:45 CET 2020

