# Measuring matrix multiplication algorithms
# Sun Nov  8 17:03:46 CET 2020
# Linux pphome2019 4.19.0-12-amd64 #1 SMP Debian 4.19.152-1 (2020-10-18) x86_64 GNU/Linux
# CPU: AMD Ryzen 3 2200G with Radeon Vega Graphics
# gcc (Debian 8.3.0-6) 8.3.0
# CFLAGS=-std=c99 -O3     LIBS=-lgsl -lblas
# 
400 0.22 0.02 0.05 0.03 0.08 
416 0.23 0.04 0.06 0.02 0.08 
432 0.26 0.03 0.06 0.02 0.09 
448 0.27 0.03 0.07 0.02 0.10 
464 0.27 0.03 0.08 0.03 0.12 
480 0.28 0.03 0.09 0.03 0.13 
496 0.29 0.04 0.10 0.03 0.14 
512 2.42 0.04 0.84 0.04 0.16 
528 0.31 0.05 0.12 0.04 0.17 
544 0.32 0.05 0.13 0.03 0.19 
560 0.34 0.06 0.14 0.05 0.20 
576 0.35 0.06 0.16 0.04 0.22 
592 0.35 0.07 0.17 0.05 0.24 
608 0.37 0.07 0.19 0.04 0.27 
624 0.38 0.08 0.20 0.05 0.28 
640 0.51 0.09 0.32 0.05 0.29 
656 0.39 0.10 0.24 0.06 0.28 
672 0.45 0.11 0.27 0.05 0.30 
688 0.46 0.11 0.28 0.06 0.31 
704 0.51 0.13 0.33 0.06 0.32 
720 0.51 0.14 0.34 0.07 0.33 
736 0.55 0.16 0.38 0.06 0.30 
752 0.57 0.17 0.40 0.07 0.32 
768 3.00 0.19 1.14 0.07 0.37 
784 0.62 0.20 0.44 0.08 0.36 
800 0.65 0.22 0.49 0.09 0.39 
816 0.70 0.23 0.53 0.08 0.40 
832 0.85 0.25 0.71 0.09 0.40 
848 0.78 0.27 0.61 0.08 0.41 
864 0.87 0.29 0.71 0.11 0.43 
880 0.86 0.31 0.69 0.10 0.42 
896 1.57 0.36 1.72 0.10 0.50 
912 1.11 0.43 0.93 0.12 0.47 
928 1.27 0.47 1.15 0.12 0.49 
944 1.22 0.48 1.06 0.15 0.54 
960 1.30 0.42 1.17 0.11 0.47 
976 1.14 0.44 0.98 0.11 0.51 
992 1.30 0.46 1.17 0.15 0.50 
1008 1.22 0.48 1.03 0.11 0.53 
1024 18.53 0.51 8.21 0.14 0.57 
1040 1.31 0.53 1.14 0.13 0.57 
1056 1.54 0.55 1.42 0.14 0.59 
1072 1.47 0.58 1.32 0.16 0.61 
1088 1.90 0.61 1.76 0.15 0.62 
1104 1.56 0.63 1.39 0.15 0.64 
1120 1.82 0.66 1.70 0.15 0.67 
1136 1.66 0.69 1.51 0.16 0.68 
1152 3.26 0.72 2.98 0.17 0.71 
1168 1.81 0.75 1.66 0.16 0.72 
1184 2.14 0.78 2.02 0.17 0.74 
1200 2.08 0.82 1.96 0.21 0.76 
1216 2.56 0.85 2.37 0.20 0.80 
1232 2.41 0.88 2.21 0.21 0.82 
1248 2.62 0.92 2.46 0.20 0.85 
1264 2.65 0.97 2.45 0.21 0.87 
1280 13.55 1.00 6.50 0.21 0.90 
1296 2.88 1.03 2.67 0.23 0.92 
1312 3.04 1.08 2.87 0.23 0.94 
1328 3.09 1.09 2.91 0.23 0.99 
1344 3.81 1.19 3.79 0.23 0.99 
1360 3.28 1.19 3.04 0.24 1.04 
1376 3.47 1.23 3.30 0.26 1.07 
1392 3.61 1.27 3.43 0.28 1.10 

# Sun Nov  8 17:07:50 CET 2020

