# Measuring matrix multiplication algorithms
# Sun Nov  8 16:29:36 CET 2020
# Linux pphome2019 4.19.0-12-amd64 #1 SMP Debian 4.19.152-1 (2020-10-18) x86_64 GNU/Linux
# CPU: AMD Ryzen 3 2200G with Radeon Vega Graphics
# gcc (Debian 8.3.0-6) 8.3.0
# CFLAGS=-std=c99 -O3     LIBS=-lgsl
# 
400 0.06 0.02 0.05 0.03 0.02 
416 0.06 0.02 0.06 0.03 0.02 
432 0.07 0.03 0.06 0.04 0.03 
448 0.08 0.03 0.07 0.04 0.03 
464 0.08 0.03 0.08 0.05 0.03 
480 0.10 0.03 0.09 0.05 0.03 
496 0.10 0.04 0.10 0.06 0.04 
512 2.25 0.04 0.84 0.07 0.04 
528 0.13 0.05 0.12 0.07 0.05 
544 0.14 0.05 0.13 0.08 0.05 
560 0.15 0.06 0.14 0.09 0.06 
576 0.18 0.06 0.16 0.10 0.06 
592 0.18 0.07 0.17 0.10 0.07 
608 0.22 0.07 0.19 0.11 0.07 
624 0.22 0.08 0.20 0.13 0.08 
640 0.34 0.09 0.31 0.14 0.08 
656 0.25 0.10 0.24 0.16 0.09 
672 0.29 0.11 0.28 0.17 0.10 
688 0.30 0.12 0.29 0.19 0.11 
704 0.36 0.13 0.34 0.21 0.11 
720 0.35 0.15 0.33 0.24 0.12 
736 0.41 0.16 0.38 0.29 0.14 
752 0.43 0.17 0.41 0.32 0.14 
768 2.98 0.19 1.22 0.35 0.15 
784 0.51 0.21 0.47 0.41 0.17 
800 0.58 0.23 0.55 0.46 0.17 
816 0.59 0.24 0.55 0.51 0.18 
832 0.81 0.26 0.79 0.55 0.19 
848 0.68 0.29 0.64 0.62 0.20 
864 0.79 0.30 0.77 0.65 0.21 
880 0.78 0.32 0.73 0.70 0.23 
896 1.52 0.36 1.47 0.76 0.24 
912 0.88 0.37 0.82 0.80 0.25 
928 1.01 0.39 0.99 0.86 0.27 
944 0.99 0.41 0.92 0.90 0.28 
960 1.36 0.43 1.32 0.95 0.29 
976 1.12 0.45 1.03 1.01 0.31 
992 1.27 0.48 1.22 1.05 0.32 
1008 1.52 0.50 2.02 1.11 0.34 
1024 17.47 0.52 7.99 1.15 0.37 
1040 1.89 0.55 1.79 1.26 0.38 
1056 1.53 0.58 1.47 1.33 0.39 
1072 1.52 0.60 1.39 1.38 0.41 
1088 2.04 0.63 1.96 1.43 0.43 
1104 1.63 0.66 1.50 1.49 0.45 
1120 1.86 0.69 1.79 1.56 0.47 
1136 1.77 0.72 1.63 1.63 0.49 
1152 3.51 0.75 3.38 1.68 0.52 
1168 2.46 0.79 2.28 1.77 0.55 
1184 2.20 0.82 2.11 1.85 0.57 
1200 2.46 0.85 2.26 1.93 0.59 
1216 3.07 0.88 2.82 1.98 0.61 
1232 2.67 0.91 2.46 2.10 0.64 
1248 2.85 0.96 2.56 2.14 0.65 
1264 2.95 0.99 2.71 2.23 0.69 
1280 13.59 1.02 6.68 2.28 0.71 
1296 2.88 1.03 2.69 2.41 0.74 
1312 3.00 1.06 2.91 2.50 0.76 
1328 3.08 1.10 2.95 2.58 0.79 
1344 3.80 1.14 3.79 2.68 0.83 
1360 3.74 1.39 3.02 2.75 0.85 
1376 3.48 1.23 3.33 2.86 0.88 
1392 3.61 1.27 3.47 2.94 0.90 

# Sun Nov  8 16:34:51 CET 2020

