# Measuring matrix multiplication algorithms
# Sun Nov  8 17:20:21 CET 2020
# Linux pphome2019 4.19.0-12-amd64 #1 SMP Debian 4.19.152-1 (2020-10-18) x86_64 GNU/Linux
# CPU: AMD Ryzen 3 2200G with Radeon Vega Graphics
# gcc (Debian 8.3.0-6) 8.3.0
# CFLAGS=-std=c99 -O3     LIBS=-lgsl -lcblas
# 
400 0.06 0.02 0.05 0.01 0.02 
416 0.06 0.02 0.06 0.01 0.02 
432 0.07 0.03 0.06 0.01 0.03 
448 0.08 0.03 0.07 0.01 0.03 
464 0.08 0.03 0.08 0.01 0.03 
480 0.10 0.03 0.09 0.01 0.03 
496 0.10 0.04 0.10 0.02 0.04 
512 2.24 0.04 0.83 0.02 0.04 
528 0.13 0.05 0.12 0.02 0.05 
544 0.14 0.05 0.13 0.02 0.05 
560 0.15 0.05 0.14 0.02 0.06 
576 0.18 0.06 0.16 0.02 0.06 
592 0.18 0.07 0.17 0.03 0.07 
608 0.21 0.07 0.19 0.03 0.07 
624 0.22 0.08 0.20 0.03 0.08 
640 0.36 0.09 0.32 0.03 0.08 
656 0.26 0.10 0.24 0.04 0.09 
672 0.29 0.11 0.28 0.04 0.10 
688 0.30 0.12 0.29 0.04 0.11 
704 0.36 0.13 0.35 0.04 0.11 
720 0.36 0.14 0.34 0.05 0.12 
736 0.41 0.17 0.39 0.05 0.13 
752 0.43 0.18 0.41 0.05 0.14 
768 2.98 0.20 1.22 0.06 0.15 
784 0.51 0.21 0.48 0.06 0.16 
800 0.58 0.23 0.56 0.06 0.17 
816 0.59 0.25 0.55 0.07 0.18 
832 0.81 0.27 0.78 0.09 0.19 
848 0.68 0.29 0.64 0.08 0.20 
864 0.78 0.31 0.76 0.08 0.21 
880 0.77 0.33 0.73 0.09 0.22 
896 1.55 0.35 1.49 0.09 0.24 
912 0.88 0.37 0.82 0.10 0.25 
928 1.00 0.39 0.97 0.10 0.26 
944 0.99 0.41 0.92 0.11 0.28 
960 1.36 0.43 1.32 0.11 0.29 
976 1.10 0.46 1.03 0.12 0.31 
992 1.25 0.48 1.21 0.12 0.33 
1008 1.50 0.50 1.46 0.13 0.34 
1024 17.48 0.53 7.87 0.13 0.37 
1040 1.92 0.55 1.87 0.14 0.38 
1056 1.50 0.57 1.45 0.15 0.39 
1072 1.50 0.61 1.38 0.15 0.40 
1088 1.96 0.63 1.88 0.16 0.43 
1104 1.53 0.66 1.44 0.17 0.45 
1120 1.79 0.68 1.73 0.17 0.47 
1136 1.67 0.71 1.59 0.18 0.49 
1152 3.19 0.72 3.02 0.19 0.51 
1168 1.74 0.76 1.66 0.20 0.54 
1184 2.09 0.79 2.04 0.21 0.56 
1200 2.00 0.82 1.96 0.22 0.60 
1216 2.49 0.86 2.39 0.22 0.60 
1232 2.39 0.88 2.22 0.23 0.63 
1248 2.56 0.91 2.47 0.24 0.65 
1264 2.61 0.95 2.46 0.25 0.67 
1280 13.45 0.99 6.53 0.26 0.70 
1296 2.88 1.04 2.69 0.27 0.73 
1312 3.02 1.07 2.88 0.28 0.77 
1328 3.12 1.11 2.96 0.29 0.79 
1344 3.83 1.15 3.79 0.30 0.82 
1360 3.26 1.19 3.05 0.33 0.87 
1376 3.46 1.22 3.33 0.32 0.88 
1392 3.61 1.28 3.46 0.34 0.91 

# Sun Nov  8 17:24:33 CET 2020

