# Measuring matrix multiplication algorithms
# Sun Nov  8 19:16:01 CET 2020
# Linux superphi1 4.19.0-12-amd64 #1 SMP Debian 4.19.152-1 (2020-10-18) x86_64 GNU/Linux
# CPU: Intel(R) Xeon(R) CPU E5-2620 v3 @ 2.40GHz
# gcc (Debian 8.3.0-6) 8.3.0
# CFLAGS=-std=c99 -O3     LIBS=-lgsl -lcblas
# 
400 0.09 0.03 0.07 0.01 0.03 
416 0.12 0.03 0.08 0.01 0.03 
432 0.10 0.03 0.08 0.02 0.03 
448 0.14 0.04 0.11 0.02 0.03 
464 0.12 0.04 0.10 0.02 0.04 
480 0.18 0.04 0.12 0.02 0.04 
496 0.15 0.05 0.13 0.02 0.05 
512 0.35 0.05 0.25 0.02 0.07 
528 0.18 0.06 0.15 0.03 0.06 
544 0.21 0.06 0.17 0.03 0.06 
560 0.21 0.07 0.18 0.03 0.07 
576 0.31 0.07 0.29 0.03 0.07 
592 0.25 0.08 0.22 0.04 0.08 
608 0.30 0.09 0.24 0.04 0.09 
624 0.29 0.09 0.26 0.04 0.10 
640 0.49 0.10 0.48 0.05 0.11 
656 0.34 0.11 0.30 0.05 0.12 
672 0.42 0.12 0.32 0.05 0.12 
688 0.39 0.13 0.34 0.06 0.13 
704 0.61 0.13 0.60 0.06 0.14 
720 0.44 0.14 0.39 0.06 0.15 
736 0.53 0.15 0.44 0.07 0.16 
752 0.49 0.16 0.45 0.07 0.17 
768 0.88 0.17 0.83 0.08 0.18 
784 0.56 0.19 0.51 0.08 0.19 
800 0.64 0.20 0.54 0.09 0.20 
816 0.66 0.21 0.57 0.09 0.22 
832 1.07 0.22 1.06 0.10 0.22 
848 0.71 0.23 0.64 0.10 0.24 
864 0.85 0.25 0.72 0.11 0.25 
880 0.80 0.26 0.72 0.12 0.27 
896 1.34 0.27 1.32 0.12 0.29 
912 0.89 0.29 0.80 0.13 0.30 
928 1.10 0.31 0.98 0.14 0.31 
944 0.99 0.32 0.89 0.14 0.34 
960 1.65 0.34 1.63 0.15 0.34 
976 1.10 0.36 0.98 0.16 0.37 
992 1.34 0.37 1.22 0.16 0.38 
1008 1.20 0.39 1.08 0.17 0.41 
1024 2.67 0.41 1.99 0.18 0.62 
1040 1.32 0.43 1.18 0.19 0.50 
1056 1.76 0.45 1.66 0.20 0.46 
1072 1.42 0.47 1.29 0.21 0.49 
1088 2.39 0.49 2.38 0.22 0.50 
1104 1.56 0.52 1.42 0.23 0.54 
1120 2.19 0.54 2.13 0.23 0.56 
1136 1.71 0.56 1.54 0.24 0.59 
1152 2.85 0.59 2.81 0.26 0.62 
1168 1.89 0.62 1.80 0.27 0.65 
1184 2.81 0.65 2.77 0.28 0.67 
1200 2.13 0.70 2.00 0.29 0.70 
1216 3.39 0.70 3.33 0.30 0.70 
1232 2.32 0.76 2.04 0.31 0.77 
1248 3.53 0.77 3.50 0.32 0.79 
1264 2.49 0.83 2.21 0.34 0.83 
1280 4.24 0.93 3.96 0.35 0.85 
1296 3.01 1.38 2.57 0.36 0.90 
1312 4.65 1.13 4.48 0.37 0.92 
1328 3.25 1.26 2.80 0.39 0.97 
1344 5.04 1.21 4.84 0.40 0.97 
1360 3.47 1.28 2.98 0.42 1.05 
1376 5.57 1.38 5.41 0.43 1.06 
1392 3.92 1.53 3.38 0.45 1.11 

# Sun Nov  8 19:20:00 CET 2020

