# Measuring matrix multiplication algorithms
# Sun Nov  8 19:23:40 CET 2020
# Linux superphi1 4.19.0-12-amd64 #1 SMP Debian 4.19.152-1 (2020-10-18) x86_64 GNU/Linux
# CPU: Intel(R) Xeon(R) CPU E5-2620 v3 @ 2.40GHz
# gcc (Debian 8.3.0-6) 8.3.0
# CFLAGS=-std=c99 -O3     LIBS=-lgsl -lcblas
# 
400 0.11 0.03 0.08 0.01 0.03 
416 0.12 0.03 0.08 0.01 0.03 
432 0.10 0.03 0.08 0.01 0.03 
448 0.14 0.04 0.12 0.02 0.03 
464 0.12 0.04 0.10 0.02 0.04 
480 0.15 0.05 0.12 0.02 0.04 
496 0.15 0.05 0.13 0.02 0.05 
512 0.35 0.05 0.25 0.02 0.07 
528 0.18 0.06 0.16 0.03 0.06 
544 0.25 0.06 0.17 0.03 0.06 
560 0.21 0.07 0.18 0.03 0.07 
576 0.31 0.07 0.29 0.03 0.07 
592 0.24 0.09 0.22 0.04 0.08 
608 0.28 0.09 0.24 0.04 0.09 
624 0.29 0.09 0.25 0.04 0.10 
640 0.49 0.10 0.48 0.05 0.11 
656 0.34 0.11 0.30 0.05 0.12 
672 0.41 0.12 0.33 0.05 0.12 
688 0.39 0.13 0.34 0.06 0.13 
704 0.63 0.13 0.62 0.06 0.13 
720 0.44 0.14 0.39 0.06 0.15 
736 0.53 0.15 0.44 0.07 0.16 
752 0.50 0.16 0.45 0.07 0.17 
768 0.88 0.17 0.83 0.08 0.18 
784 0.56 0.19 0.51 0.08 0.19 
800 0.69 0.20 0.58 0.09 0.20 
816 0.63 0.21 0.57 0.09 0.22 
832 1.07 0.22 1.06 0.10 0.22 
848 0.72 0.23 0.64 0.10 0.24 
864 0.84 0.25 0.71 0.11 0.25 
880 0.80 0.26 0.72 0.12 0.27 
896 1.34 0.27 1.32 0.12 0.29 
912 0.90 0.29 0.80 0.13 0.30 
928 1.10 0.31 0.98 0.14 0.31 
944 0.98 0.32 0.88 0.14 0.33 
960 1.64 0.34 1.63 0.15 0.34 
976 1.08 0.36 0.98 0.16 0.37 
992 1.34 0.38 1.23 0.16 0.38 
1008 1.20 0.39 1.08 0.17 0.41 
1024 2.67 0.41 1.99 0.18 0.62 
1040 1.32 0.43 1.18 0.19 0.45 
1056 1.76 0.45 1.68 0.20 0.46 
1072 1.45 0.48 1.30 0.21 0.49 
1088 2.39 0.49 2.38 0.22 0.50 
1104 1.56 0.52 1.42 0.22 0.54 
1120 2.21 0.54 2.16 0.23 0.55 
1136 1.71 0.56 1.55 0.24 0.59 
1152 2.85 0.59 2.81 0.26 0.62 
1168 1.89 0.62 1.69 0.27 0.64 
1184 2.96 0.63 2.93 0.28 0.66 
1200 2.01 0.66 1.82 0.29 0.71 
1216 3.45 0.74 3.40 0.30 0.71 
1232 2.25 0.79 2.01 0.31 0.77 
1248 3.58 0.80 3.52 0.32 0.79 
1264 2.59 0.95 2.27 0.34 0.83 
1280 4.26 0.93 3.98 0.35 0.85 
1296 2.65 0.88 2.39 0.36 0.90 
1312 4.60 1.05 4.46 0.38 0.92 
1328 3.02 1.06 2.65 0.39 0.97 
1344 5.20 1.35 4.98 0.40 0.97 
1360 3.55 1.38 3.07 0.42 1.05 
1376 5.58 1.42 5.44 0.43 1.07 
1392 4.12 1.61 3.79 0.45 1.11 
1408 6.31 1.68 6.10 0.46 1.16 
1424 4.61 1.83 4.05 0.48 1.20 
1440 7.13 1.89 7.08 0.49 1.23 
1456 5.00 1.99 4.48 0.51 1.28 
1472 7.97 2.09 7.91 0.53 1.28 
1488 5.84 2.22 5.28 0.55 1.34 
1504 9.36 2.30 9.34 0.56 1.39 
1520 6.78 2.43 6.17 0.58 1.46 
1536 12.47 2.51 9.66 0.60 1.64 
1552 7.50 2.62 6.84 0.62 1.56 
1568 11.08 2.73 11.09 0.63 1.58 
1584 8.45 2.85 7.83 0.66 1.65 
1600 11.87 2.96 11.79 0.68 1.72 
1616 9.32 3.07 8.62 0.70 1.75 
1632 12.91 3.19 12.87 0.72 1.76 
1648 10.49 3.30 9.32 0.74 1.85 
1664 13.36 3.42 13.17 0.76 1.92 
1680 11.19 3.54 10.53 0.78 1.97 
1696 14.92 3.67 14.96 0.80 2.00 
1712 11.63 3.79 11.09 0.82 2.09 
1728 15.92 3.92 15.86 0.85 2.08 
1744 12.37 4.05 12.06 0.87 2.20 
1760 16.89 4.19 16.94 0.89 2.23 
1776 13.57 4.33 13.17 0.92 2.32 
1792 18.48 4.47 17.53 0.94 2.34 
1808 14.27 4.62 13.47 0.97 2.46 
1824 18.74 4.76 18.73 1.00 2.49 
1840 15.42 4.90 14.58 1.03 2.59 
1856 19.91 5.05 19.61 1.05 2.57 
1872 16.33 5.20 15.41 1.08 2.73 
1888 20.94 5.36 20.94 1.11 2.75 
1904 17.48 5.50 16.70 1.14 2.87 
1920 22.43 5.65 22.13 1.16 2.96 
1936 18.50 5.81 18.21 1.19 3.01 
1952 23.15 5.97 23.26 1.22 3.05 
1968 19.34 6.13 19.18 1.25 3.17 
1984 24.34 6.27 24.31 1.28 3.14 
2000 20.36 6.45 20.27 1.32 3.33 
2016 25.67 6.61 25.71 1.35 3.35 
2032 21.62 6.79 21.56 1.38 3.40 
2048 100.60 6.92 101.34 1.42 5.56 
2064 23.15 7.15 23.17 1.45 3.62 
2080 28.60 7.34 28.28 1.48 3.68 
2096 24.57 7.56 24.51 1.51 3.83 
2112 29.37 7.73 29.09 1.55 3.79 
2128 26.87 7.99 27.00 1.58 4.01 
2144 30.74 8.23 30.64 1.62 4.03 
2160 28.88 8.43 28.92 1.65 4.17 
2176 33.21 8.56 32.61 1.69 4.31 
2192 30.77 8.85 30.97 1.73 4.38 
2208 34.11 9.06 33.98 1.77 4.41 
2224 32.51 9.35 32.82 1.80 4.57 
2240 34.90 9.53 34.85 1.84 4.52 
2256 34.34 9.78 34.60 1.89 4.77 
2272 36.88 10.01 37.01 1.93 4.79 
2288 36.55 10.25 36.76 1.97 4.97 
2304 41.01 10.44 39.27 2.01 5.01 
2320 37.81 10.75 37.82 2.04 5.18 
2336 39.63 10.98 39.48 2.09 5.19 
2352 40.06 11.24 40.05 2.13 5.38 
2368 41.04 11.46 40.68 2.17 5.34 
2384 42.99 11.73 42.96 2.22 5.63 
2400 42.54 11.99 42.46 2.27 5.67 
2416 44.29 12.25 44.11 2.31 5.85 
2432 45.21 12.47 44.46 2.36 5.99 
2448 45.89 12.80 45.75 2.40 6.06 
2464 45.85 13.01 45.78 2.44 6.11 
2480 48.14 13.29 48.06 2.50 6.33 
2496 49.07 13.57 48.79 2.54 6.24 
2512 50.60 13.84 50.41 2.59 6.59 
2528 49.90 14.12 49.69 2.64 6.61 
2544 52.80 14.40 52.57 2.69 6.85 
2560 79.09 14.76 66.93 2.77 7.59 
2576 54.58 14.92 54.39 2.79 7.11 
2592 54.29 15.20 54.23 2.85 7.13 
2608 56.93 15.51 56.54 2.90 7.24 
2624 55.39 15.76 54.88 2.95 7.25 
2640 59.09 16.08 58.74 3.01 7.64 
2656 57.56 16.40 57.41 3.06 7.68 
2672 61.33 16.67 61.09 3.12 7.90 
2688 60.85 16.98 59.62 3.17 8.12 
2704 63.87 17.29 63.40 3.23 8.16 
2720 61.51 17.58 61.24 3.28 8.15 
2736 65.67 17.93 65.23 3.34 8.51 
2752 63.41 18.20 62.96 3.41 8.37 
2768 67.53 18.54 67.42 3.46 8.82 
2784 66.50 18.86 66.25 3.52 8.85 
2800 69.04 19.19 68.92 3.57 9.11 
2816 76.24 19.56 73.38 3.64 9.21 
2832 71.03 19.88 70.77 3.70 9.43 
2848 71.50 20.17 71.22 3.76 9.46 
2864 74.02 20.52 73.57 3.83 9.56 
2880 74.82 20.84 74.08 3.89 9.61 
2896 76.48 21.22 76.10 3.96 10.08 
2912 77.77 21.57 77.35 4.02 10.13 
2928 78.54 21.94 78.27 4.10 10.25 
2944 83.74 22.28 81.67 4.16 10.70 
2960 81.44 22.64 81.10 4.23 10.76 
2976 82.31 23.02 81.75 4.30 10.76 
2992 86.01 23.40 85.35 4.36 11.10 
3008 86.44 23.73 85.18 4.44 10.92 
3024 87.16 24.14 86.67 4.50 11.49 
3040 88.47 24.53 87.64 4.57 11.48 
3056 91.60 24.95 90.95 4.65 11.82 
3072 328.59 25.60 320.79 4.76 18.65 
3088 94.20 25.72 93.63 4.80 12.25 
3104 94.25 26.09 93.43 4.87 12.23 
3120 97.12 26.54 96.63 4.94 12.55 
3136 96.34 26.88 95.28 5.01 12.39 
3152 99.52 27.34 98.95 5.09 12.85 
3168 99.76 27.76 98.80 5.17 13.01 
3184 103.66 28.19 103.15 5.25 13.12 
3200 105.72 28.62 102.89 5.33 13.66 
3216 106.04 29.05 105.49 5.41 13.66 
3232 106.79 29.47 105.88 5.49 13.76 
3248 107.84 29.94 107.22 5.56 14.15 
3264 107.14 30.37 105.90 5.66 13.90 
3280 109.60 30.85 109.13 5.75 14.46 
3296 112.68 31.26 111.71 5.83 14.62 
3312 112.60 31.75 112.20 5.91 14.98 
3328 130.89 32.30 126.04 6.05 15.28 
3344 116.37 32.66 115.85 6.08 15.41 
3360 118.07 33.10 117.18 6.15 15.48 
3376 120.35 33.63 119.56 6.27 15.85 
3392 123.92 34.04 122.29 6.36 15.57 
3408 124.05 34.56 122.98 6.52 16.16 
3424 126.68 35.08 125.14 6.60 16.36 
3440 127.96 35.55 126.75 6.69 16.69 
3456 136.53 36.08 133.15 6.77 17.13 
3472 131.58 36.56 130.32 6.87 17.15 
3488 132.58 37.02 131.23 6.97 17.27 
3504 134.41 37.56 133.02 7.00 17.57 
3520 138.42 38.05 136.18 7.15 17.33 
3536 138.75 38.58 137.34 7.25 18.13 
3552 138.94 39.07 137.44 7.34 18.18 
3568 142.63 39.62 141.09 7.44 18.67 
3584 297.39 40.62 261.25 7.54 21.08 
3600 145.54 40.71 145.13 7.65 19.14 
3616 145.61 41.30 145.56 7.75 19.21 
3632 150.85 41.84 150.68 7.85 19.60 
3648 149.27 42.33 149.51 7.97 19.43 
3664 155.59 42.94 155.40 8.06 20.10 
3680 153.56 43.48 153.12 8.16 20.25 
3696 158.46 44.10 157.76 8.29 20.66 
3712 164.75 44.69 164.21 8.40 21.18 
3728 162.94 45.27 162.05 8.51 21.21 
3744 164.55 45.80 164.44 8.60 21.31 
3760 167.68 46.43 167.20 8.74 21.74 
3776 166.83 46.99 166.21 8.84 21.40 
3792 172.99 47.62 172.33 8.95 22.35 
3808 177.09 48.19 176.77 9.06 22.43 
3824 179.38 48.84 178.40 9.17 22.84 
3840 214.02 49.65 205.15 9.29 23.59 
3856 183.60 50.06 181.65 9.34 23.41 
3872 181.54 50.70 179.59 9.54 23.59 
3888 187.31 51.34 185.07 9.65 24.13 
3904 185.72 51.88 182.60 9.75 23.67 
3920 192.17 52.59 190.10 9.87 24.75 
3936 186.28 53.20 185.35 10.03 24.77 
3952 195.29 53.88 193.69 10.12 25.23 
3968 201.45 54.53 198.04 10.24 25.88 
3984 200.67 55.18 198.81 10.38 25.89 
4000 193.14 55.79 192.42 10.49 26.00 
4016 205.17 56.51 203.81 10.61 26.48 
4032 204.03 57.21 201.35 10.74 26.09 
4048 208.93 57.90 207.77 10.89 27.20 
4064 201.59 58.59 201.02 11.01 27.15 
4080 211.84 59.28 211.15 11.14 29.52 
4096 764.83 60.59 755.30 11.27 44.05 
4112 215.53 60.72 214.95 11.42 30.35 
4128 210.61 61.36 210.04 11.55 28.48 
4144 222.75 62.17 221.91 11.67 29.30 
4160 222.86 62.76 221.22 11.82 28.89 
4176 229.46 63.52 228.98 11.95 29.87 
4192 222.35 64.24 222.61 12.09 29.94 
4208 235.10 65.06 234.89 12.24 30.61 
4224 243.01 65.79 241.44 12.37 31.31 
4240 240.51 66.52 239.22 12.51 31.31 
4256 237.62 67.24 236.86 12.63 31.25 
4272 246.02 68.04 244.72 12.79 31.97 
4288 248.89 68.73 246.56 12.93 31.54 
4304 253.53 69.60 251.58 13.07 32.76 
4320 255.34 70.35 253.65 13.22 32.78 
4336 263.24 71.14 261.02 13.37 33.47 
4352 322.24 72.21 308.83 13.51 34.60 
4368 267.70 72.73 264.63 13.65 34.16 
4384 268.01 73.54 264.42 13.82 34.29 
4400 272.24 74.34 268.92 13.98 34.96 
4416 277.11 75.10 271.10 14.00 34.45 
4432 281.60 76.02 276.02 14.26 35.85 
4448 278.39 76.79 275.89 14.42 35.82 
4464 287.68 77.68 284.18 14.58 36.54 
4480 296.99 78.48 292.24 14.73 37.50 
4496 291.39 79.30 287.83 14.88 37.43 
4512 291.40 80.13 288.24 15.09 37.43 
4528 294.17 81.03 290.75 15.24 38.22 
4544 301.79 81.88 297.79 15.39 37.48 
4560 297.46 82.72 294.14 15.54 39.05 
4576 304.33 83.56 300.29 15.73 38.95 
4592 303.05 84.26 299.95 15.86 39.95 
4608 912.59 86.34 871.77 16.03 45.20 
4624 308.12 86.30 306.35 16.21 40.86 
4640 314.45 87.21 313.28 16.36 40.67 
4656 316.01 88.04 314.17 16.56 41.69 
4672 320.62 88.93 319.70 16.70 40.75 
4688 325.15 89.90 323.17 16.72 42.44 
4704 328.03 90.84 327.00 16.90 42.39 
4720 331.62 91.81 328.92 17.19 43.31 
4736 352.27 92.73 348.64 17.41 44.42 
4752 338.12 93.68 334.69 17.55 44.30 
4768 344.11 94.56 340.28 17.76 44.22 
4784 345.88 95.62 341.94 17.93 45.25 
4800 354.69 95.90 349.39 18.10 44.42 
4816 352.83 97.52 349.12 18.29 46.31 
