Performing C SOURCE FILE Test HAVE_GCC_PREFERRED_STACK_BOUNDARY failed with the following output:
Change Dir: /home/peter/Downloads/git/School/IZG/Project/build/CMakeFiles/CMakeTmp

Run Build Command(s):/usr/bin/make cmTC_2619c/fast && /usr/bin/make -f CMakeFiles/cmTC_2619c.dir/build.make CMakeFiles/cmTC_2619c.dir/build
make[1]: Entering directory '/home/peter/Downloads/git/School/IZG/Project/build/CMakeFiles/CMakeTmp'
Building C object CMakeFiles/cmTC_2619c.dir/src.c.o
/usr/bin/cc   -g -O3 -idirafter "/home/peter/Downloads/git/School/IZG/Project/libs/SDL2-2.0.14/src/video/khronos" -DHAVE_GCC_PREFERRED_STACK_BOUNDARY -mpreferred-stack-boundary=2   -std=gnu99 -o CMakeFiles/cmTC_2619c.dir/src.c.o   -c /home/peter/Downloads/git/School/IZG/Project/build/CMakeFiles/CMakeTmp/src.c
cc1: error: ‘-mpreferred-stack-boundary=2’ is not between 3 and 12
make[1]: *** [CMakeFiles/cmTC_2619c.dir/build.make:66: CMakeFiles/cmTC_2619c.dir/src.c.o] Error 1
make[1]: Leaving directory '/home/peter/Downloads/git/School/IZG/Project/build/CMakeFiles/CMakeTmp'
make: *** [Makefile:121: cmTC_2619c/fast] Error 2


Source file was:
int x = 0; int main(int argc, char **argv) {}
Performing C SOURCE FILE Test HAVE_ALTIVEC_H_HDR failed with the following output:
Change Dir: /home/peter/Downloads/git/School/IZG/Project/build/CMakeFiles/CMakeTmp

Run Build Command(s):/usr/bin/make cmTC_a4106/fast && /usr/bin/make -f CMakeFiles/cmTC_a4106.dir/build.make CMakeFiles/cmTC_a4106.dir/build
make[1]: Entering directory '/home/peter/Downloads/git/School/IZG/Project/build/CMakeFiles/CMakeTmp'
Building C object CMakeFiles/cmTC_a4106.dir/src.c.o
/usr/bin/cc   -g -O3 -idirafter "/home/peter/Downloads/git/School/IZG/Project/libs/SDL2-2.0.14/src/video/khronos" -DHAVE_ALTIVEC_H_HDR -maltivec   -std=gnu99 -o CMakeFiles/cmTC_a4106.dir/src.c.o   -c /home/peter/Downloads/git/School/IZG/Project/build/CMakeFiles/CMakeTmp/src.c
cc: error: unrecognized command line option ‘-maltivec’
make[1]: *** [CMakeFiles/cmTC_a4106.dir/build.make:66: CMakeFiles/cmTC_a4106.dir/src.c.o] Error 1
make[1]: Leaving directory '/home/peter/Downloads/git/School/IZG/Project/build/CMakeFiles/CMakeTmp'
make: *** [Makefile:121: cmTC_a4106/fast] Error 2


Source file was:

          #include <altivec.h>
          vector unsigned int vzero() {
              return vec_splat_u32(0);
          }
          int main(int argc, char **argv) { }
Performing C SOURCE FILE Test HAVE_ALTIVEC failed with the following output:
Change Dir: /home/peter/Downloads/git/School/IZG/Project/build/CMakeFiles/CMakeTmp

Run Build Command(s):/usr/bin/make cmTC_7ace9/fast && /usr/bin/make -f CMakeFiles/cmTC_7ace9.dir/build.make CMakeFiles/cmTC_7ace9.dir/build
make[1]: Entering directory '/home/peter/Downloads/git/School/IZG/Project/build/CMakeFiles/CMakeTmp'
Building C object CMakeFiles/cmTC_7ace9.dir/src.c.o
/usr/bin/cc   -g -O3 -idirafter "/home/peter/Downloads/git/School/IZG/Project/libs/SDL2-2.0.14/src/video/khronos" -DHAVE_ALTIVEC -maltivec   -std=gnu99 -o CMakeFiles/cmTC_7ace9.dir/src.c.o   -c /home/peter/Downloads/git/School/IZG/Project/build/CMakeFiles/CMakeTmp/src.c
cc: error: unrecognized command line option ‘-maltivec’
make[1]: *** [CMakeFiles/cmTC_7ace9.dir/build.make:66: CMakeFiles/cmTC_7ace9.dir/src.c.o] Error 1
make[1]: Leaving directory '/home/peter/Downloads/git/School/IZG/Project/build/CMakeFiles/CMakeTmp'
make: *** [Makefile:121: cmTC_7ace9/fast] Error 2


Source file was:

          vector unsigned int vzero() {
              return vec_splat_u32(0);
          }
          int main(int argc, char **argv) { }
Determining if the include file libunwind.h exists failed with the following output:
Change Dir: /home/peter/Downloads/git/School/IZG/Project/build/CMakeFiles/CMakeTmp

Run Build Command(s):/usr/bin/make cmTC_33db6/fast && /usr/bin/make -f CMakeFiles/cmTC_33db6.dir/build.make CMakeFiles/cmTC_33db6.dir/build
make[1]: Entering directory '/home/peter/Downloads/git/School/IZG/Project/build/CMakeFiles/CMakeTmp'
Building C object CMakeFiles/cmTC_33db6.dir/CheckIncludeFile.c.o
/usr/bin/cc   -g -O3 -idirafter "/home/peter/Downloads/git/School/IZG/Project/libs/SDL2-2.0.14/src/video/khronos"    -o CMakeFiles/cmTC_33db6.dir/CheckIncludeFile.c.o   -c /home/peter/Downloads/git/School/IZG/Project/build/CMakeFiles/CMakeTmp/CheckIncludeFile.c
/home/peter/Downloads/git/School/IZG/Project/build/CMakeFiles/CMakeTmp/CheckIncludeFile.c:1:10: fatal error: libunwind.h: No such file or directory
    1 | #include <libunwind.h>
      |          ^~~~~~~~~~~~~
compilation terminated.
make[1]: *** [CMakeFiles/cmTC_33db6.dir/build.make:66: CMakeFiles/cmTC_33db6.dir/CheckIncludeFile.c.o] Error 1
make[1]: Leaving directory '/home/peter/Downloads/git/School/IZG/Project/build/CMakeFiles/CMakeTmp'
make: *** [Makefile:121: cmTC_33db6/fast] Error 2



Determining if the strlcpy exist failed with the following output:
Change Dir: /home/peter/Downloads/git/School/IZG/Project/build/CMakeFiles/CMakeTmp

Run Build Command(s):/usr/bin/make cmTC_bbbc4/fast && /usr/bin/make -f CMakeFiles/cmTC_bbbc4.dir/build.make CMakeFiles/cmTC_bbbc4.dir/build
make[1]: Entering directory '/home/peter/Downloads/git/School/IZG/Project/build/CMakeFiles/CMakeTmp'
Building C object CMakeFiles/cmTC_bbbc4.dir/CheckSymbolExists.c.o
/usr/bin/cc   -g -O3 -idirafter "/home/peter/Downloads/git/School/IZG/Project/libs/SDL2-2.0.14/src/video/khronos"    -o CMakeFiles/cmTC_bbbc4.dir/CheckSymbolExists.c.o   -c /home/peter/Downloads/git/School/IZG/Project/build/CMakeFiles/CMakeTmp/CheckSymbolExists.c
/home/peter/Downloads/git/School/IZG/Project/build/CMakeFiles/CMakeTmp/CheckSymbolExists.c: In function ‘main’:
/home/peter/Downloads/git/School/IZG/Project/build/CMakeFiles/CMakeTmp/CheckSymbolExists.c:14:19: error: ‘strlcpy’ undeclared (first use in this function); did you mean ‘strncpy’?
   14 |   return ((int*)(&strlcpy))[argc];
      |                   ^~~~~~~
      |                   strncpy
/home/peter/Downloads/git/School/IZG/Project/build/CMakeFiles/CMakeTmp/CheckSymbolExists.c:14:19: note: each undeclared identifier is reported only once for each function it appears in
make[1]: *** [CMakeFiles/cmTC_bbbc4.dir/build.make:66: CMakeFiles/cmTC_bbbc4.dir/CheckSymbolExists.c.o] Error 1
make[1]: Leaving directory '/home/peter/Downloads/git/School/IZG/Project/build/CMakeFiles/CMakeTmp'
make: *** [Makefile:121: cmTC_bbbc4/fast] Error 2


File /home/peter/Downloads/git/School/IZG/Project/build/CMakeFiles/CMakeTmp/CheckSymbolExists.c:
/* */
#include <stddef.h>
#include <stdarg.h>
#include <stdlib.h>
#include <string.h>
#include <stdio.h>
#include <wchar.h>
#include <float.h>

int main(int argc, char** argv)
{
  (void)argv;
#ifndef strlcpy
  return ((int*)(&strlcpy))[argc];
#else
  (void)argc;
  return 0;
#endif
}
Determining if the strlcat exist failed with the following output:
Change Dir: /home/peter/Downloads/git/School/IZG/Project/build/CMakeFiles/CMakeTmp

Run Build Command(s):/usr/bin/make cmTC_97dbf/fast && /usr/bin/make -f CMakeFiles/cmTC_97dbf.dir/build.make CMakeFiles/cmTC_97dbf.dir/build
make[1]: Entering directory '/home/peter/Downloads/git/School/IZG/Project/build/CMakeFiles/CMakeTmp'
Building C object CMakeFiles/cmTC_97dbf.dir/CheckSymbolExists.c.o
/usr/bin/cc   -g -O3 -idirafter "/home/peter/Downloads/git/School/IZG/Project/libs/SDL2-2.0.14/src/video/khronos"    -o CMakeFiles/cmTC_97dbf.dir/CheckSymbolExists.c.o   -c /home/peter/Downloads/git/School/IZG/Project/build/CMakeFiles/CMakeTmp/CheckSymbolExists.c
/home/peter/Downloads/git/School/IZG/Project/build/CMakeFiles/CMakeTmp/CheckSymbolExists.c: In function ‘main’:
/home/peter/Downloads/git/School/IZG/Project/build/CMakeFiles/CMakeTmp/CheckSymbolExists.c:14:19: error: ‘strlcat’ undeclared (first use in this function); did you mean ‘strncat’?
   14 |   return ((int*)(&strlcat))[argc];
      |                   ^~~~~~~
      |                   strncat
/home/peter/Downloads/git/School/IZG/Project/build/CMakeFiles/CMakeTmp/CheckSymbolExists.c:14:19: note: each undeclared identifier is reported only once for each function it appears in
make[1]: *** [CMakeFiles/cmTC_97dbf.dir/build.make:66: CMakeFiles/cmTC_97dbf.dir/CheckSymbolExists.c.o] Error 1
make[1]: Leaving directory '/home/peter/Downloads/git/School/IZG/Project/build/CMakeFiles/CMakeTmp'
make: *** [Makefile:121: cmTC_97dbf/fast] Error 2


File /home/peter/Downloads/git/School/IZG/Project/build/CMakeFiles/CMakeTmp/CheckSymbolExists.c:
/* */
#include <stddef.h>
#include <stdarg.h>
#include <stdlib.h>
#include <string.h>
#include <stdio.h>
#include <wchar.h>
#include <float.h>

int main(int argc, char** argv)
{
  (void)argv;
#ifndef strlcat
  return ((int*)(&strlcat))[argc];
#else
  (void)argc;
  return 0;
#endif
}
Determining if the _strrev exist failed with the following output:
Change Dir: /home/peter/Downloads/git/School/IZG/Project/build/CMakeFiles/CMakeTmp

Run Build Command(s):/usr/bin/make cmTC_9b22f/fast && /usr/bin/make -f CMakeFiles/cmTC_9b22f.dir/build.make CMakeFiles/cmTC_9b22f.dir/build
make[1]: Entering directory '/home/peter/Downloads/git/School/IZG/Project/build/CMakeFiles/CMakeTmp'
Building C object CMakeFiles/cmTC_9b22f.dir/CheckSymbolExists.c.o
/usr/bin/cc   -g -O3 -idirafter "/home/peter/Downloads/git/School/IZG/Project/libs/SDL2-2.0.14/src/video/khronos"    -o CMakeFiles/cmTC_9b22f.dir/CheckSymbolExists.c.o   -c /home/peter/Downloads/git/School/IZG/Project/build/CMakeFiles/CMakeTmp/CheckSymbolExists.c
/home/peter/Downloads/git/School/IZG/Project/build/CMakeFiles/CMakeTmp/CheckSymbolExists.c: In function ‘main’:
/home/peter/Downloads/git/School/IZG/Project/build/CMakeFiles/CMakeTmp/CheckSymbolExists.c:14:19: error: ‘_strrev’ undeclared (first use in this function)
   14 |   return ((int*)(&_strrev))[argc];
      |                   ^~~~~~~
/home/peter/Downloads/git/School/IZG/Project/build/CMakeFiles/CMakeTmp/CheckSymbolExists.c:14:19: note: each undeclared identifier is reported only once for each function it appears in
make[1]: *** [CMakeFiles/cmTC_9b22f.dir/build.make:66: CMakeFiles/cmTC_9b22f.dir/CheckSymbolExists.c.o] Error 1
make[1]: Leaving directory '/home/peter/Downloads/git/School/IZG/Project/build/CMakeFiles/CMakeTmp'
make: *** [Makefile:121: cmTC_9b22f/fast] Error 2


File /home/peter/Downloads/git/School/IZG/Project/build/CMakeFiles/CMakeTmp/CheckSymbolExists.c:
/* */
#include <stddef.h>
#include <stdarg.h>
#include <stdlib.h>
#include <string.h>
#include <stdio.h>
#include <wchar.h>
#include <float.h>

int main(int argc, char** argv)
{
  (void)argv;
#ifndef _strrev
  return ((int*)(&_strrev))[argc];
#else
  (void)argc;
  return 0;
#endif
}
Determining if the _strupr exist failed with the following output:
Change Dir: /home/peter/Downloads/git/School/IZG/Project/build/CMakeFiles/CMakeTmp

Run Build Command(s):/usr/bin/make cmTC_a262d/fast && /usr/bin/make -f CMakeFiles/cmTC_a262d.dir/build.make CMakeFiles/cmTC_a262d.dir/build
make[1]: Entering directory '/home/peter/Downloads/git/School/IZG/Project/build/CMakeFiles/CMakeTmp'
Building C object CMakeFiles/cmTC_a262d.dir/CheckSymbolExists.c.o
/usr/bin/cc   -g -O3 -idirafter "/home/peter/Downloads/git/School/IZG/Project/libs/SDL2-2.0.14/src/video/khronos"    -o CMakeFiles/cmTC_a262d.dir/CheckSymbolExists.c.o   -c /home/peter/Downloads/git/School/IZG/Project/build/CMakeFiles/CMakeTmp/CheckSymbolExists.c
/home/peter/Downloads/git/School/IZG/Project/build/CMakeFiles/CMakeTmp/CheckSymbolExists.c: In function ‘main’:
/home/peter/Downloads/git/School/IZG/Project/build/CMakeFiles/CMakeTmp/CheckSymbolExists.c:14:19: error: ‘_strupr’ undeclared (first use in this function)
   14 |   return ((int*)(&_strupr))[argc];
      |                   ^~~~~~~
/home/peter/Downloads/git/School/IZG/Project/build/CMakeFiles/CMakeTmp/CheckSymbolExists.c:14:19: note: each undeclared identifier is reported only once for each function it appears in
make[1]: *** [CMakeFiles/cmTC_a262d.dir/build.make:66: CMakeFiles/cmTC_a262d.dir/CheckSymbolExists.c.o] Error 1
make[1]: Leaving directory '/home/peter/Downloads/git/School/IZG/Project/build/CMakeFiles/CMakeTmp'
make: *** [Makefile:121: cmTC_a262d/fast] Error 2


File /home/peter/Downloads/git/School/IZG/Project/build/CMakeFiles/CMakeTmp/CheckSymbolExists.c:
/* */
#include <stddef.h>
#include <stdarg.h>
#include <stdlib.h>
#include <string.h>
#include <stdio.h>
#include <wchar.h>
#include <float.h>

int main(int argc, char** argv)
{
  (void)argv;
#ifndef _strupr
  return ((int*)(&_strupr))[argc];
#else
  (void)argc;
  return 0;
#endif
}
Determining if the _strlwr exist failed with the following output:
Change Dir: /home/peter/Downloads/git/School/IZG/Project/build/CMakeFiles/CMakeTmp

Run Build Command(s):/usr/bin/make cmTC_60f0f/fast && /usr/bin/make -f CMakeFiles/cmTC_60f0f.dir/build.make CMakeFiles/cmTC_60f0f.dir/build
make[1]: Entering directory '/home/peter/Downloads/git/School/IZG/Project/build/CMakeFiles/CMakeTmp'
Building C object CMakeFiles/cmTC_60f0f.dir/CheckSymbolExists.c.o
/usr/bin/cc   -g -O3 -idirafter "/home/peter/Downloads/git/School/IZG/Project/libs/SDL2-2.0.14/src/video/khronos"    -o CMakeFiles/cmTC_60f0f.dir/CheckSymbolExists.c.o   -c /home/peter/Downloads/git/School/IZG/Project/build/CMakeFiles/CMakeTmp/CheckSymbolExists.c
/home/peter/Downloads/git/School/IZG/Project/build/CMakeFiles/CMakeTmp/CheckSymbolExists.c: In function ‘main’:
/home/peter/Downloads/git/School/IZG/Project/build/CMakeFiles/CMakeTmp/CheckSymbolExists.c:14:19: error: ‘_strlwr’ undeclared (first use in this function)
   14 |   return ((int*)(&_strlwr))[argc];
      |                   ^~~~~~~
/home/peter/Downloads/git/School/IZG/Project/build/CMakeFiles/CMakeTmp/CheckSymbolExists.c:14:19: note: each undeclared identifier is reported only once for each function it appears in
make[1]: *** [CMakeFiles/cmTC_60f0f.dir/build.make:66: CMakeFiles/cmTC_60f0f.dir/CheckSymbolExists.c.o] Error 1
make[1]: Leaving directory '/home/peter/Downloads/git/School/IZG/Project/build/CMakeFiles/CMakeTmp'
make: *** [Makefile:121: cmTC_60f0f/fast] Error 2


File /home/peter/Downloads/git/School/IZG/Project/build/CMakeFiles/CMakeTmp/CheckSymbolExists.c:
/* */
#include <stddef.h>
#include <stdarg.h>
#include <stdlib.h>
#include <string.h>
#include <stdio.h>
#include <wchar.h>
#include <float.h>

int main(int argc, char** argv)
{
  (void)argv;
#ifndef _strlwr
  return ((int*)(&_strlwr))[argc];
#else
  (void)argc;
  return 0;
#endif
}
Determining if the itoa exist failed with the following output:
Change Dir: /home/peter/Downloads/git/School/IZG/Project/build/CMakeFiles/CMakeTmp

Run Build Command(s):/usr/bin/make cmTC_04112/fast && /usr/bin/make -f CMakeFiles/cmTC_04112.dir/build.make CMakeFiles/cmTC_04112.dir/build
make[1]: Entering directory '/home/peter/Downloads/git/School/IZG/Project/build/CMakeFiles/CMakeTmp'
Building C object CMakeFiles/cmTC_04112.dir/CheckSymbolExists.c.o
/usr/bin/cc   -g -O3 -idirafter "/home/peter/Downloads/git/School/IZG/Project/libs/SDL2-2.0.14/src/video/khronos"    -o CMakeFiles/cmTC_04112.dir/CheckSymbolExists.c.o   -c /home/peter/Downloads/git/School/IZG/Project/build/CMakeFiles/CMakeTmp/CheckSymbolExists.c
/home/peter/Downloads/git/School/IZG/Project/build/CMakeFiles/CMakeTmp/CheckSymbolExists.c: In function ‘main’:
/home/peter/Downloads/git/School/IZG/Project/build/CMakeFiles/CMakeTmp/CheckSymbolExists.c:14:19: error: ‘itoa’ undeclared (first use in this function)
   14 |   return ((int*)(&itoa))[argc];
      |                   ^~~~
/home/peter/Downloads/git/School/IZG/Project/build/CMakeFiles/CMakeTmp/CheckSymbolExists.c:14:19: note: each undeclared identifier is reported only once for each function it appears in
make[1]: *** [CMakeFiles/cmTC_04112.dir/build.make:66: CMakeFiles/cmTC_04112.dir/CheckSymbolExists.c.o] Error 1
make[1]: Leaving directory '/home/peter/Downloads/git/School/IZG/Project/build/CMakeFiles/CMakeTmp'
make: *** [Makefile:121: cmTC_04112/fast] Error 2


File /home/peter/Downloads/git/School/IZG/Project/build/CMakeFiles/CMakeTmp/CheckSymbolExists.c:
/* */
#include <stddef.h>
#include <stdarg.h>
#include <stdlib.h>
#include <string.h>
#include <stdio.h>
#include <wchar.h>
#include <float.h>

int main(int argc, char** argv)
{
  (void)argv;
#ifndef itoa
  return ((int*)(&itoa))[argc];
#else
  (void)argc;
  return 0;
#endif
}
Determining if the _ltoa exist failed with the following output:
Change Dir: /home/peter/Downloads/git/School/IZG/Project/build/CMakeFiles/CMakeTmp

Run Build Command(s):/usr/bin/make cmTC_95f5a/fast && /usr/bin/make -f CMakeFiles/cmTC_95f5a.dir/build.make CMakeFiles/cmTC_95f5a.dir/build
make[1]: Entering directory '/home/peter/Downloads/git/School/IZG/Project/build/CMakeFiles/CMakeTmp'
Building C object CMakeFiles/cmTC_95f5a.dir/CheckSymbolExists.c.o
/usr/bin/cc   -g -O3 -idirafter "/home/peter/Downloads/git/School/IZG/Project/libs/SDL2-2.0.14/src/video/khronos"    -o CMakeFiles/cmTC_95f5a.dir/CheckSymbolExists.c.o   -c /home/peter/Downloads/git/School/IZG/Project/build/CMakeFiles/CMakeTmp/CheckSymbolExists.c
/home/peter/Downloads/git/School/IZG/Project/build/CMakeFiles/CMakeTmp/CheckSymbolExists.c: In function ‘main’:
/home/peter/Downloads/git/School/IZG/Project/build/CMakeFiles/CMakeTmp/CheckSymbolExists.c:14:19: error: ‘_ltoa’ undeclared (first use in this function)
   14 |   return ((int*)(&_ltoa))[argc];
      |                   ^~~~~
/home/peter/Downloads/git/School/IZG/Project/build/CMakeFiles/CMakeTmp/CheckSymbolExists.c:14:19: note: each undeclared identifier is reported only once for each function it appears in
make[1]: *** [CMakeFiles/cmTC_95f5a.dir/build.make:66: CMakeFiles/cmTC_95f5a.dir/CheckSymbolExists.c.o] Error 1
make[1]: Leaving directory '/home/peter/Downloads/git/School/IZG/Project/build/CMakeFiles/CMakeTmp'
make: *** [Makefile:121: cmTC_95f5a/fast] Error 2


File /home/peter/Downloads/git/School/IZG/Project/build/CMakeFiles/CMakeTmp/CheckSymbolExists.c:
/* */
#include <stddef.h>
#include <stdarg.h>
#include <stdlib.h>
#include <string.h>
#include <stdio.h>
#include <wchar.h>
#include <float.h>

int main(int argc, char** argv)
{
  (void)argv;
#ifndef _ltoa
  return ((int*)(&_ltoa))[argc];
#else
  (void)argc;
  return 0;
#endif
}
Determining if the _uitoa exist failed with the following output:
Change Dir: /home/peter/Downloads/git/School/IZG/Project/build/CMakeFiles/CMakeTmp

Run Build Command(s):/usr/bin/make cmTC_3f57f/fast && /usr/bin/make -f CMakeFiles/cmTC_3f57f.dir/build.make CMakeFiles/cmTC_3f57f.dir/build
make[1]: Entering directory '/home/peter/Downloads/git/School/IZG/Project/build/CMakeFiles/CMakeTmp'
Building C object CMakeFiles/cmTC_3f57f.dir/CheckSymbolExists.c.o
/usr/bin/cc   -g -O3 -idirafter "/home/peter/Downloads/git/School/IZG/Project/libs/SDL2-2.0.14/src/video/khronos"    -o CMakeFiles/cmTC_3f57f.dir/CheckSymbolExists.c.o   -c /home/peter/Downloads/git/School/IZG/Project/build/CMakeFiles/CMakeTmp/CheckSymbolExists.c
/home/peter/Downloads/git/School/IZG/Project/build/CMakeFiles/CMakeTmp/CheckSymbolExists.c: In function ‘main’:
/home/peter/Downloads/git/School/IZG/Project/build/CMakeFiles/CMakeTmp/CheckSymbolExists.c:14:19: error: ‘_uitoa’ undeclared (first use in this function)
   14 |   return ((int*)(&_uitoa))[argc];
      |                   ^~~~~~
/home/peter/Downloads/git/School/IZG/Project/build/CMakeFiles/CMakeTmp/CheckSymbolExists.c:14:19: note: each undeclared identifier is reported only once for each function it appears in
make[1]: *** [CMakeFiles/cmTC_3f57f.dir/build.make:66: CMakeFiles/cmTC_3f57f.dir/CheckSymbolExists.c.o] Error 1
make[1]: Leaving directory '/home/peter/Downloads/git/School/IZG/Project/build/CMakeFiles/CMakeTmp'
make: *** [Makefile:121: cmTC_3f57f/fast] Error 2


File /home/peter/Downloads/git/School/IZG/Project/build/CMakeFiles/CMakeTmp/CheckSymbolExists.c:
/* */
#include <stddef.h>
#include <stdarg.h>
#include <stdlib.h>
#include <string.h>
#include <stdio.h>
#include <wchar.h>
#include <float.h>

int main(int argc, char** argv)
{
  (void)argv;
#ifndef _uitoa
  return ((int*)(&_uitoa))[argc];
#else
  (void)argc;
  return 0;
#endif
}
Determining if the _ultoa exist failed with the following output:
Change Dir: /home/peter/Downloads/git/School/IZG/Project/build/CMakeFiles/CMakeTmp

Run Build Command(s):/usr/bin/make cmTC_15361/fast && /usr/bin/make -f CMakeFiles/cmTC_15361.dir/build.make CMakeFiles/cmTC_15361.dir/build
make[1]: Entering directory '/home/peter/Downloads/git/School/IZG/Project/build/CMakeFiles/CMakeTmp'
Building C object CMakeFiles/cmTC_15361.dir/CheckSymbolExists.c.o
/usr/bin/cc   -g -O3 -idirafter "/home/peter/Downloads/git/School/IZG/Project/libs/SDL2-2.0.14/src/video/khronos"    -o CMakeFiles/cmTC_15361.dir/CheckSymbolExists.c.o   -c /home/peter/Downloads/git/School/IZG/Project/build/CMakeFiles/CMakeTmp/CheckSymbolExists.c
/home/peter/Downloads/git/School/IZG/Project/build/CMakeFiles/CMakeTmp/CheckSymbolExists.c: In function ‘main’:
/home/peter/Downloads/git/School/IZG/Project/build/CMakeFiles/CMakeTmp/CheckSymbolExists.c:14:19: error: ‘_ultoa’ undeclared (first use in this function)
   14 |   return ((int*)(&_ultoa))[argc];
      |                   ^~~~~~
/home/peter/Downloads/git/School/IZG/Project/build/CMakeFiles/CMakeTmp/CheckSymbolExists.c:14:19: note: each undeclared identifier is reported only once for each function it appears in
make[1]: *** [CMakeFiles/cmTC_15361.dir/build.make:66: CMakeFiles/cmTC_15361.dir/CheckSymbolExists.c.o] Error 1
make[1]: Leaving directory '/home/peter/Downloads/git/School/IZG/Project/build/CMakeFiles/CMakeTmp'
make: *** [Makefile:121: cmTC_15361/fast] Error 2


File /home/peter/Downloads/git/School/IZG/Project/build/CMakeFiles/CMakeTmp/CheckSymbolExists.c:
/* */
#include <stddef.h>
#include <stdarg.h>
#include <stdlib.h>
#include <string.h>
#include <stdio.h>
#include <wchar.h>
#include <float.h>

int main(int argc, char** argv)
{
  (void)argv;
#ifndef _ultoa
  return ((int*)(&_ultoa))[argc];
#else
  (void)argc;
  return 0;
#endif
}
Determining if the _i64toa exist failed with the following output:
Change Dir: /home/peter/Downloads/git/School/IZG/Project/build/CMakeFiles/CMakeTmp

Run Build Command(s):/usr/bin/make cmTC_b396e/fast && /usr/bin/make -f CMakeFiles/cmTC_b396e.dir/build.make CMakeFiles/cmTC_b396e.dir/build
make[1]: Entering directory '/home/peter/Downloads/git/School/IZG/Project/build/CMakeFiles/CMakeTmp'
Building C object CMakeFiles/cmTC_b396e.dir/CheckSymbolExists.c.o
/usr/bin/cc   -g -O3 -idirafter "/home/peter/Downloads/git/School/IZG/Project/libs/SDL2-2.0.14/src/video/khronos"    -o CMakeFiles/cmTC_b396e.dir/CheckSymbolExists.c.o   -c /home/peter/Downloads/git/School/IZG/Project/build/CMakeFiles/CMakeTmp/CheckSymbolExists.c
/home/peter/Downloads/git/School/IZG/Project/build/CMakeFiles/CMakeTmp/CheckSymbolExists.c: In function ‘main’:
/home/peter/Downloads/git/School/IZG/Project/build/CMakeFiles/CMakeTmp/CheckSymbolExists.c:14:19: error: ‘_i64toa’ undeclared (first use in this function)
   14 |   return ((int*)(&_i64toa))[argc];
      |                   ^~~~~~~
/home/peter/Downloads/git/School/IZG/Project/build/CMakeFiles/CMakeTmp/CheckSymbolExists.c:14:19: note: each undeclared identifier is reported only once for each function it appears in
make[1]: *** [CMakeFiles/cmTC_b396e.dir/build.make:66: CMakeFiles/cmTC_b396e.dir/CheckSymbolExists.c.o] Error 1
make[1]: Leaving directory '/home/peter/Downloads/git/School/IZG/Project/build/CMakeFiles/CMakeTmp'
make: *** [Makefile:121: cmTC_b396e/fast] Error 2


File /home/peter/Downloads/git/School/IZG/Project/build/CMakeFiles/CMakeTmp/CheckSymbolExists.c:
/* */
#include <stddef.h>
#include <stdarg.h>
#include <stdlib.h>
#include <string.h>
#include <stdio.h>
#include <wchar.h>
#include <float.h>

int main(int argc, char** argv)
{
  (void)argv;
#ifndef _i64toa
  return ((int*)(&_i64toa))[argc];
#else
  (void)argc;
  return 0;
#endif
}
Determining if the _ui64toa exist failed with the following output:
Change Dir: /home/peter/Downloads/git/School/IZG/Project/build/CMakeFiles/CMakeTmp

Run Build Command(s):/usr/bin/make cmTC_66753/fast && /usr/bin/make -f CMakeFiles/cmTC_66753.dir/build.make CMakeFiles/cmTC_66753.dir/build
make[1]: Entering directory '/home/peter/Downloads/git/School/IZG/Project/build/CMakeFiles/CMakeTmp'
Building C object CMakeFiles/cmTC_66753.dir/CheckSymbolExists.c.o
/usr/bin/cc   -g -O3 -idirafter "/home/peter/Downloads/git/School/IZG/Project/libs/SDL2-2.0.14/src/video/khronos"    -o CMakeFiles/cmTC_66753.dir/CheckSymbolExists.c.o   -c /home/peter/Downloads/git/School/IZG/Project/build/CMakeFiles/CMakeTmp/CheckSymbolExists.c
/home/peter/Downloads/git/School/IZG/Project/build/CMakeFiles/CMakeTmp/CheckSymbolExists.c: In function ‘main’:
/home/peter/Downloads/git/School/IZG/Project/build/CMakeFiles/CMakeTmp/CheckSymbolExists.c:14:19: error: ‘_ui64toa’ undeclared (first use in this function)
   14 |   return ((int*)(&_ui64toa))[argc];
      |                   ^~~~~~~~
/home/peter/Downloads/git/School/IZG/Project/build/CMakeFiles/CMakeTmp/CheckSymbolExists.c:14:19: note: each undeclared identifier is reported only once for each function it appears in
make[1]: *** [CMakeFiles/cmTC_66753.dir/build.make:66: CMakeFiles/cmTC_66753.dir/CheckSymbolExists.c.o] Error 1
make[1]: Leaving directory '/home/peter/Downloads/git/School/IZG/Project/build/CMakeFiles/CMakeTmp'
make: *** [Makefile:121: cmTC_66753/fast] Error 2


File /home/peter/Downloads/git/School/IZG/Project/build/CMakeFiles/CMakeTmp/CheckSymbolExists.c:
/* */
#include <stddef.h>
#include <stdarg.h>
#include <stdlib.h>
#include <string.h>
#include <stdio.h>
#include <wchar.h>
#include <float.h>

int main(int argc, char** argv)
{
  (void)argv;
#ifndef _ui64toa
  return ((int*)(&_ui64toa))[argc];
#else
  (void)argc;
  return 0;
#endif
}
Determining if the _stricmp exist failed with the following output:
Change Dir: /home/peter/Downloads/git/School/IZG/Project/build/CMakeFiles/CMakeTmp

Run Build Command(s):/usr/bin/make cmTC_7201d/fast && /usr/bin/make -f CMakeFiles/cmTC_7201d.dir/build.make CMakeFiles/cmTC_7201d.dir/build
make[1]: Entering directory '/home/peter/Downloads/git/School/IZG/Project/build/CMakeFiles/CMakeTmp'
Building C object CMakeFiles/cmTC_7201d.dir/CheckSymbolExists.c.o
/usr/bin/cc   -g -O3 -idirafter "/home/peter/Downloads/git/School/IZG/Project/libs/SDL2-2.0.14/src/video/khronos"    -o CMakeFiles/cmTC_7201d.dir/CheckSymbolExists.c.o   -c /home/peter/Downloads/git/School/IZG/Project/build/CMakeFiles/CMakeTmp/CheckSymbolExists.c
/home/peter/Downloads/git/School/IZG/Project/build/CMakeFiles/CMakeTmp/CheckSymbolExists.c: In function ‘main’:
/home/peter/Downloads/git/School/IZG/Project/build/CMakeFiles/CMakeTmp/CheckSymbolExists.c:14:19: error: ‘_stricmp’ undeclared (first use in this function); did you mean ‘strncmp’?
   14 |   return ((int*)(&_stricmp))[argc];
      |                   ^~~~~~~~
      |                   strncmp
/home/peter/Downloads/git/School/IZG/Project/build/CMakeFiles/CMakeTmp/CheckSymbolExists.c:14:19: note: each undeclared identifier is reported only once for each function it appears in
make[1]: *** [CMakeFiles/cmTC_7201d.dir/build.make:66: CMakeFiles/cmTC_7201d.dir/CheckSymbolExists.c.o] Error 1
make[1]: Leaving directory '/home/peter/Downloads/git/School/IZG/Project/build/CMakeFiles/CMakeTmp'
make: *** [Makefile:121: cmTC_7201d/fast] Error 2


File /home/peter/Downloads/git/School/IZG/Project/build/CMakeFiles/CMakeTmp/CheckSymbolExists.c:
/* */
#include <stddef.h>
#include <stdarg.h>
#include <stdlib.h>
#include <string.h>
#include <stdio.h>
#include <wchar.h>
#include <float.h>

int main(int argc, char** argv)
{
  (void)argv;
#ifndef _stricmp
  return ((int*)(&_stricmp))[argc];
#else
  (void)argc;
  return 0;
#endif
}
Determining if the _strnicmp exist failed with the following output:
Change Dir: /home/peter/Downloads/git/School/IZG/Project/build/CMakeFiles/CMakeTmp

Run Build Command(s):/usr/bin/make cmTC_16699/fast && /usr/bin/make -f CMakeFiles/cmTC_16699.dir/build.make CMakeFiles/cmTC_16699.dir/build
make[1]: Entering directory '/home/peter/Downloads/git/School/IZG/Project/build/CMakeFiles/CMakeTmp'
Building C object CMakeFiles/cmTC_16699.dir/CheckSymbolExists.c.o
/usr/bin/cc   -g -O3 -idirafter "/home/peter/Downloads/git/School/IZG/Project/libs/SDL2-2.0.14/src/video/khronos"    -o CMakeFiles/cmTC_16699.dir/CheckSymbolExists.c.o   -c /home/peter/Downloads/git/School/IZG/Project/build/CMakeFiles/CMakeTmp/CheckSymbolExists.c
/home/peter/Downloads/git/School/IZG/Project/build/CMakeFiles/CMakeTmp/CheckSymbolExists.c: In function ‘main’:
/home/peter/Downloads/git/School/IZG/Project/build/CMakeFiles/CMakeTmp/CheckSymbolExists.c:14:19: error: ‘_strnicmp’ undeclared (first use in this function); did you mean ‘strncmp’?
   14 |   return ((int*)(&_strnicmp))[argc];
      |                   ^~~~~~~~~
      |                   strncmp
/home/peter/Downloads/git/School/IZG/Project/build/CMakeFiles/CMakeTmp/CheckSymbolExists.c:14:19: note: each undeclared identifier is reported only once for each function it appears in
make[1]: *** [CMakeFiles/cmTC_16699.dir/build.make:66: CMakeFiles/cmTC_16699.dir/CheckSymbolExists.c.o] Error 1
make[1]: Leaving directory '/home/peter/Downloads/git/School/IZG/Project/build/CMakeFiles/CMakeTmp'
make: *** [Makefile:121: cmTC_16699/fast] Error 2


File /home/peter/Downloads/git/School/IZG/Project/build/CMakeFiles/CMakeTmp/CheckSymbolExists.c:
/* */
#include <stddef.h>
#include <stdarg.h>
#include <stdlib.h>
#include <string.h>
#include <stdio.h>
#include <wchar.h>
#include <float.h>

int main(int argc, char** argv)
{
  (void)argv;
#ifndef _strnicmp
  return ((int*)(&_strnicmp))[argc];
#else
  (void)argc;
  return 0;
#endif
}
Determining if the wcslcat exist failed with the following output:
Change Dir: /home/peter/Downloads/git/School/IZG/Project/build/CMakeFiles/CMakeTmp

Run Build Command(s):/usr/bin/make cmTC_e5848/fast && /usr/bin/make -f CMakeFiles/cmTC_e5848.dir/build.make CMakeFiles/cmTC_e5848.dir/build
make[1]: Entering directory '/home/peter/Downloads/git/School/IZG/Project/build/CMakeFiles/CMakeTmp'
Building C object CMakeFiles/cmTC_e5848.dir/CheckSymbolExists.c.o
/usr/bin/cc   -g -O3 -idirafter "/home/peter/Downloads/git/School/IZG/Project/libs/SDL2-2.0.14/src/video/khronos"    -o CMakeFiles/cmTC_e5848.dir/CheckSymbolExists.c.o   -c /home/peter/Downloads/git/School/IZG/Project/build/CMakeFiles/CMakeTmp/CheckSymbolExists.c
/home/peter/Downloads/git/School/IZG/Project/build/CMakeFiles/CMakeTmp/CheckSymbolExists.c: In function ‘main’:
/home/peter/Downloads/git/School/IZG/Project/build/CMakeFiles/CMakeTmp/CheckSymbolExists.c:14:19: error: ‘wcslcat’ undeclared (first use in this function); did you mean ‘wcsncat’?
   14 |   return ((int*)(&wcslcat))[argc];
      |                   ^~~~~~~
      |                   wcsncat
/home/peter/Downloads/git/School/IZG/Project/build/CMakeFiles/CMakeTmp/CheckSymbolExists.c:14:19: note: each undeclared identifier is reported only once for each function it appears in
make[1]: *** [CMakeFiles/cmTC_e5848.dir/build.make:66: CMakeFiles/cmTC_e5848.dir/CheckSymbolExists.c.o] Error 1
make[1]: Leaving directory '/home/peter/Downloads/git/School/IZG/Project/build/CMakeFiles/CMakeTmp'
make: *** [Makefile:121: cmTC_e5848/fast] Error 2


File /home/peter/Downloads/git/School/IZG/Project/build/CMakeFiles/CMakeTmp/CheckSymbolExists.c:
/* */
#include <stddef.h>
#include <stdarg.h>
#include <stdlib.h>
#include <string.h>
#include <stdio.h>
#include <wchar.h>
#include <float.h>

int main(int argc, char** argv)
{
  (void)argv;
#ifndef wcslcat
  return ((int*)(&wcslcat))[argc];
#else
  (void)argc;
  return 0;
#endif
}
Determining if the wcslcpy exist failed with the following output:
Change Dir: /home/peter/Downloads/git/School/IZG/Project/build/CMakeFiles/CMakeTmp

Run Build Command(s):/usr/bin/make cmTC_e3c16/fast && /usr/bin/make -f CMakeFiles/cmTC_e3c16.dir/build.make CMakeFiles/cmTC_e3c16.dir/build
make[1]: Entering directory '/home/peter/Downloads/git/School/IZG/Project/build/CMakeFiles/CMakeTmp'
Building C object CMakeFiles/cmTC_e3c16.dir/CheckSymbolExists.c.o
/usr/bin/cc   -g -O3 -idirafter "/home/peter/Downloads/git/School/IZG/Project/libs/SDL2-2.0.14/src/video/khronos"    -o CMakeFiles/cmTC_e3c16.dir/CheckSymbolExists.c.o   -c /home/peter/Downloads/git/School/IZG/Project/build/CMakeFiles/CMakeTmp/CheckSymbolExists.c
/home/peter/Downloads/git/School/IZG/Project/build/CMakeFiles/CMakeTmp/CheckSymbolExists.c: In function ‘main’:
/home/peter/Downloads/git/School/IZG/Project/build/CMakeFiles/CMakeTmp/CheckSymbolExists.c:14:19: error: ‘wcslcpy’ undeclared (first use in this function); did you mean ‘wcsncpy’?
   14 |   return ((int*)(&wcslcpy))[argc];
      |                   ^~~~~~~
      |                   wcsncpy
/home/peter/Downloads/git/School/IZG/Project/build/CMakeFiles/CMakeTmp/CheckSymbolExists.c:14:19: note: each undeclared identifier is reported only once for each function it appears in
make[1]: *** [CMakeFiles/cmTC_e3c16.dir/build.make:66: CMakeFiles/cmTC_e3c16.dir/CheckSymbolExists.c.o] Error 1
make[1]: Leaving directory '/home/peter/Downloads/git/School/IZG/Project/build/CMakeFiles/CMakeTmp'
make: *** [Makefile:121: cmTC_e3c16/fast] Error 2


File /home/peter/Downloads/git/School/IZG/Project/build/CMakeFiles/CMakeTmp/CheckSymbolExists.c:
/* */
#include <stddef.h>
#include <stdarg.h>
#include <stdlib.h>
#include <string.h>
#include <stdio.h>
#include <wchar.h>
#include <float.h>

int main(int argc, char** argv)
{
  (void)argv;
#ifndef wcslcpy
  return ((int*)(&wcslcpy))[argc];
#else
  (void)argc;
  return 0;
#endif
}
Determining if the _wcsicmp exist failed with the following output:
Change Dir: /home/peter/Downloads/git/School/IZG/Project/build/CMakeFiles/CMakeTmp

Run Build Command(s):/usr/bin/make cmTC_5d466/fast && /usr/bin/make -f CMakeFiles/cmTC_5d466.dir/build.make CMakeFiles/cmTC_5d466.dir/build
make[1]: Entering directory '/home/peter/Downloads/git/School/IZG/Project/build/CMakeFiles/CMakeTmp'
Building C object CMakeFiles/cmTC_5d466.dir/CheckSymbolExists.c.o
/usr/bin/cc   -g -O3 -idirafter "/home/peter/Downloads/git/School/IZG/Project/libs/SDL2-2.0.14/src/video/khronos"    -o CMakeFiles/cmTC_5d466.dir/CheckSymbolExists.c.o   -c /home/peter/Downloads/git/School/IZG/Project/build/CMakeFiles/CMakeTmp/CheckSymbolExists.c
/home/peter/Downloads/git/School/IZG/Project/build/CMakeFiles/CMakeTmp/CheckSymbolExists.c: In function ‘main’:
/home/peter/Downloads/git/School/IZG/Project/build/CMakeFiles/CMakeTmp/CheckSymbolExists.c:14:19: error: ‘_wcsicmp’ undeclared (first use in this function); did you mean ‘wcsncmp’?
   14 |   return ((int*)(&_wcsicmp))[argc];
      |                   ^~~~~~~~
      |                   wcsncmp
/home/peter/Downloads/git/School/IZG/Project/build/CMakeFiles/CMakeTmp/CheckSymbolExists.c:14:19: note: each undeclared identifier is reported only once for each function it appears in
make[1]: *** [CMakeFiles/cmTC_5d466.dir/build.make:66: CMakeFiles/cmTC_5d466.dir/CheckSymbolExists.c.o] Error 1
make[1]: Leaving directory '/home/peter/Downloads/git/School/IZG/Project/build/CMakeFiles/CMakeTmp'
make: *** [Makefile:121: cmTC_5d466/fast] Error 2


File /home/peter/Downloads/git/School/IZG/Project/build/CMakeFiles/CMakeTmp/CheckSymbolExists.c:
/* */
#include <stddef.h>
#include <stdarg.h>
#include <stdlib.h>
#include <string.h>
#include <stdio.h>
#include <wchar.h>
#include <float.h>

int main(int argc, char** argv)
{
  (void)argv;
#ifndef _wcsicmp
  return ((int*)(&_wcsicmp))[argc];
#else
  (void)argc;
  return 0;
#endif
}
Determining if the _wcsnicmp exist failed with the following output:
Change Dir: /home/peter/Downloads/git/School/IZG/Project/build/CMakeFiles/CMakeTmp

Run Build Command(s):/usr/bin/make cmTC_9398d/fast && /usr/bin/make -f CMakeFiles/cmTC_9398d.dir/build.make CMakeFiles/cmTC_9398d.dir/build
make[1]: Entering directory '/home/peter/Downloads/git/School/IZG/Project/build/CMakeFiles/CMakeTmp'
Building C object CMakeFiles/cmTC_9398d.dir/CheckSymbolExists.c.o
/usr/bin/cc   -g -O3 -idirafter "/home/peter/Downloads/git/School/IZG/Project/libs/SDL2-2.0.14/src/video/khronos"    -o CMakeFiles/cmTC_9398d.dir/CheckSymbolExists.c.o   -c /home/peter/Downloads/git/School/IZG/Project/build/CMakeFiles/CMakeTmp/CheckSymbolExists.c
/home/peter/Downloads/git/School/IZG/Project/build/CMakeFiles/CMakeTmp/CheckSymbolExists.c: In function ‘main’:
/home/peter/Downloads/git/School/IZG/Project/build/CMakeFiles/CMakeTmp/CheckSymbolExists.c:14:19: error: ‘_wcsnicmp’ undeclared (first use in this function); did you mean ‘wcsncmp’?
   14 |   return ((int*)(&_wcsnicmp))[argc];
      |                   ^~~~~~~~~
      |                   wcsncmp
/home/peter/Downloads/git/School/IZG/Project/build/CMakeFiles/CMakeTmp/CheckSymbolExists.c:14:19: note: each undeclared identifier is reported only once for each function it appears in
make[1]: *** [CMakeFiles/cmTC_9398d.dir/build.make:66: CMakeFiles/cmTC_9398d.dir/CheckSymbolExists.c.o] Error 1
make[1]: Leaving directory '/home/peter/Downloads/git/School/IZG/Project/build/CMakeFiles/CMakeTmp'
make: *** [Makefile:121: cmTC_9398d/fast] Error 2


File /home/peter/Downloads/git/School/IZG/Project/build/CMakeFiles/CMakeTmp/CheckSymbolExists.c:
/* */
#include <stddef.h>
#include <stdarg.h>
#include <stdlib.h>
#include <string.h>
#include <stdio.h>
#include <wchar.h>
#include <float.h>

int main(int argc, char** argv)
{
  (void)argv;
#ifndef _wcsnicmp
  return ((int*)(&_wcsnicmp))[argc];
#else
  (void)argc;
  return 0;
#endif
}
Determining if the fopen64 exist failed with the following output:
Change Dir: /home/peter/Downloads/git/School/IZG/Project/build/CMakeFiles/CMakeTmp

Run Build Command(s):/usr/bin/make cmTC_2e090/fast && /usr/bin/make -f CMakeFiles/cmTC_2e090.dir/build.make CMakeFiles/cmTC_2e090.dir/build
make[1]: Entering directory '/home/peter/Downloads/git/School/IZG/Project/build/CMakeFiles/CMakeTmp'
Building C object CMakeFiles/cmTC_2e090.dir/CheckSymbolExists.c.o
/usr/bin/cc   -g -O3 -idirafter "/home/peter/Downloads/git/School/IZG/Project/libs/SDL2-2.0.14/src/video/khronos"    -o CMakeFiles/cmTC_2e090.dir/CheckSymbolExists.c.o   -c /home/peter/Downloads/git/School/IZG/Project/build/CMakeFiles/CMakeTmp/CheckSymbolExists.c
/home/peter/Downloads/git/School/IZG/Project/build/CMakeFiles/CMakeTmp/CheckSymbolExists.c: In function ‘main’:
/home/peter/Downloads/git/School/IZG/Project/build/CMakeFiles/CMakeTmp/CheckSymbolExists.c:14:19: error: ‘fopen64’ undeclared (first use in this function); did you mean ‘fopen’?
   14 |   return ((int*)(&fopen64))[argc];
      |                   ^~~~~~~
      |                   fopen
/home/peter/Downloads/git/School/IZG/Project/build/CMakeFiles/CMakeTmp/CheckSymbolExists.c:14:19: note: each undeclared identifier is reported only once for each function it appears in
make[1]: *** [CMakeFiles/cmTC_2e090.dir/build.make:66: CMakeFiles/cmTC_2e090.dir/CheckSymbolExists.c.o] Error 1
make[1]: Leaving directory '/home/peter/Downloads/git/School/IZG/Project/build/CMakeFiles/CMakeTmp'
make: *** [Makefile:121: cmTC_2e090/fast] Error 2


File /home/peter/Downloads/git/School/IZG/Project/build/CMakeFiles/CMakeTmp/CheckSymbolExists.c:
/* */
#include <stddef.h>
#include <stdarg.h>
#include <stdlib.h>
#include <string.h>
#include <stdio.h>
#include <wchar.h>
#include <float.h>

int main(int argc, char** argv)
{
  (void)argv;
#ifndef fopen64
  return ((int*)(&fopen64))[argc];
#else
  (void)argc;
  return 0;
#endif
}
Determining if the fseeko64 exist failed with the following output:
Change Dir: /home/peter/Downloads/git/School/IZG/Project/build/CMakeFiles/CMakeTmp

Run Build Command(s):/usr/bin/make cmTC_e7e25/fast && /usr/bin/make -f CMakeFiles/cmTC_e7e25.dir/build.make CMakeFiles/cmTC_e7e25.dir/build
make[1]: Entering directory '/home/peter/Downloads/git/School/IZG/Project/build/CMakeFiles/CMakeTmp'
Building C object CMakeFiles/cmTC_e7e25.dir/CheckSymbolExists.c.o
/usr/bin/cc   -g -O3 -idirafter "/home/peter/Downloads/git/School/IZG/Project/libs/SDL2-2.0.14/src/video/khronos"    -o CMakeFiles/cmTC_e7e25.dir/CheckSymbolExists.c.o   -c /home/peter/Downloads/git/School/IZG/Project/build/CMakeFiles/CMakeTmp/CheckSymbolExists.c
/home/peter/Downloads/git/School/IZG/Project/build/CMakeFiles/CMakeTmp/CheckSymbolExists.c: In function ‘main’:
/home/peter/Downloads/git/School/IZG/Project/build/CMakeFiles/CMakeTmp/CheckSymbolExists.c:14:19: error: ‘fseeko64’ undeclared (first use in this function); did you mean ‘fseeko’?
   14 |   return ((int*)(&fseeko64))[argc];
      |                   ^~~~~~~~
      |                   fseeko
/home/peter/Downloads/git/School/IZG/Project/build/CMakeFiles/CMakeTmp/CheckSymbolExists.c:14:19: note: each undeclared identifier is reported only once for each function it appears in
make[1]: *** [CMakeFiles/cmTC_e7e25.dir/build.make:66: CMakeFiles/cmTC_e7e25.dir/CheckSymbolExists.c.o] Error 1
make[1]: Leaving directory '/home/peter/Downloads/git/School/IZG/Project/build/CMakeFiles/CMakeTmp'
make: *** [Makefile:121: cmTC_e7e25/fast] Error 2


File /home/peter/Downloads/git/School/IZG/Project/build/CMakeFiles/CMakeTmp/CheckSymbolExists.c:
/* */
#include <stddef.h>
#include <stdarg.h>
#include <stdlib.h>
#include <string.h>
#include <stdio.h>
#include <wchar.h>
#include <float.h>

int main(int argc, char** argv)
{
  (void)argv;
#ifndef fseeko64
  return ((int*)(&fseeko64))[argc];
#else
  (void)argc;
  return 0;
#endif
}
Determining if the sysctlbyname exist failed with the following output:
Change Dir: /home/peter/Downloads/git/School/IZG/Project/build/CMakeFiles/CMakeTmp

Run Build Command(s):/usr/bin/make cmTC_f055f/fast && /usr/bin/make -f CMakeFiles/cmTC_f055f.dir/build.make CMakeFiles/cmTC_f055f.dir/build
make[1]: Entering directory '/home/peter/Downloads/git/School/IZG/Project/build/CMakeFiles/CMakeTmp'
Building C object CMakeFiles/cmTC_f055f.dir/CheckSymbolExists.c.o
/usr/bin/cc   -g -O3 -idirafter "/home/peter/Downloads/git/School/IZG/Project/libs/SDL2-2.0.14/src/video/khronos"    -o CMakeFiles/cmTC_f055f.dir/CheckSymbolExists.c.o   -c /home/peter/Downloads/git/School/IZG/Project/build/CMakeFiles/CMakeTmp/CheckSymbolExists.c
In file included from /home/peter/Downloads/git/School/IZG/Project/build/CMakeFiles/CMakeTmp/CheckSymbolExists.c:3:
/usr/include/x86_64-linux-gnu/sys/sysctl.h:21:2: warning: #warning "The <sys/sysctl.h> header is deprecated and will be removed." [-Wcpp]
   21 | #warning "The <sys/sysctl.h> header is deprecated and will be removed."
      |  ^~~~~~~
/home/peter/Downloads/git/School/IZG/Project/build/CMakeFiles/CMakeTmp/CheckSymbolExists.c: In function ‘main’:
/home/peter/Downloads/git/School/IZG/Project/build/CMakeFiles/CMakeTmp/CheckSymbolExists.c:9:19: error: ‘sysctlbyname’ undeclared (first use in this function)
    9 |   return ((int*)(&sysctlbyname))[argc];
      |                   ^~~~~~~~~~~~
/home/peter/Downloads/git/School/IZG/Project/build/CMakeFiles/CMakeTmp/CheckSymbolExists.c:9:19: note: each undeclared identifier is reported only once for each function it appears in
make[1]: *** [CMakeFiles/cmTC_f055f.dir/build.make:66: CMakeFiles/cmTC_f055f.dir/CheckSymbolExists.c.o] Error 1
make[1]: Leaving directory '/home/peter/Downloads/git/School/IZG/Project/build/CMakeFiles/CMakeTmp'
make: *** [Makefile:121: cmTC_f055f/fast] Error 2


File /home/peter/Downloads/git/School/IZG/Project/build/CMakeFiles/CMakeTmp/CheckSymbolExists.c:
/* */
#include <sys/types.h>
#include <sys/sysctl.h>

int main(int argc, char** argv)
{
  (void)argv;
#ifndef sysctlbyname
  return ((int*)(&sysctlbyname))[argc];
#else
  (void)argc;
  return 0;
#endif
}
Determining if the elf_aux_info exist failed with the following output:
Change Dir: /home/peter/Downloads/git/School/IZG/Project/build/CMakeFiles/CMakeTmp

Run Build Command(s):/usr/bin/make cmTC_021a2/fast && /usr/bin/make -f CMakeFiles/cmTC_021a2.dir/build.make CMakeFiles/cmTC_021a2.dir/build
make[1]: Entering directory '/home/peter/Downloads/git/School/IZG/Project/build/CMakeFiles/CMakeTmp'
Building C object CMakeFiles/cmTC_021a2.dir/CheckSymbolExists.c.o
/usr/bin/cc   -g -O3 -idirafter "/home/peter/Downloads/git/School/IZG/Project/libs/SDL2-2.0.14/src/video/khronos"    -o CMakeFiles/cmTC_021a2.dir/CheckSymbolExists.c.o   -c /home/peter/Downloads/git/School/IZG/Project/build/CMakeFiles/CMakeTmp/CheckSymbolExists.c
/home/peter/Downloads/git/School/IZG/Project/build/CMakeFiles/CMakeTmp/CheckSymbolExists.c: In function ‘main’:
/home/peter/Downloads/git/School/IZG/Project/build/CMakeFiles/CMakeTmp/CheckSymbolExists.c:8:19: error: ‘elf_aux_info’ undeclared (first use in this function)
    8 |   return ((int*)(&elf_aux_info))[argc];
      |                   ^~~~~~~~~~~~
/home/peter/Downloads/git/School/IZG/Project/build/CMakeFiles/CMakeTmp/CheckSymbolExists.c:8:19: note: each undeclared identifier is reported only once for each function it appears in
make[1]: *** [CMakeFiles/cmTC_021a2.dir/build.make:66: CMakeFiles/cmTC_021a2.dir/CheckSymbolExists.c.o] Error 1
make[1]: Leaving directory '/home/peter/Downloads/git/School/IZG/Project/build/CMakeFiles/CMakeTmp'
make: *** [Makefile:121: cmTC_021a2/fast] Error 2


File /home/peter/Downloads/git/School/IZG/Project/build/CMakeFiles/CMakeTmp/CheckSymbolExists.c:
/* */
#include <sys/auxv.h>

int main(int argc, char** argv)
{
  (void)argv;
#ifndef elf_aux_info
  return ((int*)(&elf_aux_info))[argc];
#else
  (void)argc;
  return 0;
#endif
}
Determining if the function iconv_open exists in the iconv failed with the following output:
Change Dir: /home/peter/Downloads/git/School/IZG/Project/build/CMakeFiles/CMakeTmp

Run Build Command(s):/usr/bin/make cmTC_eee48/fast && /usr/bin/make -f CMakeFiles/cmTC_eee48.dir/build.make CMakeFiles/cmTC_eee48.dir/build
make[1]: Entering directory '/home/peter/Downloads/git/School/IZG/Project/build/CMakeFiles/CMakeTmp'
Building C object CMakeFiles/cmTC_eee48.dir/CheckFunctionExists.c.o
/usr/bin/cc   -g -O3 -idirafter "/home/peter/Downloads/git/School/IZG/Project/libs/SDL2-2.0.14/src/video/khronos" -DCHECK_FUNCTION_EXISTS=iconv_open   -o CMakeFiles/cmTC_eee48.dir/CheckFunctionExists.c.o   -c /usr/share/cmake-3.16/Modules/CheckFunctionExists.c
Linking C executable cmTC_eee48
/usr/bin/cmake -E cmake_link_script CMakeFiles/cmTC_eee48.dir/link.txt --verbose=1
/usr/bin/cc -g -O3 -idirafter "/home/peter/Downloads/git/School/IZG/Project/libs/SDL2-2.0.14/src/video/khronos" -DCHECK_FUNCTION_EXISTS=iconv_open    -rdynamic CMakeFiles/cmTC_eee48.dir/CheckFunctionExists.c.o  -o cmTC_eee48  -liconv 
/usr/bin/ld: cannot find -liconv
collect2: error: ld returned 1 exit status
make[1]: *** [CMakeFiles/cmTC_eee48.dir/build.make:87: cmTC_eee48] Error 1
make[1]: Leaving directory '/home/peter/Downloads/git/School/IZG/Project/build/CMakeFiles/CMakeTmp'
make: *** [Makefile:121: cmTC_eee48/fast] Error 2



Determining if the alloca exist failed with the following output:
Change Dir: /home/peter/Downloads/git/School/IZG/Project/build/CMakeFiles/CMakeTmp

Run Build Command(s):/usr/bin/make cmTC_6f4a7/fast && /usr/bin/make -f CMakeFiles/cmTC_6f4a7.dir/build.make CMakeFiles/cmTC_6f4a7.dir/build
make[1]: Entering directory '/home/peter/Downloads/git/School/IZG/Project/build/CMakeFiles/CMakeTmp'
Building C object CMakeFiles/cmTC_6f4a7.dir/CheckSymbolExists.c.o
/usr/bin/cc   -g -O3 -idirafter "/home/peter/Downloads/git/School/IZG/Project/libs/SDL2-2.0.14/src/video/khronos"    -o CMakeFiles/cmTC_6f4a7.dir/CheckSymbolExists.c.o   -c /home/peter/Downloads/git/School/IZG/Project/build/CMakeFiles/CMakeTmp/CheckSymbolExists.c
/home/peter/Downloads/git/School/IZG/Project/build/CMakeFiles/CMakeTmp/CheckSymbolExists.c: In function ‘main’:
/home/peter/Downloads/git/School/IZG/Project/build/CMakeFiles/CMakeTmp/CheckSymbolExists.c:8:19: error: ‘alloca’ undeclared (first use in this function); did you mean ‘valloc’?
    8 |   return ((int*)(&alloca))[argc];
      |                   ^~~~~~
      |                   valloc
/home/peter/Downloads/git/School/IZG/Project/build/CMakeFiles/CMakeTmp/CheckSymbolExists.c:8:19: note: each undeclared identifier is reported only once for each function it appears in
make[1]: *** [CMakeFiles/cmTC_6f4a7.dir/build.make:66: CMakeFiles/cmTC_6f4a7.dir/CheckSymbolExists.c.o] Error 1
make[1]: Leaving directory '/home/peter/Downloads/git/School/IZG/Project/build/CMakeFiles/CMakeTmp'
make: *** [Makefile:121: cmTC_6f4a7/fast] Error 2


File /home/peter/Downloads/git/School/IZG/Project/build/CMakeFiles/CMakeTmp/CheckSymbolExists.c:
/* */
#include <malloc.h>

int main(int argc, char** argv)
{
  (void)argv;
#ifndef alloca
  return ((int*)(&alloca))[argc];
#else
  (void)argc;
  return 0;
#endif
}
Determining if the dlopen exist failed with the following output:
Change Dir: /home/peter/Downloads/git/School/IZG/Project/build/CMakeFiles/CMakeTmp

Run Build Command(s):/usr/bin/make cmTC_b750d/fast && /usr/bin/make -f CMakeFiles/cmTC_b750d.dir/build.make CMakeFiles/cmTC_b750d.dir/build
make[1]: Entering directory '/home/peter/Downloads/git/School/IZG/Project/build/CMakeFiles/CMakeTmp'
Building C object CMakeFiles/cmTC_b750d.dir/CheckSymbolExists.c.o
/usr/bin/cc   -g -O3 -idirafter "/home/peter/Downloads/git/School/IZG/Project/libs/SDL2-2.0.14/src/video/khronos"    -o CMakeFiles/cmTC_b750d.dir/CheckSymbolExists.c.o   -c /home/peter/Downloads/git/School/IZG/Project/build/CMakeFiles/CMakeTmp/CheckSymbolExists.c
Linking C executable cmTC_b750d
/usr/bin/cmake -E cmake_link_script CMakeFiles/cmTC_b750d.dir/link.txt --verbose=1
/usr/bin/cc -g -O3 -idirafter "/home/peter/Downloads/git/School/IZG/Project/libs/SDL2-2.0.14/src/video/khronos"     -rdynamic CMakeFiles/cmTC_b750d.dir/CheckSymbolExists.c.o  -o cmTC_b750d 
/usr/bin/ld: CMakeFiles/cmTC_b750d.dir/CheckSymbolExists.c.o: in function `main':
/home/peter/Downloads/git/School/IZG/Project/build/CMakeFiles/CMakeTmp/CheckSymbolExists.c:8: undefined reference to `dlopen'
collect2: error: ld returned 1 exit status
make[1]: *** [CMakeFiles/cmTC_b750d.dir/build.make:87: cmTC_b750d] Error 1
make[1]: Leaving directory '/home/peter/Downloads/git/School/IZG/Project/build/CMakeFiles/CMakeTmp'
make: *** [Makefile:121: cmTC_b750d/fast] Error 2


File /home/peter/Downloads/git/School/IZG/Project/build/CMakeFiles/CMakeTmp/CheckSymbolExists.c:
/* */
#include <dlfcn.h>

int main(int argc, char** argv)
{
  (void)argv;
#ifndef dlopen
  return ((int*)(&dlopen))[argc];
#else
  (void)argc;
  return 0;
#endif
}
Determining if the include file audio/audiolib.h exists failed with the following output:
Change Dir: /home/peter/Downloads/git/School/IZG/Project/build/CMakeFiles/CMakeTmp

Run Build Command(s):/usr/bin/make cmTC_3ef1e/fast && /usr/bin/make -f CMakeFiles/cmTC_3ef1e.dir/build.make CMakeFiles/cmTC_3ef1e.dir/build
make[1]: Entering directory '/home/peter/Downloads/git/School/IZG/Project/build/CMakeFiles/CMakeTmp'
Building C object CMakeFiles/cmTC_3ef1e.dir/CheckIncludeFile.c.o
/usr/bin/cc   -g -O3 -idirafter "/home/peter/Downloads/git/School/IZG/Project/libs/SDL2-2.0.14/src/video/khronos"    -o CMakeFiles/cmTC_3ef1e.dir/CheckIncludeFile.c.o   -c /home/peter/Downloads/git/School/IZG/Project/build/CMakeFiles/CMakeTmp/CheckIncludeFile.c
/home/peter/Downloads/git/School/IZG/Project/build/CMakeFiles/CMakeTmp/CheckIncludeFile.c:1:10: fatal error: audio/audiolib.h: No such file or directory
    1 | #include <audio/audiolib.h>
      |          ^~~~~~~~~~~~~~~~~~
compilation terminated.
make[1]: *** [CMakeFiles/cmTC_3ef1e.dir/build.make:66: CMakeFiles/cmTC_3ef1e.dir/CheckIncludeFile.c.o] Error 1
make[1]: Leaving directory '/home/peter/Downloads/git/School/IZG/Project/build/CMakeFiles/CMakeTmp'
make: *** [Makefile:121: cmTC_3ef1e/fast] Error 2



Determining if the include file sndio.h exists failed with the following output:
Change Dir: /home/peter/Downloads/git/School/IZG/Project/build/CMakeFiles/CMakeTmp

Run Build Command(s):/usr/bin/make cmTC_199ed/fast && /usr/bin/make -f CMakeFiles/cmTC_199ed.dir/build.make CMakeFiles/cmTC_199ed.dir/build
make[1]: Entering directory '/home/peter/Downloads/git/School/IZG/Project/build/CMakeFiles/CMakeTmp'
Building C object CMakeFiles/cmTC_199ed.dir/CheckIncludeFile.c.o
/usr/bin/cc   -g -O3 -idirafter "/home/peter/Downloads/git/School/IZG/Project/libs/SDL2-2.0.14/src/video/khronos"    -o CMakeFiles/cmTC_199ed.dir/CheckIncludeFile.c.o   -c /home/peter/Downloads/git/School/IZG/Project/build/CMakeFiles/CMakeTmp/CheckIncludeFile.c
/home/peter/Downloads/git/School/IZG/Project/build/CMakeFiles/CMakeTmp/CheckIncludeFile.c:1:10: fatal error: sndio.h: No such file or directory
    1 | #include <sndio.h>
      |          ^~~~~~~~~
compilation terminated.
make[1]: *** [CMakeFiles/cmTC_199ed.dir/build.make:66: CMakeFiles/cmTC_199ed.dir/CheckIncludeFile.c.o] Error 1
make[1]: Leaving directory '/home/peter/Downloads/git/School/IZG/Project/build/CMakeFiles/CMakeTmp'
make: *** [Makefile:121: cmTC_199ed/fast] Error 2



Determining if the include file samplerate.h exists failed with the following output:
Change Dir: /home/peter/Downloads/git/School/IZG/Project/build/CMakeFiles/CMakeTmp

Run Build Command(s):/usr/bin/make cmTC_79355/fast && /usr/bin/make -f CMakeFiles/cmTC_79355.dir/build.make CMakeFiles/cmTC_79355.dir/build
make[1]: Entering directory '/home/peter/Downloads/git/School/IZG/Project/build/CMakeFiles/CMakeTmp'
Building C object CMakeFiles/cmTC_79355.dir/CheckIncludeFile.c.o
/usr/bin/cc   -g -O3 -idirafter "/home/peter/Downloads/git/School/IZG/Project/libs/SDL2-2.0.14/src/video/khronos"    -o CMakeFiles/cmTC_79355.dir/CheckIncludeFile.c.o   -c /home/peter/Downloads/git/School/IZG/Project/build/CMakeFiles/CMakeTmp/CheckIncludeFile.c
/home/peter/Downloads/git/School/IZG/Project/build/CMakeFiles/CMakeTmp/CheckIncludeFile.c:1:10: fatal error: samplerate.h: No such file or directory
    1 | #include <samplerate.h>
      |          ^~~~~~~~~~~~~~
compilation terminated.
make[1]: *** [CMakeFiles/cmTC_79355.dir/build.make:66: CMakeFiles/cmTC_79355.dir/CheckIncludeFile.c.o] Error 1
make[1]: Leaving directory '/home/peter/Downloads/git/School/IZG/Project/build/CMakeFiles/CMakeTmp'
make: *** [Makefile:121: cmTC_79355/fast] Error 2



Performing C SOURCE FILE Test HAVE_VIDEO_RPI failed with the following output:
Change Dir: /home/peter/Downloads/git/School/IZG/Project/build/CMakeFiles/CMakeTmp

Run Build Command(s):/usr/bin/make cmTC_2ba9c/fast && /usr/bin/make -f CMakeFiles/cmTC_2ba9c.dir/build.make CMakeFiles/cmTC_2ba9c.dir/build
make[1]: Entering directory '/home/peter/Downloads/git/School/IZG/Project/build/CMakeFiles/CMakeTmp'
Building C object CMakeFiles/cmTC_2ba9c.dir/src.c.o
/usr/bin/cc   -g -O3 -idirafter "/home/peter/Downloads/git/School/IZG/Project/libs/SDL2-2.0.14/src/video/khronos" -DHAVE_VIDEO_RPI  -I/opt/vc/include/interface/vmcs_host/linux/ -I/opt/vc/include/interface/vcos/pthreads -I/opt/vc/include  -L/opt/vc/lib   -std=gnu99 -o CMakeFiles/cmTC_2ba9c.dir/src.c.o   -c /home/peter/Downloads/git/School/IZG/Project/build/CMakeFiles/CMakeTmp/src.c
/home/peter/Downloads/git/School/IZG/Project/build/CMakeFiles/CMakeTmp/src.c:2:18: fatal error: bcm_host.h: No such file or directory
    2 |         #include <bcm_host.h>
      |                  ^~~~~~~~~~~~
compilation terminated.
make[1]: *** [CMakeFiles/cmTC_2ba9c.dir/build.make:66: CMakeFiles/cmTC_2ba9c.dir/src.c.o] Error 1
make[1]: Leaving directory '/home/peter/Downloads/git/School/IZG/Project/build/CMakeFiles/CMakeTmp'
make: *** [Makefile:121: cmTC_2ba9c/fast] Error 2


Source file was:

        #include <bcm_host.h>
        int main(int argc, char **argv) {}
Determining if the include file X11/Xcursor/Xcursor.h exists failed with the following output:
Change Dir: /home/peter/Downloads/git/School/IZG/Project/build/CMakeFiles/CMakeTmp

Run Build Command(s):/usr/bin/make cmTC_d93ba/fast && /usr/bin/make -f CMakeFiles/cmTC_d93ba.dir/build.make CMakeFiles/cmTC_d93ba.dir/build
make[1]: Entering directory '/home/peter/Downloads/git/School/IZG/Project/build/CMakeFiles/CMakeTmp'
Building C object CMakeFiles/cmTC_d93ba.dir/CheckIncludeFile.c.o
/usr/bin/cc   -g -O3 -idirafter "/home/peter/Downloads/git/School/IZG/Project/libs/SDL2-2.0.14/src/video/khronos"    -o CMakeFiles/cmTC_d93ba.dir/CheckIncludeFile.c.o   -c /home/peter/Downloads/git/School/IZG/Project/build/CMakeFiles/CMakeTmp/CheckIncludeFile.c
/home/peter/Downloads/git/School/IZG/Project/build/CMakeFiles/CMakeTmp/CheckIncludeFile.c:1:10: fatal error: X11/Xcursor/Xcursor.h: No such file or directory
    1 | #include <X11/Xcursor/Xcursor.h>
      |          ^~~~~~~~~~~~~~~~~~~~~~~
compilation terminated.
make[1]: *** [CMakeFiles/cmTC_d93ba.dir/build.make:66: CMakeFiles/cmTC_d93ba.dir/CheckIncludeFile.c.o] Error 1
make[1]: Leaving directory '/home/peter/Downloads/git/School/IZG/Project/build/CMakeFiles/CMakeTmp'
make: *** [Makefile:121: cmTC_d93ba/fast] Error 2



Determining if the include file X11/extensions/Xinerama.h exists failed with the following output:
Change Dir: /home/peter/Downloads/git/School/IZG/Project/build/CMakeFiles/CMakeTmp

Run Build Command(s):/usr/bin/make cmTC_35439/fast && /usr/bin/make -f CMakeFiles/cmTC_35439.dir/build.make CMakeFiles/cmTC_35439.dir/build
make[1]: Entering directory '/home/peter/Downloads/git/School/IZG/Project/build/CMakeFiles/CMakeTmp'
Building C object CMakeFiles/cmTC_35439.dir/CheckIncludeFile.c.o
/usr/bin/cc   -g -O3 -idirafter "/home/peter/Downloads/git/School/IZG/Project/libs/SDL2-2.0.14/src/video/khronos"    -o CMakeFiles/cmTC_35439.dir/CheckIncludeFile.c.o   -c /home/peter/Downloads/git/School/IZG/Project/build/CMakeFiles/CMakeTmp/CheckIncludeFile.c
/home/peter/Downloads/git/School/IZG/Project/build/CMakeFiles/CMakeTmp/CheckIncludeFile.c:1:10: fatal error: X11/extensions/Xinerama.h: No such file or directory
    1 | #include <X11/extensions/Xinerama.h>
      |          ^~~~~~~~~~~~~~~~~~~~~~~~~~~
compilation terminated.
make[1]: *** [CMakeFiles/cmTC_35439.dir/build.make:66: CMakeFiles/cmTC_35439.dir/CheckIncludeFile.c.o] Error 1
make[1]: Leaving directory '/home/peter/Downloads/git/School/IZG/Project/build/CMakeFiles/CMakeTmp'
make: *** [Makefile:121: cmTC_35439/fast] Error 2



Determining if the include file X11/extensions/XInput2.h exists failed with the following output:
Change Dir: /home/peter/Downloads/git/School/IZG/Project/build/CMakeFiles/CMakeTmp

Run Build Command(s):/usr/bin/make cmTC_22e63/fast && /usr/bin/make -f CMakeFiles/cmTC_22e63.dir/build.make CMakeFiles/cmTC_22e63.dir/build
make[1]: Entering directory '/home/peter/Downloads/git/School/IZG/Project/build/CMakeFiles/CMakeTmp'
Building C object CMakeFiles/cmTC_22e63.dir/CheckIncludeFile.c.o
/usr/bin/cc   -g -O3 -idirafter "/home/peter/Downloads/git/School/IZG/Project/libs/SDL2-2.0.14/src/video/khronos"    -o CMakeFiles/cmTC_22e63.dir/CheckIncludeFile.c.o   -c /home/peter/Downloads/git/School/IZG/Project/build/CMakeFiles/CMakeTmp/CheckIncludeFile.c
/home/peter/Downloads/git/School/IZG/Project/build/CMakeFiles/CMakeTmp/CheckIncludeFile.c:1:10: fatal error: X11/extensions/XInput2.h: No such file or directory
    1 | #include <X11/extensions/XInput2.h>
      |          ^~~~~~~~~~~~~~~~~~~~~~~~~~
compilation terminated.
make[1]: *** [CMakeFiles/cmTC_22e63.dir/build.make:66: CMakeFiles/cmTC_22e63.dir/CheckIncludeFile.c.o] Error 1
make[1]: Leaving directory '/home/peter/Downloads/git/School/IZG/Project/build/CMakeFiles/CMakeTmp'
make: *** [Makefile:121: cmTC_22e63/fast] Error 2



Determining if the include file X11/extensions/Xrandr.h exists failed with the following output:
Change Dir: /home/peter/Downloads/git/School/IZG/Project/build/CMakeFiles/CMakeTmp

Run Build Command(s):/usr/bin/make cmTC_488df/fast && /usr/bin/make -f CMakeFiles/cmTC_488df.dir/build.make CMakeFiles/cmTC_488df.dir/build
make[1]: Entering directory '/home/peter/Downloads/git/School/IZG/Project/build/CMakeFiles/CMakeTmp'
Building C object CMakeFiles/cmTC_488df.dir/CheckIncludeFile.c.o
/usr/bin/cc   -g -O3 -idirafter "/home/peter/Downloads/git/School/IZG/Project/libs/SDL2-2.0.14/src/video/khronos"    -o CMakeFiles/cmTC_488df.dir/CheckIncludeFile.c.o   -c /home/peter/Downloads/git/School/IZG/Project/build/CMakeFiles/CMakeTmp/CheckIncludeFile.c
/home/peter/Downloads/git/School/IZG/Project/build/CMakeFiles/CMakeTmp/CheckIncludeFile.c:1:10: fatal error: X11/extensions/Xrandr.h: No such file or directory
    1 | #include <X11/extensions/Xrandr.h>
      |          ^~~~~~~~~~~~~~~~~~~~~~~~~
compilation terminated.
make[1]: *** [CMakeFiles/cmTC_488df.dir/build.make:66: CMakeFiles/cmTC_488df.dir/CheckIncludeFile.c.o] Error 1
make[1]: Leaving directory '/home/peter/Downloads/git/School/IZG/Project/build/CMakeFiles/CMakeTmp'
make: *** [Makefile:121: cmTC_488df/fast] Error 2



Determining if the include file X11/extensions/Xrender.h exists failed with the following output:
Change Dir: /home/peter/Downloads/git/School/IZG/Project/build/CMakeFiles/CMakeTmp

Run Build Command(s):/usr/bin/make cmTC_36ac0/fast && /usr/bin/make -f CMakeFiles/cmTC_36ac0.dir/build.make CMakeFiles/cmTC_36ac0.dir/build
make[1]: Entering directory '/home/peter/Downloads/git/School/IZG/Project/build/CMakeFiles/CMakeTmp'
Building C object CMakeFiles/cmTC_36ac0.dir/CheckIncludeFile.c.o
/usr/bin/cc   -g -O3 -idirafter "/home/peter/Downloads/git/School/IZG/Project/libs/SDL2-2.0.14/src/video/khronos"    -o CMakeFiles/cmTC_36ac0.dir/CheckIncludeFile.c.o   -c /home/peter/Downloads/git/School/IZG/Project/build/CMakeFiles/CMakeTmp/CheckIncludeFile.c
/home/peter/Downloads/git/School/IZG/Project/build/CMakeFiles/CMakeTmp/CheckIncludeFile.c:1:10: fatal error: X11/extensions/Xrender.h: No such file or directory
    1 | #include <X11/extensions/Xrender.h>
      |          ^~~~~~~~~~~~~~~~~~~~~~~~~~
compilation terminated.
make[1]: *** [CMakeFiles/cmTC_36ac0.dir/build.make:66: CMakeFiles/cmTC_36ac0.dir/CheckIncludeFile.c.o] Error 1
make[1]: Leaving directory '/home/peter/Downloads/git/School/IZG/Project/build/CMakeFiles/CMakeTmp'
make: *** [Makefile:121: cmTC_36ac0/fast] Error 2



Determining if the include file X11/extensions/scrnsaver.h exists failed with the following output:
Change Dir: /home/peter/Downloads/git/School/IZG/Project/build/CMakeFiles/CMakeTmp

Run Build Command(s):/usr/bin/make cmTC_ae860/fast && /usr/bin/make -f CMakeFiles/cmTC_ae860.dir/build.make CMakeFiles/cmTC_ae860.dir/build
make[1]: Entering directory '/home/peter/Downloads/git/School/IZG/Project/build/CMakeFiles/CMakeTmp'
Building C object CMakeFiles/cmTC_ae860.dir/CheckIncludeFile.c.o
/usr/bin/cc   -g -O3 -idirafter "/home/peter/Downloads/git/School/IZG/Project/libs/SDL2-2.0.14/src/video/khronos"    -o CMakeFiles/cmTC_ae860.dir/CheckIncludeFile.c.o   -c /home/peter/Downloads/git/School/IZG/Project/build/CMakeFiles/CMakeTmp/CheckIncludeFile.c
/home/peter/Downloads/git/School/IZG/Project/build/CMakeFiles/CMakeTmp/CheckIncludeFile.c:1:10: fatal error: X11/extensions/scrnsaver.h: No such file or directory
    1 | #include <X11/extensions/scrnsaver.h>
      |          ^~~~~~~~~~~~~~~~~~~~~~~~~~~~
compilation terminated.
make[1]: *** [CMakeFiles/cmTC_ae860.dir/build.make:66: CMakeFiles/cmTC_ae860.dir/CheckIncludeFile.c.o] Error 1
make[1]: Leaving directory '/home/peter/Downloads/git/School/IZG/Project/build/CMakeFiles/CMakeTmp'
make: *** [Makefile:121: cmTC_ae860/fast] Error 2



Determining if files X11/Xlib.h;X11/extensions/xf86vmode.h exist failed with the following output:
Change Dir: /home/peter/Downloads/git/School/IZG/Project/build/CMakeFiles/CMakeTmp

Run Build Command(s):/usr/bin/make cmTC_e51f0/fast && /usr/bin/make -f CMakeFiles/cmTC_e51f0.dir/build.make CMakeFiles/cmTC_e51f0.dir/build
make[1]: Entering directory '/home/peter/Downloads/git/School/IZG/Project/build/CMakeFiles/CMakeTmp'
Building C object CMakeFiles/cmTC_e51f0.dir/HAVE_XF86VM_H.c.o
/usr/bin/cc   -g -O3 -idirafter "/home/peter/Downloads/git/School/IZG/Project/libs/SDL2-2.0.14/src/video/khronos"    -o CMakeFiles/cmTC_e51f0.dir/HAVE_XF86VM_H.c.o   -c /home/peter/Downloads/git/School/IZG/Project/build/CMakeFiles/CheckIncludeFiles/HAVE_XF86VM_H.c
/home/peter/Downloads/git/School/IZG/Project/build/CMakeFiles/CheckIncludeFiles/HAVE_XF86VM_H.c:3:10: fatal error: X11/extensions/xf86vmode.h: No such file or directory
    3 | #include <X11/extensions/xf86vmode.h>
      |          ^~~~~~~~~~~~~~~~~~~~~~~~~~~~
compilation terminated.
make[1]: *** [CMakeFiles/cmTC_e51f0.dir/build.make:66: CMakeFiles/cmTC_e51f0.dir/HAVE_XF86VM_H.c.o] Error 1
make[1]: Leaving directory '/home/peter/Downloads/git/School/IZG/Project/build/CMakeFiles/CMakeTmp'
make: *** [Makefile:121: cmTC_e51f0/fast] Error 2


Source:
/* */
#include <X11/Xlib.h>
#include <X11/extensions/xf86vmode.h>


int main(void){return 0;}

Performing C SOURCE FILE Test HAVE_VIDEO_VIVANTE_VDK failed with the following output:
Change Dir: /home/peter/Downloads/git/School/IZG/Project/build/CMakeFiles/CMakeTmp

Run Build Command(s):/usr/bin/make cmTC_49335/fast && /usr/bin/make -f CMakeFiles/cmTC_49335.dir/build.make CMakeFiles/cmTC_49335.dir/build
make[1]: Entering directory '/home/peter/Downloads/git/School/IZG/Project/build/CMakeFiles/CMakeTmp'
Building C object CMakeFiles/cmTC_49335.dir/src.c.o
/usr/bin/cc   -g -O3 -idirafter "/home/peter/Downloads/git/School/IZG/Project/libs/SDL2-2.0.14/src/video/khronos" -DHAVE_VIDEO_VIVANTE_VDK   -std=gnu99 -o CMakeFiles/cmTC_49335.dir/src.c.o   -c /home/peter/Downloads/git/School/IZG/Project/build/CMakeFiles/CMakeTmp/src.c
/home/peter/Downloads/git/School/IZG/Project/build/CMakeFiles/CMakeTmp/src.c:2:18: fatal error: gc_vdk.h: No such file or directory
    2 |         #include <gc_vdk.h>
      |                  ^~~~~~~~~~
compilation terminated.
make[1]: *** [CMakeFiles/cmTC_49335.dir/build.make:66: CMakeFiles/cmTC_49335.dir/src.c.o] Error 1
make[1]: Leaving directory '/home/peter/Downloads/git/School/IZG/Project/build/CMakeFiles/CMakeTmp'
make: *** [Makefile:121: cmTC_49335/fast] Error 2


Source file was:

        #include <gc_vdk.h>
        int main(int argc, char** argv) {}
Performing C SOURCE FILE Test HAVE_VIDEO_VIVANTE_EGL_FB failed with the following output:
Change Dir: /home/peter/Downloads/git/School/IZG/Project/build/CMakeFiles/CMakeTmp

Run Build Command(s):/usr/bin/make cmTC_78198/fast && /usr/bin/make -f CMakeFiles/cmTC_78198.dir/build.make CMakeFiles/cmTC_78198.dir/build
make[1]: Entering directory '/home/peter/Downloads/git/School/IZG/Project/build/CMakeFiles/CMakeTmp'
Building C object CMakeFiles/cmTC_78198.dir/src.c.o
/usr/bin/cc   -g -O3 -idirafter "/home/peter/Downloads/git/School/IZG/Project/libs/SDL2-2.0.14/src/video/khronos" -DHAVE_VIDEO_VIVANTE_EGL_FB   -std=gnu99 -o CMakeFiles/cmTC_78198.dir/src.c.o   -c /home/peter/Downloads/git/School/IZG/Project/build/CMakeFiles/CMakeTmp/src.c
/home/peter/Downloads/git/School/IZG/Project/build/CMakeFiles/CMakeTmp/src.c:4:18: fatal error: EGL/eglvivante.h: No such file or directory
    4 |         #include <EGL/eglvivante.h>
      |                  ^~~~~~~~~~~~~~~~~~
compilation terminated.
make[1]: *** [CMakeFiles/cmTC_78198.dir/build.make:66: CMakeFiles/cmTC_78198.dir/src.c.o] Error 1
make[1]: Leaving directory '/home/peter/Downloads/git/School/IZG/Project/build/CMakeFiles/CMakeTmp'
make: *** [Makefile:121: cmTC_78198/fast] Error 2


Source file was:

        #define LINUX
        #define EGL_API_FB
        #include <EGL/eglvivante.h>
        int main(int argc, char** argv) {}
Determining if the include file libudev.h exists failed with the following output:
Change Dir: /home/peter/Downloads/git/School/IZG/Project/build/CMakeFiles/CMakeTmp

Run Build Command(s):/usr/bin/make cmTC_0b969/fast && /usr/bin/make -f CMakeFiles/cmTC_0b969.dir/build.make CMakeFiles/cmTC_0b969.dir/build
make[1]: Entering directory '/home/peter/Downloads/git/School/IZG/Project/build/CMakeFiles/CMakeTmp'
Building C object CMakeFiles/cmTC_0b969.dir/CheckIncludeFile.c.o
/usr/bin/cc   -g -O3 -idirafter "/home/peter/Downloads/git/School/IZG/Project/libs/SDL2-2.0.14/src/video/khronos"     -o CMakeFiles/cmTC_0b969.dir/CheckIncludeFile.c.o   -c /home/peter/Downloads/git/School/IZG/Project/build/CMakeFiles/CMakeTmp/CheckIncludeFile.c
/home/peter/Downloads/git/School/IZG/Project/build/CMakeFiles/CMakeTmp/CheckIncludeFile.c:1:10: fatal error: libudev.h: No such file or directory
    1 | #include <libudev.h>
      |          ^~~~~~~~~~~
compilation terminated.
make[1]: *** [CMakeFiles/cmTC_0b969.dir/build.make:66: CMakeFiles/cmTC_0b969.dir/CheckIncludeFile.c.o] Error 1
make[1]: Leaving directory '/home/peter/Downloads/git/School/IZG/Project/build/CMakeFiles/CMakeTmp'
make: *** [Makefile:121: cmTC_0b969/fast] Error 2



Determining if files pthread_np.h exist failed with the following output:
Change Dir: /home/peter/Downloads/git/School/IZG/Project/build/CMakeFiles/CMakeTmp

Run Build Command(s):/usr/bin/make cmTC_fe7a0/fast && /usr/bin/make -f CMakeFiles/cmTC_fe7a0.dir/build.make CMakeFiles/cmTC_fe7a0.dir/build
make[1]: Entering directory '/home/peter/Downloads/git/School/IZG/Project/build/CMakeFiles/CMakeTmp'
Building C object CMakeFiles/cmTC_fe7a0.dir/HAVE_PTHREAD_NP_H.c.o
/usr/bin/cc   -g -O3 -idirafter "/home/peter/Downloads/git/School/IZG/Project/libs/SDL2-2.0.14/src/video/khronos"   -D_REENTRANT -pthread   -o CMakeFiles/cmTC_fe7a0.dir/HAVE_PTHREAD_NP_H.c.o   -c /home/peter/Downloads/git/School/IZG/Project/build/CMakeFiles/CheckIncludeFiles/HAVE_PTHREAD_NP_H.c
/home/peter/Downloads/git/School/IZG/Project/build/CMakeFiles/CheckIncludeFiles/HAVE_PTHREAD_NP_H.c:2:10: fatal error: pthread_np.h: No such file or directory
    2 | #include <pthread_np.h>
      |          ^~~~~~~~~~~~~~
compilation terminated.
make[1]: *** [CMakeFiles/cmTC_fe7a0.dir/build.make:66: CMakeFiles/cmTC_fe7a0.dir/HAVE_PTHREAD_NP_H.c.o] Error 1
make[1]: Leaving directory '/home/peter/Downloads/git/School/IZG/Project/build/CMakeFiles/CMakeTmp'
make: *** [Makefile:121: cmTC_fe7a0/fast] Error 2


Source:
/* */
#include <pthread_np.h>


int main(void){return 0;}

Determining if the pthread_setname_np exist failed with the following output:
Change Dir: /home/peter/Downloads/git/School/IZG/Project/build/CMakeFiles/CMakeTmp

Run Build Command(s):/usr/bin/make cmTC_fe229/fast && /usr/bin/make -f CMakeFiles/cmTC_fe229.dir/build.make CMakeFiles/cmTC_fe229.dir/build
make[1]: Entering directory '/home/peter/Downloads/git/School/IZG/Project/build/CMakeFiles/CMakeTmp'
Building C object CMakeFiles/cmTC_fe229.dir/CheckSymbolExists.c.o
/usr/bin/cc   -g -O3 -idirafter "/home/peter/Downloads/git/School/IZG/Project/libs/SDL2-2.0.14/src/video/khronos"   -D_REENTRANT -pthread   -o CMakeFiles/cmTC_fe229.dir/CheckSymbolExists.c.o   -c /home/peter/Downloads/git/School/IZG/Project/build/CMakeFiles/CMakeTmp/CheckSymbolExists.c
/home/peter/Downloads/git/School/IZG/Project/build/CMakeFiles/CMakeTmp/CheckSymbolExists.c: In function ‘main’:
/home/peter/Downloads/git/School/IZG/Project/build/CMakeFiles/CMakeTmp/CheckSymbolExists.c:8:19: error: ‘pthread_setname_np’ undeclared (first use in this function); did you mean ‘pthread_setcanceltype’?
    8 |   return ((int*)(&pthread_setname_np))[argc];
      |                   ^~~~~~~~~~~~~~~~~~
      |                   pthread_setcanceltype
/home/peter/Downloads/git/School/IZG/Project/build/CMakeFiles/CMakeTmp/CheckSymbolExists.c:8:19: note: each undeclared identifier is reported only once for each function it appears in
make[1]: *** [CMakeFiles/cmTC_fe229.dir/build.make:66: CMakeFiles/cmTC_fe229.dir/CheckSymbolExists.c.o] Error 1
make[1]: Leaving directory '/home/peter/Downloads/git/School/IZG/Project/build/CMakeFiles/CMakeTmp'
make: *** [Makefile:121: cmTC_fe229/fast] Error 2


File /home/peter/Downloads/git/School/IZG/Project/build/CMakeFiles/CMakeTmp/CheckSymbolExists.c:
/* */
#include <pthread.h>

int main(int argc, char** argv)
{
  (void)argv;
#ifndef pthread_setname_np
  return ((int*)(&pthread_setname_np))[argc];
#else
  (void)argc;
  return 0;
#endif
}
