Performing C SOURCE FILE Test HAVE_GCC_PREFERRED_STACK_BOUNDARY failed with the following output:
Change Dir: /home/peter/Desktop/School/IZG/izg_lab_06/build/CMakeFiles/CMakeTmp

Run Build Command(s):/usr/bin/make -f Makefile cmTC_9ddff/fast && /usr/bin/make  -f CMakeFiles/cmTC_9ddff.dir/build.make CMakeFiles/cmTC_9ddff.dir/build
make[1]: Entering directory '/home/peter/Downloads/git/School/IZG/izg_lab_06/build/CMakeFiles/CMakeTmp'
Building C object CMakeFiles/cmTC_9ddff.dir/src.c.o
/usr/bin/cc -DHAVE_GCC_PREFERRED_STACK_BOUNDARY  -g -O3 -idirafter "/home/peter/Desktop/School/IZG/izg_lab_06/libs/SDL2-2.0.14/src/video/khronos" -mpreferred-stack-boundary=2 -o CMakeFiles/cmTC_9ddff.dir/src.c.o -c /home/peter/Desktop/School/IZG/izg_lab_06/build/CMakeFiles/CMakeTmp/src.c
cc1: error: ‘-mpreferred-stack-boundary=2’ is not between 3 and 12
make[1]: *** [CMakeFiles/cmTC_9ddff.dir/build.make:78: CMakeFiles/cmTC_9ddff.dir/src.c.o] Error 1
make[1]: Leaving directory '/home/peter/Downloads/git/School/IZG/izg_lab_06/build/CMakeFiles/CMakeTmp'
make: *** [Makefile:127: cmTC_9ddff/fast] Error 2


Source file was:
int x = 0; int main(int argc, char **argv) {}
Performing C SOURCE FILE Test HAVE_ALTIVEC_H_HDR failed with the following output:
Change Dir: /home/peter/Desktop/School/IZG/izg_lab_06/build/CMakeFiles/CMakeTmp

Run Build Command(s):/usr/bin/make -f Makefile cmTC_8fb3a/fast && /usr/bin/make  -f CMakeFiles/cmTC_8fb3a.dir/build.make CMakeFiles/cmTC_8fb3a.dir/build
make[1]: Entering directory '/home/peter/Downloads/git/School/IZG/izg_lab_06/build/CMakeFiles/CMakeTmp'
Building C object CMakeFiles/cmTC_8fb3a.dir/src.c.o
/usr/bin/cc -DHAVE_ALTIVEC_H_HDR  -g -O3 -idirafter "/home/peter/Desktop/School/IZG/izg_lab_06/libs/SDL2-2.0.14/src/video/khronos" -maltivec -o CMakeFiles/cmTC_8fb3a.dir/src.c.o -c /home/peter/Desktop/School/IZG/izg_lab_06/build/CMakeFiles/CMakeTmp/src.c
cc: error: unrecognized command line option ‘-maltivec’
make[1]: *** [CMakeFiles/cmTC_8fb3a.dir/build.make:78: CMakeFiles/cmTC_8fb3a.dir/src.c.o] Error 1
make[1]: Leaving directory '/home/peter/Downloads/git/School/IZG/izg_lab_06/build/CMakeFiles/CMakeTmp'
make: *** [Makefile:127: cmTC_8fb3a/fast] Error 2


Source file was:

          #include <altivec.h>
          vector unsigned int vzero() {
              return vec_splat_u32(0);
          }
          int main(int argc, char **argv) { }
Performing C SOURCE FILE Test HAVE_ALTIVEC failed with the following output:
Change Dir: /home/peter/Desktop/School/IZG/izg_lab_06/build/CMakeFiles/CMakeTmp

Run Build Command(s):/usr/bin/make -f Makefile cmTC_9eedf/fast && /usr/bin/make  -f CMakeFiles/cmTC_9eedf.dir/build.make CMakeFiles/cmTC_9eedf.dir/build
make[1]: Entering directory '/home/peter/Downloads/git/School/IZG/izg_lab_06/build/CMakeFiles/CMakeTmp'
Building C object CMakeFiles/cmTC_9eedf.dir/src.c.o
/usr/bin/cc -DHAVE_ALTIVEC  -g -O3 -idirafter "/home/peter/Desktop/School/IZG/izg_lab_06/libs/SDL2-2.0.14/src/video/khronos" -maltivec -o CMakeFiles/cmTC_9eedf.dir/src.c.o -c /home/peter/Desktop/School/IZG/izg_lab_06/build/CMakeFiles/CMakeTmp/src.c
cc: error: unrecognized command line option ‘-maltivec’
make[1]: *** [CMakeFiles/cmTC_9eedf.dir/build.make:78: CMakeFiles/cmTC_9eedf.dir/src.c.o] Error 1
make[1]: Leaving directory '/home/peter/Downloads/git/School/IZG/izg_lab_06/build/CMakeFiles/CMakeTmp'
make: *** [Makefile:127: cmTC_9eedf/fast] Error 2


Source file was:

          vector unsigned int vzero() {
              return vec_splat_u32(0);
          }
          int main(int argc, char **argv) { }
Determining if the include file libunwind.h exists failed with the following output:
Change Dir: /home/peter/Desktop/School/IZG/izg_lab_06/build/CMakeFiles/CMakeTmp

Run Build Command(s):/usr/bin/make -f Makefile cmTC_fdd90/fast && /usr/bin/make  -f CMakeFiles/cmTC_fdd90.dir/build.make CMakeFiles/cmTC_fdd90.dir/build
make[1]: Entering directory '/home/peter/Downloads/git/School/IZG/izg_lab_06/build/CMakeFiles/CMakeTmp'
Building C object CMakeFiles/cmTC_fdd90.dir/CheckIncludeFile.c.o
/usr/bin/cc   -g -O3 -idirafter "/home/peter/Desktop/School/IZG/izg_lab_06/libs/SDL2-2.0.14/src/video/khronos"  -o CMakeFiles/cmTC_fdd90.dir/CheckIncludeFile.c.o -c /home/peter/Desktop/School/IZG/izg_lab_06/build/CMakeFiles/CMakeTmp/CheckIncludeFile.c
/home/peter/Desktop/School/IZG/izg_lab_06/build/CMakeFiles/CMakeTmp/CheckIncludeFile.c:1:10: fatal error: libunwind.h: No such file or directory
    1 | #include <libunwind.h>
      |          ^~~~~~~~~~~~~
compilation terminated.
make[1]: *** [CMakeFiles/cmTC_fdd90.dir/build.make:78: CMakeFiles/cmTC_fdd90.dir/CheckIncludeFile.c.o] Error 1
make[1]: Leaving directory '/home/peter/Downloads/git/School/IZG/izg_lab_06/build/CMakeFiles/CMakeTmp'
make: *** [Makefile:127: cmTC_fdd90/fast] Error 2



Determining if the strlcpy exist failed with the following output:
Change Dir: /home/peter/Desktop/School/IZG/izg_lab_06/build/CMakeFiles/CMakeTmp

Run Build Command(s):/usr/bin/make -f Makefile cmTC_fa12c/fast && /usr/bin/make  -f CMakeFiles/cmTC_fa12c.dir/build.make CMakeFiles/cmTC_fa12c.dir/build
make[1]: Entering directory '/home/peter/Downloads/git/School/IZG/izg_lab_06/build/CMakeFiles/CMakeTmp'
Building C object CMakeFiles/cmTC_fa12c.dir/CheckSymbolExists.c.o
/usr/bin/cc   -g -O3 -idirafter "/home/peter/Desktop/School/IZG/izg_lab_06/libs/SDL2-2.0.14/src/video/khronos"  -o CMakeFiles/cmTC_fa12c.dir/CheckSymbolExists.c.o -c /home/peter/Desktop/School/IZG/izg_lab_06/build/CMakeFiles/CMakeTmp/CheckSymbolExists.c
/home/peter/Desktop/School/IZG/izg_lab_06/build/CMakeFiles/CMakeTmp/CheckSymbolExists.c: In function ‘main’:
/home/peter/Desktop/School/IZG/izg_lab_06/build/CMakeFiles/CMakeTmp/CheckSymbolExists.c:14:19: error: ‘strlcpy’ undeclared (first use in this function); did you mean ‘strncpy’?
   14 |   return ((int*)(&strlcpy))[argc];
      |                   ^~~~~~~
      |                   strncpy
/home/peter/Desktop/School/IZG/izg_lab_06/build/CMakeFiles/CMakeTmp/CheckSymbolExists.c:14:19: note: each undeclared identifier is reported only once for each function it appears in
make[1]: *** [CMakeFiles/cmTC_fa12c.dir/build.make:78: CMakeFiles/cmTC_fa12c.dir/CheckSymbolExists.c.o] Error 1
make[1]: Leaving directory '/home/peter/Downloads/git/School/IZG/izg_lab_06/build/CMakeFiles/CMakeTmp'
make: *** [Makefile:127: cmTC_fa12c/fast] Error 2


File /home/peter/Desktop/School/IZG/izg_lab_06/build/CMakeFiles/CMakeTmp/CheckSymbolExists.c:
/* */
#include <stddef.h>
#include <stdarg.h>
#include <stdlib.h>
#include <string.h>
#include <stdio.h>
#include <wchar.h>
#include <float.h>

int main(int argc, char** argv)
{
  (void)argv;
#ifndef strlcpy
  return ((int*)(&strlcpy))[argc];
#else
  (void)argc;
  return 0;
#endif
}
Determining if the strlcat exist failed with the following output:
Change Dir: /home/peter/Desktop/School/IZG/izg_lab_06/build/CMakeFiles/CMakeTmp

Run Build Command(s):/usr/bin/make -f Makefile cmTC_c01ed/fast && /usr/bin/make  -f CMakeFiles/cmTC_c01ed.dir/build.make CMakeFiles/cmTC_c01ed.dir/build
make[1]: Entering directory '/home/peter/Downloads/git/School/IZG/izg_lab_06/build/CMakeFiles/CMakeTmp'
Building C object CMakeFiles/cmTC_c01ed.dir/CheckSymbolExists.c.o
/usr/bin/cc   -g -O3 -idirafter "/home/peter/Desktop/School/IZG/izg_lab_06/libs/SDL2-2.0.14/src/video/khronos"  -o CMakeFiles/cmTC_c01ed.dir/CheckSymbolExists.c.o -c /home/peter/Desktop/School/IZG/izg_lab_06/build/CMakeFiles/CMakeTmp/CheckSymbolExists.c
/home/peter/Desktop/School/IZG/izg_lab_06/build/CMakeFiles/CMakeTmp/CheckSymbolExists.c: In function ‘main’:
/home/peter/Desktop/School/IZG/izg_lab_06/build/CMakeFiles/CMakeTmp/CheckSymbolExists.c:14:19: error: ‘strlcat’ undeclared (first use in this function); did you mean ‘strncat’?
   14 |   return ((int*)(&strlcat))[argc];
      |                   ^~~~~~~
      |                   strncat
/home/peter/Desktop/School/IZG/izg_lab_06/build/CMakeFiles/CMakeTmp/CheckSymbolExists.c:14:19: note: each undeclared identifier is reported only once for each function it appears in
make[1]: *** [CMakeFiles/cmTC_c01ed.dir/build.make:78: CMakeFiles/cmTC_c01ed.dir/CheckSymbolExists.c.o] Error 1
make[1]: Leaving directory '/home/peter/Downloads/git/School/IZG/izg_lab_06/build/CMakeFiles/CMakeTmp'
make: *** [Makefile:127: cmTC_c01ed/fast] Error 2


File /home/peter/Desktop/School/IZG/izg_lab_06/build/CMakeFiles/CMakeTmp/CheckSymbolExists.c:
/* */
#include <stddef.h>
#include <stdarg.h>
#include <stdlib.h>
#include <string.h>
#include <stdio.h>
#include <wchar.h>
#include <float.h>

int main(int argc, char** argv)
{
  (void)argv;
#ifndef strlcat
  return ((int*)(&strlcat))[argc];
#else
  (void)argc;
  return 0;
#endif
}
Determining if the _strrev exist failed with the following output:
Change Dir: /home/peter/Desktop/School/IZG/izg_lab_06/build/CMakeFiles/CMakeTmp

Run Build Command(s):/usr/bin/make -f Makefile cmTC_33ce6/fast && /usr/bin/make  -f CMakeFiles/cmTC_33ce6.dir/build.make CMakeFiles/cmTC_33ce6.dir/build
make[1]: Entering directory '/home/peter/Downloads/git/School/IZG/izg_lab_06/build/CMakeFiles/CMakeTmp'
Building C object CMakeFiles/cmTC_33ce6.dir/CheckSymbolExists.c.o
/usr/bin/cc   -g -O3 -idirafter "/home/peter/Desktop/School/IZG/izg_lab_06/libs/SDL2-2.0.14/src/video/khronos"  -o CMakeFiles/cmTC_33ce6.dir/CheckSymbolExists.c.o -c /home/peter/Desktop/School/IZG/izg_lab_06/build/CMakeFiles/CMakeTmp/CheckSymbolExists.c
/home/peter/Desktop/School/IZG/izg_lab_06/build/CMakeFiles/CMakeTmp/CheckSymbolExists.c: In function ‘main’:
/home/peter/Desktop/School/IZG/izg_lab_06/build/CMakeFiles/CMakeTmp/CheckSymbolExists.c:14:19: error: ‘_strrev’ undeclared (first use in this function)
   14 |   return ((int*)(&_strrev))[argc];
      |                   ^~~~~~~
/home/peter/Desktop/School/IZG/izg_lab_06/build/CMakeFiles/CMakeTmp/CheckSymbolExists.c:14:19: note: each undeclared identifier is reported only once for each function it appears in
make[1]: *** [CMakeFiles/cmTC_33ce6.dir/build.make:78: CMakeFiles/cmTC_33ce6.dir/CheckSymbolExists.c.o] Error 1
make[1]: Leaving directory '/home/peter/Downloads/git/School/IZG/izg_lab_06/build/CMakeFiles/CMakeTmp'
make: *** [Makefile:127: cmTC_33ce6/fast] Error 2


File /home/peter/Desktop/School/IZG/izg_lab_06/build/CMakeFiles/CMakeTmp/CheckSymbolExists.c:
/* */
#include <stddef.h>
#include <stdarg.h>
#include <stdlib.h>
#include <string.h>
#include <stdio.h>
#include <wchar.h>
#include <float.h>

int main(int argc, char** argv)
{
  (void)argv;
#ifndef _strrev
  return ((int*)(&_strrev))[argc];
#else
  (void)argc;
  return 0;
#endif
}
Determining if the _strupr exist failed with the following output:
Change Dir: /home/peter/Desktop/School/IZG/izg_lab_06/build/CMakeFiles/CMakeTmp

Run Build Command(s):/usr/bin/make -f Makefile cmTC_2ee26/fast && /usr/bin/make  -f CMakeFiles/cmTC_2ee26.dir/build.make CMakeFiles/cmTC_2ee26.dir/build
make[1]: Entering directory '/home/peter/Downloads/git/School/IZG/izg_lab_06/build/CMakeFiles/CMakeTmp'
Building C object CMakeFiles/cmTC_2ee26.dir/CheckSymbolExists.c.o
/usr/bin/cc   -g -O3 -idirafter "/home/peter/Desktop/School/IZG/izg_lab_06/libs/SDL2-2.0.14/src/video/khronos"  -o CMakeFiles/cmTC_2ee26.dir/CheckSymbolExists.c.o -c /home/peter/Desktop/School/IZG/izg_lab_06/build/CMakeFiles/CMakeTmp/CheckSymbolExists.c
/home/peter/Desktop/School/IZG/izg_lab_06/build/CMakeFiles/CMakeTmp/CheckSymbolExists.c: In function ‘main’:
/home/peter/Desktop/School/IZG/izg_lab_06/build/CMakeFiles/CMakeTmp/CheckSymbolExists.c:14:19: error: ‘_strupr’ undeclared (first use in this function)
   14 |   return ((int*)(&_strupr))[argc];
      |                   ^~~~~~~
/home/peter/Desktop/School/IZG/izg_lab_06/build/CMakeFiles/CMakeTmp/CheckSymbolExists.c:14:19: note: each undeclared identifier is reported only once for each function it appears in
make[1]: *** [CMakeFiles/cmTC_2ee26.dir/build.make:78: CMakeFiles/cmTC_2ee26.dir/CheckSymbolExists.c.o] Error 1
make[1]: Leaving directory '/home/peter/Downloads/git/School/IZG/izg_lab_06/build/CMakeFiles/CMakeTmp'
make: *** [Makefile:127: cmTC_2ee26/fast] Error 2


File /home/peter/Desktop/School/IZG/izg_lab_06/build/CMakeFiles/CMakeTmp/CheckSymbolExists.c:
/* */
#include <stddef.h>
#include <stdarg.h>
#include <stdlib.h>
#include <string.h>
#include <stdio.h>
#include <wchar.h>
#include <float.h>

int main(int argc, char** argv)
{
  (void)argv;
#ifndef _strupr
  return ((int*)(&_strupr))[argc];
#else
  (void)argc;
  return 0;
#endif
}
Determining if the _strlwr exist failed with the following output:
Change Dir: /home/peter/Desktop/School/IZG/izg_lab_06/build/CMakeFiles/CMakeTmp

Run Build Command(s):/usr/bin/make -f Makefile cmTC_650d7/fast && /usr/bin/make  -f CMakeFiles/cmTC_650d7.dir/build.make CMakeFiles/cmTC_650d7.dir/build
make[1]: Entering directory '/home/peter/Downloads/git/School/IZG/izg_lab_06/build/CMakeFiles/CMakeTmp'
Building C object CMakeFiles/cmTC_650d7.dir/CheckSymbolExists.c.o
/usr/bin/cc   -g -O3 -idirafter "/home/peter/Desktop/School/IZG/izg_lab_06/libs/SDL2-2.0.14/src/video/khronos"  -o CMakeFiles/cmTC_650d7.dir/CheckSymbolExists.c.o -c /home/peter/Desktop/School/IZG/izg_lab_06/build/CMakeFiles/CMakeTmp/CheckSymbolExists.c
/home/peter/Desktop/School/IZG/izg_lab_06/build/CMakeFiles/CMakeTmp/CheckSymbolExists.c: In function ‘main’:
/home/peter/Desktop/School/IZG/izg_lab_06/build/CMakeFiles/CMakeTmp/CheckSymbolExists.c:14:19: error: ‘_strlwr’ undeclared (first use in this function)
   14 |   return ((int*)(&_strlwr))[argc];
      |                   ^~~~~~~
/home/peter/Desktop/School/IZG/izg_lab_06/build/CMakeFiles/CMakeTmp/CheckSymbolExists.c:14:19: note: each undeclared identifier is reported only once for each function it appears in
make[1]: *** [CMakeFiles/cmTC_650d7.dir/build.make:78: CMakeFiles/cmTC_650d7.dir/CheckSymbolExists.c.o] Error 1
make[1]: Leaving directory '/home/peter/Downloads/git/School/IZG/izg_lab_06/build/CMakeFiles/CMakeTmp'
make: *** [Makefile:127: cmTC_650d7/fast] Error 2


File /home/peter/Desktop/School/IZG/izg_lab_06/build/CMakeFiles/CMakeTmp/CheckSymbolExists.c:
/* */
#include <stddef.h>
#include <stdarg.h>
#include <stdlib.h>
#include <string.h>
#include <stdio.h>
#include <wchar.h>
#include <float.h>

int main(int argc, char** argv)
{
  (void)argv;
#ifndef _strlwr
  return ((int*)(&_strlwr))[argc];
#else
  (void)argc;
  return 0;
#endif
}
Determining if the itoa exist failed with the following output:
Change Dir: /home/peter/Desktop/School/IZG/izg_lab_06/build/CMakeFiles/CMakeTmp

Run Build Command(s):/usr/bin/make -f Makefile cmTC_d4ec4/fast && /usr/bin/make  -f CMakeFiles/cmTC_d4ec4.dir/build.make CMakeFiles/cmTC_d4ec4.dir/build
make[1]: Entering directory '/home/peter/Downloads/git/School/IZG/izg_lab_06/build/CMakeFiles/CMakeTmp'
Building C object CMakeFiles/cmTC_d4ec4.dir/CheckSymbolExists.c.o
/usr/bin/cc   -g -O3 -idirafter "/home/peter/Desktop/School/IZG/izg_lab_06/libs/SDL2-2.0.14/src/video/khronos"  -o CMakeFiles/cmTC_d4ec4.dir/CheckSymbolExists.c.o -c /home/peter/Desktop/School/IZG/izg_lab_06/build/CMakeFiles/CMakeTmp/CheckSymbolExists.c
/home/peter/Desktop/School/IZG/izg_lab_06/build/CMakeFiles/CMakeTmp/CheckSymbolExists.c: In function ‘main’:
/home/peter/Desktop/School/IZG/izg_lab_06/build/CMakeFiles/CMakeTmp/CheckSymbolExists.c:14:19: error: ‘itoa’ undeclared (first use in this function)
   14 |   return ((int*)(&itoa))[argc];
      |                   ^~~~
/home/peter/Desktop/School/IZG/izg_lab_06/build/CMakeFiles/CMakeTmp/CheckSymbolExists.c:14:19: note: each undeclared identifier is reported only once for each function it appears in
make[1]: *** [CMakeFiles/cmTC_d4ec4.dir/build.make:78: CMakeFiles/cmTC_d4ec4.dir/CheckSymbolExists.c.o] Error 1
make[1]: Leaving directory '/home/peter/Downloads/git/School/IZG/izg_lab_06/build/CMakeFiles/CMakeTmp'
make: *** [Makefile:127: cmTC_d4ec4/fast] Error 2


File /home/peter/Desktop/School/IZG/izg_lab_06/build/CMakeFiles/CMakeTmp/CheckSymbolExists.c:
/* */
#include <stddef.h>
#include <stdarg.h>
#include <stdlib.h>
#include <string.h>
#include <stdio.h>
#include <wchar.h>
#include <float.h>

int main(int argc, char** argv)
{
  (void)argv;
#ifndef itoa
  return ((int*)(&itoa))[argc];
#else
  (void)argc;
  return 0;
#endif
}
Determining if the _ltoa exist failed with the following output:
Change Dir: /home/peter/Desktop/School/IZG/izg_lab_06/build/CMakeFiles/CMakeTmp

Run Build Command(s):/usr/bin/make -f Makefile cmTC_34ef0/fast && /usr/bin/make  -f CMakeFiles/cmTC_34ef0.dir/build.make CMakeFiles/cmTC_34ef0.dir/build
make[1]: Entering directory '/home/peter/Downloads/git/School/IZG/izg_lab_06/build/CMakeFiles/CMakeTmp'
Building C object CMakeFiles/cmTC_34ef0.dir/CheckSymbolExists.c.o
/usr/bin/cc   -g -O3 -idirafter "/home/peter/Desktop/School/IZG/izg_lab_06/libs/SDL2-2.0.14/src/video/khronos"  -o CMakeFiles/cmTC_34ef0.dir/CheckSymbolExists.c.o -c /home/peter/Desktop/School/IZG/izg_lab_06/build/CMakeFiles/CMakeTmp/CheckSymbolExists.c
/home/peter/Desktop/School/IZG/izg_lab_06/build/CMakeFiles/CMakeTmp/CheckSymbolExists.c: In function ‘main’:
/home/peter/Desktop/School/IZG/izg_lab_06/build/CMakeFiles/CMakeTmp/CheckSymbolExists.c:14:19: error: ‘_ltoa’ undeclared (first use in this function)
   14 |   return ((int*)(&_ltoa))[argc];
      |                   ^~~~~
/home/peter/Desktop/School/IZG/izg_lab_06/build/CMakeFiles/CMakeTmp/CheckSymbolExists.c:14:19: note: each undeclared identifier is reported only once for each function it appears in
make[1]: *** [CMakeFiles/cmTC_34ef0.dir/build.make:78: CMakeFiles/cmTC_34ef0.dir/CheckSymbolExists.c.o] Error 1
make[1]: Leaving directory '/home/peter/Downloads/git/School/IZG/izg_lab_06/build/CMakeFiles/CMakeTmp'
make: *** [Makefile:127: cmTC_34ef0/fast] Error 2


File /home/peter/Desktop/School/IZG/izg_lab_06/build/CMakeFiles/CMakeTmp/CheckSymbolExists.c:
/* */
#include <stddef.h>
#include <stdarg.h>
#include <stdlib.h>
#include <string.h>
#include <stdio.h>
#include <wchar.h>
#include <float.h>

int main(int argc, char** argv)
{
  (void)argv;
#ifndef _ltoa
  return ((int*)(&_ltoa))[argc];
#else
  (void)argc;
  return 0;
#endif
}
Determining if the _uitoa exist failed with the following output:
Change Dir: /home/peter/Desktop/School/IZG/izg_lab_06/build/CMakeFiles/CMakeTmp

Run Build Command(s):/usr/bin/make -f Makefile cmTC_0f3a6/fast && /usr/bin/make  -f CMakeFiles/cmTC_0f3a6.dir/build.make CMakeFiles/cmTC_0f3a6.dir/build
make[1]: Entering directory '/home/peter/Downloads/git/School/IZG/izg_lab_06/build/CMakeFiles/CMakeTmp'
Building C object CMakeFiles/cmTC_0f3a6.dir/CheckSymbolExists.c.o
/usr/bin/cc   -g -O3 -idirafter "/home/peter/Desktop/School/IZG/izg_lab_06/libs/SDL2-2.0.14/src/video/khronos"  -o CMakeFiles/cmTC_0f3a6.dir/CheckSymbolExists.c.o -c /home/peter/Desktop/School/IZG/izg_lab_06/build/CMakeFiles/CMakeTmp/CheckSymbolExists.c
/home/peter/Desktop/School/IZG/izg_lab_06/build/CMakeFiles/CMakeTmp/CheckSymbolExists.c: In function ‘main’:
/home/peter/Desktop/School/IZG/izg_lab_06/build/CMakeFiles/CMakeTmp/CheckSymbolExists.c:14:19: error: ‘_uitoa’ undeclared (first use in this function)
   14 |   return ((int*)(&_uitoa))[argc];
      |                   ^~~~~~
/home/peter/Desktop/School/IZG/izg_lab_06/build/CMakeFiles/CMakeTmp/CheckSymbolExists.c:14:19: note: each undeclared identifier is reported only once for each function it appears in
make[1]: *** [CMakeFiles/cmTC_0f3a6.dir/build.make:78: CMakeFiles/cmTC_0f3a6.dir/CheckSymbolExists.c.o] Error 1
make[1]: Leaving directory '/home/peter/Downloads/git/School/IZG/izg_lab_06/build/CMakeFiles/CMakeTmp'
make: *** [Makefile:127: cmTC_0f3a6/fast] Error 2


File /home/peter/Desktop/School/IZG/izg_lab_06/build/CMakeFiles/CMakeTmp/CheckSymbolExists.c:
/* */
#include <stddef.h>
#include <stdarg.h>
#include <stdlib.h>
#include <string.h>
#include <stdio.h>
#include <wchar.h>
#include <float.h>

int main(int argc, char** argv)
{
  (void)argv;
#ifndef _uitoa
  return ((int*)(&_uitoa))[argc];
#else
  (void)argc;
  return 0;
#endif
}
Determining if the _ultoa exist failed with the following output:
Change Dir: /home/peter/Desktop/School/IZG/izg_lab_06/build/CMakeFiles/CMakeTmp

Run Build Command(s):/usr/bin/make -f Makefile cmTC_8104a/fast && /usr/bin/make  -f CMakeFiles/cmTC_8104a.dir/build.make CMakeFiles/cmTC_8104a.dir/build
make[1]: Entering directory '/home/peter/Downloads/git/School/IZG/izg_lab_06/build/CMakeFiles/CMakeTmp'
Building C object CMakeFiles/cmTC_8104a.dir/CheckSymbolExists.c.o
/usr/bin/cc   -g -O3 -idirafter "/home/peter/Desktop/School/IZG/izg_lab_06/libs/SDL2-2.0.14/src/video/khronos"  -o CMakeFiles/cmTC_8104a.dir/CheckSymbolExists.c.o -c /home/peter/Desktop/School/IZG/izg_lab_06/build/CMakeFiles/CMakeTmp/CheckSymbolExists.c
/home/peter/Desktop/School/IZG/izg_lab_06/build/CMakeFiles/CMakeTmp/CheckSymbolExists.c: In function ‘main’:
/home/peter/Desktop/School/IZG/izg_lab_06/build/CMakeFiles/CMakeTmp/CheckSymbolExists.c:14:19: error: ‘_ultoa’ undeclared (first use in this function)
   14 |   return ((int*)(&_ultoa))[argc];
      |                   ^~~~~~
/home/peter/Desktop/School/IZG/izg_lab_06/build/CMakeFiles/CMakeTmp/CheckSymbolExists.c:14:19: note: each undeclared identifier is reported only once for each function it appears in
make[1]: *** [CMakeFiles/cmTC_8104a.dir/build.make:78: CMakeFiles/cmTC_8104a.dir/CheckSymbolExists.c.o] Error 1
make[1]: Leaving directory '/home/peter/Downloads/git/School/IZG/izg_lab_06/build/CMakeFiles/CMakeTmp'
make: *** [Makefile:127: cmTC_8104a/fast] Error 2


File /home/peter/Desktop/School/IZG/izg_lab_06/build/CMakeFiles/CMakeTmp/CheckSymbolExists.c:
/* */
#include <stddef.h>
#include <stdarg.h>
#include <stdlib.h>
#include <string.h>
#include <stdio.h>
#include <wchar.h>
#include <float.h>

int main(int argc, char** argv)
{
  (void)argv;
#ifndef _ultoa
  return ((int*)(&_ultoa))[argc];
#else
  (void)argc;
  return 0;
#endif
}
Determining if the _i64toa exist failed with the following output:
Change Dir: /home/peter/Desktop/School/IZG/izg_lab_06/build/CMakeFiles/CMakeTmp

Run Build Command(s):/usr/bin/make -f Makefile cmTC_c97be/fast && /usr/bin/make  -f CMakeFiles/cmTC_c97be.dir/build.make CMakeFiles/cmTC_c97be.dir/build
make[1]: Entering directory '/home/peter/Downloads/git/School/IZG/izg_lab_06/build/CMakeFiles/CMakeTmp'
Building C object CMakeFiles/cmTC_c97be.dir/CheckSymbolExists.c.o
/usr/bin/cc   -g -O3 -idirafter "/home/peter/Desktop/School/IZG/izg_lab_06/libs/SDL2-2.0.14/src/video/khronos"  -o CMakeFiles/cmTC_c97be.dir/CheckSymbolExists.c.o -c /home/peter/Desktop/School/IZG/izg_lab_06/build/CMakeFiles/CMakeTmp/CheckSymbolExists.c
/home/peter/Desktop/School/IZG/izg_lab_06/build/CMakeFiles/CMakeTmp/CheckSymbolExists.c: In function ‘main’:
/home/peter/Desktop/School/IZG/izg_lab_06/build/CMakeFiles/CMakeTmp/CheckSymbolExists.c:14:19: error: ‘_i64toa’ undeclared (first use in this function)
   14 |   return ((int*)(&_i64toa))[argc];
      |                   ^~~~~~~
/home/peter/Desktop/School/IZG/izg_lab_06/build/CMakeFiles/CMakeTmp/CheckSymbolExists.c:14:19: note: each undeclared identifier is reported only once for each function it appears in
make[1]: *** [CMakeFiles/cmTC_c97be.dir/build.make:78: CMakeFiles/cmTC_c97be.dir/CheckSymbolExists.c.o] Error 1
make[1]: Leaving directory '/home/peter/Downloads/git/School/IZG/izg_lab_06/build/CMakeFiles/CMakeTmp'
make: *** [Makefile:127: cmTC_c97be/fast] Error 2


File /home/peter/Desktop/School/IZG/izg_lab_06/build/CMakeFiles/CMakeTmp/CheckSymbolExists.c:
/* */
#include <stddef.h>
#include <stdarg.h>
#include <stdlib.h>
#include <string.h>
#include <stdio.h>
#include <wchar.h>
#include <float.h>

int main(int argc, char** argv)
{
  (void)argv;
#ifndef _i64toa
  return ((int*)(&_i64toa))[argc];
#else
  (void)argc;
  return 0;
#endif
}
Determining if the _ui64toa exist failed with the following output:
Change Dir: /home/peter/Desktop/School/IZG/izg_lab_06/build/CMakeFiles/CMakeTmp

Run Build Command(s):/usr/bin/make -f Makefile cmTC_24348/fast && /usr/bin/make  -f CMakeFiles/cmTC_24348.dir/build.make CMakeFiles/cmTC_24348.dir/build
make[1]: Entering directory '/home/peter/Downloads/git/School/IZG/izg_lab_06/build/CMakeFiles/CMakeTmp'
Building C object CMakeFiles/cmTC_24348.dir/CheckSymbolExists.c.o
/usr/bin/cc   -g -O3 -idirafter "/home/peter/Desktop/School/IZG/izg_lab_06/libs/SDL2-2.0.14/src/video/khronos"  -o CMakeFiles/cmTC_24348.dir/CheckSymbolExists.c.o -c /home/peter/Desktop/School/IZG/izg_lab_06/build/CMakeFiles/CMakeTmp/CheckSymbolExists.c
/home/peter/Desktop/School/IZG/izg_lab_06/build/CMakeFiles/CMakeTmp/CheckSymbolExists.c: In function ‘main’:
/home/peter/Desktop/School/IZG/izg_lab_06/build/CMakeFiles/CMakeTmp/CheckSymbolExists.c:14:19: error: ‘_ui64toa’ undeclared (first use in this function)
   14 |   return ((int*)(&_ui64toa))[argc];
      |                   ^~~~~~~~
/home/peter/Desktop/School/IZG/izg_lab_06/build/CMakeFiles/CMakeTmp/CheckSymbolExists.c:14:19: note: each undeclared identifier is reported only once for each function it appears in
make[1]: *** [CMakeFiles/cmTC_24348.dir/build.make:78: CMakeFiles/cmTC_24348.dir/CheckSymbolExists.c.o] Error 1
make[1]: Leaving directory '/home/peter/Downloads/git/School/IZG/izg_lab_06/build/CMakeFiles/CMakeTmp'
make: *** [Makefile:127: cmTC_24348/fast] Error 2


File /home/peter/Desktop/School/IZG/izg_lab_06/build/CMakeFiles/CMakeTmp/CheckSymbolExists.c:
/* */
#include <stddef.h>
#include <stdarg.h>
#include <stdlib.h>
#include <string.h>
#include <stdio.h>
#include <wchar.h>
#include <float.h>

int main(int argc, char** argv)
{
  (void)argv;
#ifndef _ui64toa
  return ((int*)(&_ui64toa))[argc];
#else
  (void)argc;
  return 0;
#endif
}
Determining if the _stricmp exist failed with the following output:
Change Dir: /home/peter/Desktop/School/IZG/izg_lab_06/build/CMakeFiles/CMakeTmp

Run Build Command(s):/usr/bin/make -f Makefile cmTC_429a9/fast && /usr/bin/make  -f CMakeFiles/cmTC_429a9.dir/build.make CMakeFiles/cmTC_429a9.dir/build
make[1]: Entering directory '/home/peter/Downloads/git/School/IZG/izg_lab_06/build/CMakeFiles/CMakeTmp'
Building C object CMakeFiles/cmTC_429a9.dir/CheckSymbolExists.c.o
/usr/bin/cc   -g -O3 -idirafter "/home/peter/Desktop/School/IZG/izg_lab_06/libs/SDL2-2.0.14/src/video/khronos"  -o CMakeFiles/cmTC_429a9.dir/CheckSymbolExists.c.o -c /home/peter/Desktop/School/IZG/izg_lab_06/build/CMakeFiles/CMakeTmp/CheckSymbolExists.c
/home/peter/Desktop/School/IZG/izg_lab_06/build/CMakeFiles/CMakeTmp/CheckSymbolExists.c: In function ‘main’:
/home/peter/Desktop/School/IZG/izg_lab_06/build/CMakeFiles/CMakeTmp/CheckSymbolExists.c:14:19: error: ‘_stricmp’ undeclared (first use in this function); did you mean ‘strncmp’?
   14 |   return ((int*)(&_stricmp))[argc];
      |                   ^~~~~~~~
      |                   strncmp
/home/peter/Desktop/School/IZG/izg_lab_06/build/CMakeFiles/CMakeTmp/CheckSymbolExists.c:14:19: note: each undeclared identifier is reported only once for each function it appears in
make[1]: *** [CMakeFiles/cmTC_429a9.dir/build.make:78: CMakeFiles/cmTC_429a9.dir/CheckSymbolExists.c.o] Error 1
make[1]: Leaving directory '/home/peter/Downloads/git/School/IZG/izg_lab_06/build/CMakeFiles/CMakeTmp'
make: *** [Makefile:127: cmTC_429a9/fast] Error 2


File /home/peter/Desktop/School/IZG/izg_lab_06/build/CMakeFiles/CMakeTmp/CheckSymbolExists.c:
/* */
#include <stddef.h>
#include <stdarg.h>
#include <stdlib.h>
#include <string.h>
#include <stdio.h>
#include <wchar.h>
#include <float.h>

int main(int argc, char** argv)
{
  (void)argv;
#ifndef _stricmp
  return ((int*)(&_stricmp))[argc];
#else
  (void)argc;
  return 0;
#endif
}
Determining if the _strnicmp exist failed with the following output:
Change Dir: /home/peter/Desktop/School/IZG/izg_lab_06/build/CMakeFiles/CMakeTmp

Run Build Command(s):/usr/bin/make -f Makefile cmTC_34021/fast && /usr/bin/make  -f CMakeFiles/cmTC_34021.dir/build.make CMakeFiles/cmTC_34021.dir/build
make[1]: Entering directory '/home/peter/Downloads/git/School/IZG/izg_lab_06/build/CMakeFiles/CMakeTmp'
Building C object CMakeFiles/cmTC_34021.dir/CheckSymbolExists.c.o
/usr/bin/cc   -g -O3 -idirafter "/home/peter/Desktop/School/IZG/izg_lab_06/libs/SDL2-2.0.14/src/video/khronos"  -o CMakeFiles/cmTC_34021.dir/CheckSymbolExists.c.o -c /home/peter/Desktop/School/IZG/izg_lab_06/build/CMakeFiles/CMakeTmp/CheckSymbolExists.c
/home/peter/Desktop/School/IZG/izg_lab_06/build/CMakeFiles/CMakeTmp/CheckSymbolExists.c: In function ‘main’:
/home/peter/Desktop/School/IZG/izg_lab_06/build/CMakeFiles/CMakeTmp/CheckSymbolExists.c:14:19: error: ‘_strnicmp’ undeclared (first use in this function); did you mean ‘strncmp’?
   14 |   return ((int*)(&_strnicmp))[argc];
      |                   ^~~~~~~~~
      |                   strncmp
/home/peter/Desktop/School/IZG/izg_lab_06/build/CMakeFiles/CMakeTmp/CheckSymbolExists.c:14:19: note: each undeclared identifier is reported only once for each function it appears in
make[1]: *** [CMakeFiles/cmTC_34021.dir/build.make:78: CMakeFiles/cmTC_34021.dir/CheckSymbolExists.c.o] Error 1
make[1]: Leaving directory '/home/peter/Downloads/git/School/IZG/izg_lab_06/build/CMakeFiles/CMakeTmp'
make: *** [Makefile:127: cmTC_34021/fast] Error 2


File /home/peter/Desktop/School/IZG/izg_lab_06/build/CMakeFiles/CMakeTmp/CheckSymbolExists.c:
/* */
#include <stddef.h>
#include <stdarg.h>
#include <stdlib.h>
#include <string.h>
#include <stdio.h>
#include <wchar.h>
#include <float.h>

int main(int argc, char** argv)
{
  (void)argv;
#ifndef _strnicmp
  return ((int*)(&_strnicmp))[argc];
#else
  (void)argc;
  return 0;
#endif
}
Determining if the wcslcat exist failed with the following output:
Change Dir: /home/peter/Desktop/School/IZG/izg_lab_06/build/CMakeFiles/CMakeTmp

Run Build Command(s):/usr/bin/make -f Makefile cmTC_dcdab/fast && /usr/bin/make  -f CMakeFiles/cmTC_dcdab.dir/build.make CMakeFiles/cmTC_dcdab.dir/build
make[1]: Entering directory '/home/peter/Downloads/git/School/IZG/izg_lab_06/build/CMakeFiles/CMakeTmp'
Building C object CMakeFiles/cmTC_dcdab.dir/CheckSymbolExists.c.o
/usr/bin/cc   -g -O3 -idirafter "/home/peter/Desktop/School/IZG/izg_lab_06/libs/SDL2-2.0.14/src/video/khronos"  -o CMakeFiles/cmTC_dcdab.dir/CheckSymbolExists.c.o -c /home/peter/Desktop/School/IZG/izg_lab_06/build/CMakeFiles/CMakeTmp/CheckSymbolExists.c
/home/peter/Desktop/School/IZG/izg_lab_06/build/CMakeFiles/CMakeTmp/CheckSymbolExists.c: In function ‘main’:
/home/peter/Desktop/School/IZG/izg_lab_06/build/CMakeFiles/CMakeTmp/CheckSymbolExists.c:14:19: error: ‘wcslcat’ undeclared (first use in this function); did you mean ‘wcsncat’?
   14 |   return ((int*)(&wcslcat))[argc];
      |                   ^~~~~~~
      |                   wcsncat
/home/peter/Desktop/School/IZG/izg_lab_06/build/CMakeFiles/CMakeTmp/CheckSymbolExists.c:14:19: note: each undeclared identifier is reported only once for each function it appears in
make[1]: *** [CMakeFiles/cmTC_dcdab.dir/build.make:78: CMakeFiles/cmTC_dcdab.dir/CheckSymbolExists.c.o] Error 1
make[1]: Leaving directory '/home/peter/Downloads/git/School/IZG/izg_lab_06/build/CMakeFiles/CMakeTmp'
make: *** [Makefile:127: cmTC_dcdab/fast] Error 2


File /home/peter/Desktop/School/IZG/izg_lab_06/build/CMakeFiles/CMakeTmp/CheckSymbolExists.c:
/* */
#include <stddef.h>
#include <stdarg.h>
#include <stdlib.h>
#include <string.h>
#include <stdio.h>
#include <wchar.h>
#include <float.h>

int main(int argc, char** argv)
{
  (void)argv;
#ifndef wcslcat
  return ((int*)(&wcslcat))[argc];
#else
  (void)argc;
  return 0;
#endif
}
Determining if the wcslcpy exist failed with the following output:
Change Dir: /home/peter/Desktop/School/IZG/izg_lab_06/build/CMakeFiles/CMakeTmp

Run Build Command(s):/usr/bin/make -f Makefile cmTC_fa394/fast && /usr/bin/make  -f CMakeFiles/cmTC_fa394.dir/build.make CMakeFiles/cmTC_fa394.dir/build
make[1]: Entering directory '/home/peter/Downloads/git/School/IZG/izg_lab_06/build/CMakeFiles/CMakeTmp'
Building C object CMakeFiles/cmTC_fa394.dir/CheckSymbolExists.c.o
/usr/bin/cc   -g -O3 -idirafter "/home/peter/Desktop/School/IZG/izg_lab_06/libs/SDL2-2.0.14/src/video/khronos"  -o CMakeFiles/cmTC_fa394.dir/CheckSymbolExists.c.o -c /home/peter/Desktop/School/IZG/izg_lab_06/build/CMakeFiles/CMakeTmp/CheckSymbolExists.c
/home/peter/Desktop/School/IZG/izg_lab_06/build/CMakeFiles/CMakeTmp/CheckSymbolExists.c: In function ‘main’:
/home/peter/Desktop/School/IZG/izg_lab_06/build/CMakeFiles/CMakeTmp/CheckSymbolExists.c:14:19: error: ‘wcslcpy’ undeclared (first use in this function); did you mean ‘wcsncpy’?
   14 |   return ((int*)(&wcslcpy))[argc];
      |                   ^~~~~~~
      |                   wcsncpy
/home/peter/Desktop/School/IZG/izg_lab_06/build/CMakeFiles/CMakeTmp/CheckSymbolExists.c:14:19: note: each undeclared identifier is reported only once for each function it appears in
make[1]: *** [CMakeFiles/cmTC_fa394.dir/build.make:78: CMakeFiles/cmTC_fa394.dir/CheckSymbolExists.c.o] Error 1
make[1]: Leaving directory '/home/peter/Downloads/git/School/IZG/izg_lab_06/build/CMakeFiles/CMakeTmp'
make: *** [Makefile:127: cmTC_fa394/fast] Error 2


File /home/peter/Desktop/School/IZG/izg_lab_06/build/CMakeFiles/CMakeTmp/CheckSymbolExists.c:
/* */
#include <stddef.h>
#include <stdarg.h>
#include <stdlib.h>
#include <string.h>
#include <stdio.h>
#include <wchar.h>
#include <float.h>

int main(int argc, char** argv)
{
  (void)argv;
#ifndef wcslcpy
  return ((int*)(&wcslcpy))[argc];
#else
  (void)argc;
  return 0;
#endif
}
Determining if the _wcsicmp exist failed with the following output:
Change Dir: /home/peter/Desktop/School/IZG/izg_lab_06/build/CMakeFiles/CMakeTmp

Run Build Command(s):/usr/bin/make -f Makefile cmTC_110d5/fast && /usr/bin/make  -f CMakeFiles/cmTC_110d5.dir/build.make CMakeFiles/cmTC_110d5.dir/build
make[1]: Entering directory '/home/peter/Downloads/git/School/IZG/izg_lab_06/build/CMakeFiles/CMakeTmp'
Building C object CMakeFiles/cmTC_110d5.dir/CheckSymbolExists.c.o
/usr/bin/cc   -g -O3 -idirafter "/home/peter/Desktop/School/IZG/izg_lab_06/libs/SDL2-2.0.14/src/video/khronos"  -o CMakeFiles/cmTC_110d5.dir/CheckSymbolExists.c.o -c /home/peter/Desktop/School/IZG/izg_lab_06/build/CMakeFiles/CMakeTmp/CheckSymbolExists.c
/home/peter/Desktop/School/IZG/izg_lab_06/build/CMakeFiles/CMakeTmp/CheckSymbolExists.c: In function ‘main’:
/home/peter/Desktop/School/IZG/izg_lab_06/build/CMakeFiles/CMakeTmp/CheckSymbolExists.c:14:19: error: ‘_wcsicmp’ undeclared (first use in this function); did you mean ‘wcsncmp’?
   14 |   return ((int*)(&_wcsicmp))[argc];
      |                   ^~~~~~~~
      |                   wcsncmp
/home/peter/Desktop/School/IZG/izg_lab_06/build/CMakeFiles/CMakeTmp/CheckSymbolExists.c:14:19: note: each undeclared identifier is reported only once for each function it appears in
make[1]: *** [CMakeFiles/cmTC_110d5.dir/build.make:78: CMakeFiles/cmTC_110d5.dir/CheckSymbolExists.c.o] Error 1
make[1]: Leaving directory '/home/peter/Downloads/git/School/IZG/izg_lab_06/build/CMakeFiles/CMakeTmp'
make: *** [Makefile:127: cmTC_110d5/fast] Error 2


File /home/peter/Desktop/School/IZG/izg_lab_06/build/CMakeFiles/CMakeTmp/CheckSymbolExists.c:
/* */
#include <stddef.h>
#include <stdarg.h>
#include <stdlib.h>
#include <string.h>
#include <stdio.h>
#include <wchar.h>
#include <float.h>

int main(int argc, char** argv)
{
  (void)argv;
#ifndef _wcsicmp
  return ((int*)(&_wcsicmp))[argc];
#else
  (void)argc;
  return 0;
#endif
}
Determining if the _wcsnicmp exist failed with the following output:
Change Dir: /home/peter/Desktop/School/IZG/izg_lab_06/build/CMakeFiles/CMakeTmp

Run Build Command(s):/usr/bin/make -f Makefile cmTC_c9443/fast && /usr/bin/make  -f CMakeFiles/cmTC_c9443.dir/build.make CMakeFiles/cmTC_c9443.dir/build
make[1]: Entering directory '/home/peter/Downloads/git/School/IZG/izg_lab_06/build/CMakeFiles/CMakeTmp'
Building C object CMakeFiles/cmTC_c9443.dir/CheckSymbolExists.c.o
/usr/bin/cc   -g -O3 -idirafter "/home/peter/Desktop/School/IZG/izg_lab_06/libs/SDL2-2.0.14/src/video/khronos"  -o CMakeFiles/cmTC_c9443.dir/CheckSymbolExists.c.o -c /home/peter/Desktop/School/IZG/izg_lab_06/build/CMakeFiles/CMakeTmp/CheckSymbolExists.c
/home/peter/Desktop/School/IZG/izg_lab_06/build/CMakeFiles/CMakeTmp/CheckSymbolExists.c: In function ‘main’:
/home/peter/Desktop/School/IZG/izg_lab_06/build/CMakeFiles/CMakeTmp/CheckSymbolExists.c:14:19: error: ‘_wcsnicmp’ undeclared (first use in this function); did you mean ‘wcsncmp’?
   14 |   return ((int*)(&_wcsnicmp))[argc];
      |                   ^~~~~~~~~
      |                   wcsncmp
/home/peter/Desktop/School/IZG/izg_lab_06/build/CMakeFiles/CMakeTmp/CheckSymbolExists.c:14:19: note: each undeclared identifier is reported only once for each function it appears in
make[1]: *** [CMakeFiles/cmTC_c9443.dir/build.make:78: CMakeFiles/cmTC_c9443.dir/CheckSymbolExists.c.o] Error 1
make[1]: Leaving directory '/home/peter/Downloads/git/School/IZG/izg_lab_06/build/CMakeFiles/CMakeTmp'
make: *** [Makefile:127: cmTC_c9443/fast] Error 2


File /home/peter/Desktop/School/IZG/izg_lab_06/build/CMakeFiles/CMakeTmp/CheckSymbolExists.c:
/* */
#include <stddef.h>
#include <stdarg.h>
#include <stdlib.h>
#include <string.h>
#include <stdio.h>
#include <wchar.h>
#include <float.h>

int main(int argc, char** argv)
{
  (void)argv;
#ifndef _wcsnicmp
  return ((int*)(&_wcsnicmp))[argc];
#else
  (void)argc;
  return 0;
#endif
}
Determining if the fopen64 exist failed with the following output:
Change Dir: /home/peter/Desktop/School/IZG/izg_lab_06/build/CMakeFiles/CMakeTmp

Run Build Command(s):/usr/bin/make -f Makefile cmTC_ef615/fast && /usr/bin/make  -f CMakeFiles/cmTC_ef615.dir/build.make CMakeFiles/cmTC_ef615.dir/build
make[1]: Entering directory '/home/peter/Downloads/git/School/IZG/izg_lab_06/build/CMakeFiles/CMakeTmp'
Building C object CMakeFiles/cmTC_ef615.dir/CheckSymbolExists.c.o
/usr/bin/cc   -g -O3 -idirafter "/home/peter/Desktop/School/IZG/izg_lab_06/libs/SDL2-2.0.14/src/video/khronos"  -o CMakeFiles/cmTC_ef615.dir/CheckSymbolExists.c.o -c /home/peter/Desktop/School/IZG/izg_lab_06/build/CMakeFiles/CMakeTmp/CheckSymbolExists.c
/home/peter/Desktop/School/IZG/izg_lab_06/build/CMakeFiles/CMakeTmp/CheckSymbolExists.c: In function ‘main’:
/home/peter/Desktop/School/IZG/izg_lab_06/build/CMakeFiles/CMakeTmp/CheckSymbolExists.c:14:19: error: ‘fopen64’ undeclared (first use in this function); did you mean ‘fopen’?
   14 |   return ((int*)(&fopen64))[argc];
      |                   ^~~~~~~
      |                   fopen
/home/peter/Desktop/School/IZG/izg_lab_06/build/CMakeFiles/CMakeTmp/CheckSymbolExists.c:14:19: note: each undeclared identifier is reported only once for each function it appears in
make[1]: *** [CMakeFiles/cmTC_ef615.dir/build.make:78: CMakeFiles/cmTC_ef615.dir/CheckSymbolExists.c.o] Error 1
make[1]: Leaving directory '/home/peter/Downloads/git/School/IZG/izg_lab_06/build/CMakeFiles/CMakeTmp'
make: *** [Makefile:127: cmTC_ef615/fast] Error 2


File /home/peter/Desktop/School/IZG/izg_lab_06/build/CMakeFiles/CMakeTmp/CheckSymbolExists.c:
/* */
#include <stddef.h>
#include <stdarg.h>
#include <stdlib.h>
#include <string.h>
#include <stdio.h>
#include <wchar.h>
#include <float.h>

int main(int argc, char** argv)
{
  (void)argv;
#ifndef fopen64
  return ((int*)(&fopen64))[argc];
#else
  (void)argc;
  return 0;
#endif
}
Determining if the fseeko64 exist failed with the following output:
Change Dir: /home/peter/Desktop/School/IZG/izg_lab_06/build/CMakeFiles/CMakeTmp

Run Build Command(s):/usr/bin/make -f Makefile cmTC_f5f18/fast && /usr/bin/make  -f CMakeFiles/cmTC_f5f18.dir/build.make CMakeFiles/cmTC_f5f18.dir/build
make[1]: Entering directory '/home/peter/Downloads/git/School/IZG/izg_lab_06/build/CMakeFiles/CMakeTmp'
Building C object CMakeFiles/cmTC_f5f18.dir/CheckSymbolExists.c.o
/usr/bin/cc   -g -O3 -idirafter "/home/peter/Desktop/School/IZG/izg_lab_06/libs/SDL2-2.0.14/src/video/khronos"  -o CMakeFiles/cmTC_f5f18.dir/CheckSymbolExists.c.o -c /home/peter/Desktop/School/IZG/izg_lab_06/build/CMakeFiles/CMakeTmp/CheckSymbolExists.c
/home/peter/Desktop/School/IZG/izg_lab_06/build/CMakeFiles/CMakeTmp/CheckSymbolExists.c: In function ‘main’:
/home/peter/Desktop/School/IZG/izg_lab_06/build/CMakeFiles/CMakeTmp/CheckSymbolExists.c:14:19: error: ‘fseeko64’ undeclared (first use in this function); did you mean ‘fseeko’?
   14 |   return ((int*)(&fseeko64))[argc];
      |                   ^~~~~~~~
      |                   fseeko
/home/peter/Desktop/School/IZG/izg_lab_06/build/CMakeFiles/CMakeTmp/CheckSymbolExists.c:14:19: note: each undeclared identifier is reported only once for each function it appears in
make[1]: *** [CMakeFiles/cmTC_f5f18.dir/build.make:78: CMakeFiles/cmTC_f5f18.dir/CheckSymbolExists.c.o] Error 1
make[1]: Leaving directory '/home/peter/Downloads/git/School/IZG/izg_lab_06/build/CMakeFiles/CMakeTmp'
make: *** [Makefile:127: cmTC_f5f18/fast] Error 2


File /home/peter/Desktop/School/IZG/izg_lab_06/build/CMakeFiles/CMakeTmp/CheckSymbolExists.c:
/* */
#include <stddef.h>
#include <stdarg.h>
#include <stdlib.h>
#include <string.h>
#include <stdio.h>
#include <wchar.h>
#include <float.h>

int main(int argc, char** argv)
{
  (void)argv;
#ifndef fseeko64
  return ((int*)(&fseeko64))[argc];
#else
  (void)argc;
  return 0;
#endif
}
Determining if the sysctlbyname exist failed with the following output:
Change Dir: /home/peter/Desktop/School/IZG/izg_lab_06/build/CMakeFiles/CMakeTmp

Run Build Command(s):/usr/bin/make -f Makefile cmTC_92e04/fast && /usr/bin/make  -f CMakeFiles/cmTC_92e04.dir/build.make CMakeFiles/cmTC_92e04.dir/build
make[1]: Entering directory '/home/peter/Downloads/git/School/IZG/izg_lab_06/build/CMakeFiles/CMakeTmp'
Building C object CMakeFiles/cmTC_92e04.dir/CheckSymbolExists.c.o
/usr/bin/cc   -g -O3 -idirafter "/home/peter/Desktop/School/IZG/izg_lab_06/libs/SDL2-2.0.14/src/video/khronos"  -o CMakeFiles/cmTC_92e04.dir/CheckSymbolExists.c.o -c /home/peter/Desktop/School/IZG/izg_lab_06/build/CMakeFiles/CMakeTmp/CheckSymbolExists.c
In file included from /home/peter/Desktop/School/IZG/izg_lab_06/build/CMakeFiles/CMakeTmp/CheckSymbolExists.c:3:
/usr/include/x86_64-linux-gnu/sys/sysctl.h:21:2: warning: #warning "The <sys/sysctl.h> header is deprecated and will be removed." [-Wcpp]
   21 | #warning "The <sys/sysctl.h> header is deprecated and will be removed."
      |  ^~~~~~~
/home/peter/Desktop/School/IZG/izg_lab_06/build/CMakeFiles/CMakeTmp/CheckSymbolExists.c: In function ‘main’:
/home/peter/Desktop/School/IZG/izg_lab_06/build/CMakeFiles/CMakeTmp/CheckSymbolExists.c:9:19: error: ‘sysctlbyname’ undeclared (first use in this function)
    9 |   return ((int*)(&sysctlbyname))[argc];
      |                   ^~~~~~~~~~~~
/home/peter/Desktop/School/IZG/izg_lab_06/build/CMakeFiles/CMakeTmp/CheckSymbolExists.c:9:19: note: each undeclared identifier is reported only once for each function it appears in
make[1]: *** [CMakeFiles/cmTC_92e04.dir/build.make:78: CMakeFiles/cmTC_92e04.dir/CheckSymbolExists.c.o] Error 1
make[1]: Leaving directory '/home/peter/Downloads/git/School/IZG/izg_lab_06/build/CMakeFiles/CMakeTmp'
make: *** [Makefile:127: cmTC_92e04/fast] Error 2


File /home/peter/Desktop/School/IZG/izg_lab_06/build/CMakeFiles/CMakeTmp/CheckSymbolExists.c:
/* */
#include <sys/types.h>
#include <sys/sysctl.h>

int main(int argc, char** argv)
{
  (void)argv;
#ifndef sysctlbyname
  return ((int*)(&sysctlbyname))[argc];
#else
  (void)argc;
  return 0;
#endif
}
Determining if the elf_aux_info exist failed with the following output:
Change Dir: /home/peter/Desktop/School/IZG/izg_lab_06/build/CMakeFiles/CMakeTmp

Run Build Command(s):/usr/bin/make -f Makefile cmTC_5ea3b/fast && /usr/bin/make  -f CMakeFiles/cmTC_5ea3b.dir/build.make CMakeFiles/cmTC_5ea3b.dir/build
make[1]: Entering directory '/home/peter/Downloads/git/School/IZG/izg_lab_06/build/CMakeFiles/CMakeTmp'
Building C object CMakeFiles/cmTC_5ea3b.dir/CheckSymbolExists.c.o
/usr/bin/cc   -g -O3 -idirafter "/home/peter/Desktop/School/IZG/izg_lab_06/libs/SDL2-2.0.14/src/video/khronos"  -o CMakeFiles/cmTC_5ea3b.dir/CheckSymbolExists.c.o -c /home/peter/Desktop/School/IZG/izg_lab_06/build/CMakeFiles/CMakeTmp/CheckSymbolExists.c
/home/peter/Desktop/School/IZG/izg_lab_06/build/CMakeFiles/CMakeTmp/CheckSymbolExists.c: In function ‘main’:
/home/peter/Desktop/School/IZG/izg_lab_06/build/CMakeFiles/CMakeTmp/CheckSymbolExists.c:8:19: error: ‘elf_aux_info’ undeclared (first use in this function)
    8 |   return ((int*)(&elf_aux_info))[argc];
      |                   ^~~~~~~~~~~~
/home/peter/Desktop/School/IZG/izg_lab_06/build/CMakeFiles/CMakeTmp/CheckSymbolExists.c:8:19: note: each undeclared identifier is reported only once for each function it appears in
make[1]: *** [CMakeFiles/cmTC_5ea3b.dir/build.make:78: CMakeFiles/cmTC_5ea3b.dir/CheckSymbolExists.c.o] Error 1
make[1]: Leaving directory '/home/peter/Downloads/git/School/IZG/izg_lab_06/build/CMakeFiles/CMakeTmp'
make: *** [Makefile:127: cmTC_5ea3b/fast] Error 2


File /home/peter/Desktop/School/IZG/izg_lab_06/build/CMakeFiles/CMakeTmp/CheckSymbolExists.c:
/* */
#include <sys/auxv.h>

int main(int argc, char** argv)
{
  (void)argv;
#ifndef elf_aux_info
  return ((int*)(&elf_aux_info))[argc];
#else
  (void)argc;
  return 0;
#endif
}
Determining if the function iconv_open exists in the iconv failed with the following output:
Change Dir: /home/peter/Desktop/School/IZG/izg_lab_06/build/CMakeFiles/CMakeTmp

Run Build Command(s):/usr/bin/make -f Makefile cmTC_930f5/fast && /usr/bin/make  -f CMakeFiles/cmTC_930f5.dir/build.make CMakeFiles/cmTC_930f5.dir/build
make[1]: Entering directory '/home/peter/Downloads/git/School/IZG/izg_lab_06/build/CMakeFiles/CMakeTmp'
Building C object CMakeFiles/cmTC_930f5.dir/CheckFunctionExists.c.o
/usr/bin/cc   -g -O3 -idirafter "/home/peter/Desktop/School/IZG/izg_lab_06/libs/SDL2-2.0.14/src/video/khronos" -DCHECK_FUNCTION_EXISTS=iconv_open -o CMakeFiles/cmTC_930f5.dir/CheckFunctionExists.c.o -c /usr/local/share/cmake-3.20/Modules/CheckFunctionExists.c
Linking C executable cmTC_930f5
/usr/local/bin/cmake -E cmake_link_script CMakeFiles/cmTC_930f5.dir/link.txt --verbose=1
/usr/bin/cc -g -O3 -idirafter "/home/peter/Desktop/School/IZG/izg_lab_06/libs/SDL2-2.0.14/src/video/khronos" -DCHECK_FUNCTION_EXISTS=iconv_open -rdynamic CMakeFiles/cmTC_930f5.dir/CheckFunctionExists.c.o -o cmTC_930f5  -liconv 
/usr/bin/ld: cannot find -liconv
collect2: error: ld returned 1 exit status
make[1]: *** [CMakeFiles/cmTC_930f5.dir/build.make:99: cmTC_930f5] Error 1
make[1]: Leaving directory '/home/peter/Downloads/git/School/IZG/izg_lab_06/build/CMakeFiles/CMakeTmp'
make: *** [Makefile:127: cmTC_930f5/fast] Error 2



Determining if the alloca exist failed with the following output:
Change Dir: /home/peter/Desktop/School/IZG/izg_lab_06/build/CMakeFiles/CMakeTmp

Run Build Command(s):/usr/bin/make -f Makefile cmTC_903c7/fast && /usr/bin/make  -f CMakeFiles/cmTC_903c7.dir/build.make CMakeFiles/cmTC_903c7.dir/build
make[1]: Entering directory '/home/peter/Downloads/git/School/IZG/izg_lab_06/build/CMakeFiles/CMakeTmp'
Building C object CMakeFiles/cmTC_903c7.dir/CheckSymbolExists.c.o
/usr/bin/cc   -g -O3 -idirafter "/home/peter/Desktop/School/IZG/izg_lab_06/libs/SDL2-2.0.14/src/video/khronos"  -o CMakeFiles/cmTC_903c7.dir/CheckSymbolExists.c.o -c /home/peter/Desktop/School/IZG/izg_lab_06/build/CMakeFiles/CMakeTmp/CheckSymbolExists.c
/home/peter/Desktop/School/IZG/izg_lab_06/build/CMakeFiles/CMakeTmp/CheckSymbolExists.c: In function ‘main’:
/home/peter/Desktop/School/IZG/izg_lab_06/build/CMakeFiles/CMakeTmp/CheckSymbolExists.c:8:19: error: ‘alloca’ undeclared (first use in this function); did you mean ‘valloc’?
    8 |   return ((int*)(&alloca))[argc];
      |                   ^~~~~~
      |                   valloc
/home/peter/Desktop/School/IZG/izg_lab_06/build/CMakeFiles/CMakeTmp/CheckSymbolExists.c:8:19: note: each undeclared identifier is reported only once for each function it appears in
make[1]: *** [CMakeFiles/cmTC_903c7.dir/build.make:78: CMakeFiles/cmTC_903c7.dir/CheckSymbolExists.c.o] Error 1
make[1]: Leaving directory '/home/peter/Downloads/git/School/IZG/izg_lab_06/build/CMakeFiles/CMakeTmp'
make: *** [Makefile:127: cmTC_903c7/fast] Error 2


File /home/peter/Desktop/School/IZG/izg_lab_06/build/CMakeFiles/CMakeTmp/CheckSymbolExists.c:
/* */
#include <malloc.h>

int main(int argc, char** argv)
{
  (void)argv;
#ifndef alloca
  return ((int*)(&alloca))[argc];
#else
  (void)argc;
  return 0;
#endif
}
Determining if the dlopen exist failed with the following output:
Change Dir: /home/peter/Desktop/School/IZG/izg_lab_06/build/CMakeFiles/CMakeTmp

Run Build Command(s):/usr/bin/make -f Makefile cmTC_2f0dd/fast && /usr/bin/make  -f CMakeFiles/cmTC_2f0dd.dir/build.make CMakeFiles/cmTC_2f0dd.dir/build
make[1]: Entering directory '/home/peter/Downloads/git/School/IZG/izg_lab_06/build/CMakeFiles/CMakeTmp'
Building C object CMakeFiles/cmTC_2f0dd.dir/CheckSymbolExists.c.o
/usr/bin/cc   -g -O3 -idirafter "/home/peter/Desktop/School/IZG/izg_lab_06/libs/SDL2-2.0.14/src/video/khronos"  -o CMakeFiles/cmTC_2f0dd.dir/CheckSymbolExists.c.o -c /home/peter/Desktop/School/IZG/izg_lab_06/build/CMakeFiles/CMakeTmp/CheckSymbolExists.c
Linking C executable cmTC_2f0dd
/usr/local/bin/cmake -E cmake_link_script CMakeFiles/cmTC_2f0dd.dir/link.txt --verbose=1
/usr/bin/cc -g -O3 -idirafter "/home/peter/Desktop/School/IZG/izg_lab_06/libs/SDL2-2.0.14/src/video/khronos"  -rdynamic CMakeFiles/cmTC_2f0dd.dir/CheckSymbolExists.c.o -o cmTC_2f0dd 
/usr/bin/ld: CMakeFiles/cmTC_2f0dd.dir/CheckSymbolExists.c.o: in function `main':
/home/peter/Desktop/School/IZG/izg_lab_06/build/CMakeFiles/CMakeTmp/CheckSymbolExists.c:8: undefined reference to `dlopen'
collect2: error: ld returned 1 exit status
make[1]: *** [CMakeFiles/cmTC_2f0dd.dir/build.make:99: cmTC_2f0dd] Error 1
make[1]: Leaving directory '/home/peter/Downloads/git/School/IZG/izg_lab_06/build/CMakeFiles/CMakeTmp'
make: *** [Makefile:127: cmTC_2f0dd/fast] Error 2


File /home/peter/Desktop/School/IZG/izg_lab_06/build/CMakeFiles/CMakeTmp/CheckSymbolExists.c:
/* */
#include <dlfcn.h>

int main(int argc, char** argv)
{
  (void)argv;
#ifndef dlopen
  return ((int*)(&dlopen))[argc];
#else
  (void)argc;
  return 0;
#endif
}
Determining if the include file audio/audiolib.h exists failed with the following output:
Change Dir: /home/peter/Desktop/School/IZG/izg_lab_06/build/CMakeFiles/CMakeTmp

Run Build Command(s):/usr/bin/make -f Makefile cmTC_13bdf/fast && /usr/bin/make  -f CMakeFiles/cmTC_13bdf.dir/build.make CMakeFiles/cmTC_13bdf.dir/build
make[1]: Entering directory '/home/peter/Downloads/git/School/IZG/izg_lab_06/build/CMakeFiles/CMakeTmp'
Building C object CMakeFiles/cmTC_13bdf.dir/CheckIncludeFile.c.o
/usr/bin/cc   -g -O3 -idirafter "/home/peter/Desktop/School/IZG/izg_lab_06/libs/SDL2-2.0.14/src/video/khronos"  -o CMakeFiles/cmTC_13bdf.dir/CheckIncludeFile.c.o -c /home/peter/Desktop/School/IZG/izg_lab_06/build/CMakeFiles/CMakeTmp/CheckIncludeFile.c
/home/peter/Desktop/School/IZG/izg_lab_06/build/CMakeFiles/CMakeTmp/CheckIncludeFile.c:1:10: fatal error: audio/audiolib.h: No such file or directory
    1 | #include <audio/audiolib.h>
      |          ^~~~~~~~~~~~~~~~~~
compilation terminated.
make[1]: *** [CMakeFiles/cmTC_13bdf.dir/build.make:78: CMakeFiles/cmTC_13bdf.dir/CheckIncludeFile.c.o] Error 1
make[1]: Leaving directory '/home/peter/Downloads/git/School/IZG/izg_lab_06/build/CMakeFiles/CMakeTmp'
make: *** [Makefile:127: cmTC_13bdf/fast] Error 2



Determining if the include file sndio.h exists failed with the following output:
Change Dir: /home/peter/Desktop/School/IZG/izg_lab_06/build/CMakeFiles/CMakeTmp

Run Build Command(s):/usr/bin/make -f Makefile cmTC_13d99/fast && /usr/bin/make  -f CMakeFiles/cmTC_13d99.dir/build.make CMakeFiles/cmTC_13d99.dir/build
make[1]: Entering directory '/home/peter/Downloads/git/School/IZG/izg_lab_06/build/CMakeFiles/CMakeTmp'
Building C object CMakeFiles/cmTC_13d99.dir/CheckIncludeFile.c.o
/usr/bin/cc   -g -O3 -idirafter "/home/peter/Desktop/School/IZG/izg_lab_06/libs/SDL2-2.0.14/src/video/khronos"  -o CMakeFiles/cmTC_13d99.dir/CheckIncludeFile.c.o -c /home/peter/Desktop/School/IZG/izg_lab_06/build/CMakeFiles/CMakeTmp/CheckIncludeFile.c
/home/peter/Desktop/School/IZG/izg_lab_06/build/CMakeFiles/CMakeTmp/CheckIncludeFile.c:1:10: fatal error: sndio.h: No such file or directory
    1 | #include <sndio.h>
      |          ^~~~~~~~~
compilation terminated.
make[1]: *** [CMakeFiles/cmTC_13d99.dir/build.make:78: CMakeFiles/cmTC_13d99.dir/CheckIncludeFile.c.o] Error 1
make[1]: Leaving directory '/home/peter/Downloads/git/School/IZG/izg_lab_06/build/CMakeFiles/CMakeTmp'
make: *** [Makefile:127: cmTC_13d99/fast] Error 2



Determining if the include file samplerate.h exists failed with the following output:
Change Dir: /home/peter/Desktop/School/IZG/izg_lab_06/build/CMakeFiles/CMakeTmp

Run Build Command(s):/usr/bin/make -f Makefile cmTC_f8565/fast && /usr/bin/make  -f CMakeFiles/cmTC_f8565.dir/build.make CMakeFiles/cmTC_f8565.dir/build
make[1]: Entering directory '/home/peter/Downloads/git/School/IZG/izg_lab_06/build/CMakeFiles/CMakeTmp'
Building C object CMakeFiles/cmTC_f8565.dir/CheckIncludeFile.c.o
/usr/bin/cc   -g -O3 -idirafter "/home/peter/Desktop/School/IZG/izg_lab_06/libs/SDL2-2.0.14/src/video/khronos"  -o CMakeFiles/cmTC_f8565.dir/CheckIncludeFile.c.o -c /home/peter/Desktop/School/IZG/izg_lab_06/build/CMakeFiles/CMakeTmp/CheckIncludeFile.c
/home/peter/Desktop/School/IZG/izg_lab_06/build/CMakeFiles/CMakeTmp/CheckIncludeFile.c:1:10: fatal error: samplerate.h: No such file or directory
    1 | #include <samplerate.h>
      |          ^~~~~~~~~~~~~~
compilation terminated.
make[1]: *** [CMakeFiles/cmTC_f8565.dir/build.make:78: CMakeFiles/cmTC_f8565.dir/CheckIncludeFile.c.o] Error 1
make[1]: Leaving directory '/home/peter/Downloads/git/School/IZG/izg_lab_06/build/CMakeFiles/CMakeTmp'
make: *** [Makefile:127: cmTC_f8565/fast] Error 2



Performing C SOURCE FILE Test HAVE_VIDEO_RPI failed with the following output:
Change Dir: /home/peter/Desktop/School/IZG/izg_lab_06/build/CMakeFiles/CMakeTmp

Run Build Command(s):/usr/bin/make -f Makefile cmTC_01d18/fast && /usr/bin/make  -f CMakeFiles/cmTC_01d18.dir/build.make CMakeFiles/cmTC_01d18.dir/build
make[1]: Entering directory '/home/peter/Downloads/git/School/IZG/izg_lab_06/build/CMakeFiles/CMakeTmp'
Building C object CMakeFiles/cmTC_01d18.dir/src.c.o
/usr/bin/cc -DHAVE_VIDEO_RPI  -g -O3 -idirafter "/home/peter/Desktop/School/IZG/izg_lab_06/libs/SDL2-2.0.14/src/video/khronos"  -I/opt/vc/include/interface/vmcs_host/linux/ -I/opt/vc/include/interface/vcos/pthreads -I/opt/vc/include  -L/opt/vc/lib -o CMakeFiles/cmTC_01d18.dir/src.c.o -c /home/peter/Desktop/School/IZG/izg_lab_06/build/CMakeFiles/CMakeTmp/src.c
/home/peter/Desktop/School/IZG/izg_lab_06/build/CMakeFiles/CMakeTmp/src.c:2:18: fatal error: bcm_host.h: No such file or directory
    2 |         #include <bcm_host.h>
      |                  ^~~~~~~~~~~~
compilation terminated.
make[1]: *** [CMakeFiles/cmTC_01d18.dir/build.make:78: CMakeFiles/cmTC_01d18.dir/src.c.o] Error 1
make[1]: Leaving directory '/home/peter/Downloads/git/School/IZG/izg_lab_06/build/CMakeFiles/CMakeTmp'
make: *** [Makefile:127: cmTC_01d18/fast] Error 2


Source file was:

        #include <bcm_host.h>
        int main(int argc, char **argv) {}
Determining if the include file X11/Xcursor/Xcursor.h exists failed with the following output:
Change Dir: /home/peter/Desktop/School/IZG/izg_lab_06/build/CMakeFiles/CMakeTmp

Run Build Command(s):/usr/bin/make -f Makefile cmTC_2aa94/fast && /usr/bin/make  -f CMakeFiles/cmTC_2aa94.dir/build.make CMakeFiles/cmTC_2aa94.dir/build
make[1]: Entering directory '/home/peter/Downloads/git/School/IZG/izg_lab_06/build/CMakeFiles/CMakeTmp'
Building C object CMakeFiles/cmTC_2aa94.dir/CheckIncludeFile.c.o
/usr/bin/cc   -g -O3 -idirafter "/home/peter/Desktop/School/IZG/izg_lab_06/libs/SDL2-2.0.14/src/video/khronos"  -o CMakeFiles/cmTC_2aa94.dir/CheckIncludeFile.c.o -c /home/peter/Desktop/School/IZG/izg_lab_06/build/CMakeFiles/CMakeTmp/CheckIncludeFile.c
/home/peter/Desktop/School/IZG/izg_lab_06/build/CMakeFiles/CMakeTmp/CheckIncludeFile.c:1:10: fatal error: X11/Xcursor/Xcursor.h: No such file or directory
    1 | #include <X11/Xcursor/Xcursor.h>
      |          ^~~~~~~~~~~~~~~~~~~~~~~
compilation terminated.
make[1]: *** [CMakeFiles/cmTC_2aa94.dir/build.make:78: CMakeFiles/cmTC_2aa94.dir/CheckIncludeFile.c.o] Error 1
make[1]: Leaving directory '/home/peter/Downloads/git/School/IZG/izg_lab_06/build/CMakeFiles/CMakeTmp'
make: *** [Makefile:127: cmTC_2aa94/fast] Error 2



Determining if the include file X11/extensions/Xinerama.h exists failed with the following output:
Change Dir: /home/peter/Desktop/School/IZG/izg_lab_06/build/CMakeFiles/CMakeTmp

Run Build Command(s):/usr/bin/make -f Makefile cmTC_7b290/fast && /usr/bin/make  -f CMakeFiles/cmTC_7b290.dir/build.make CMakeFiles/cmTC_7b290.dir/build
make[1]: Entering directory '/home/peter/Downloads/git/School/IZG/izg_lab_06/build/CMakeFiles/CMakeTmp'
Building C object CMakeFiles/cmTC_7b290.dir/CheckIncludeFile.c.o
/usr/bin/cc   -g -O3 -idirafter "/home/peter/Desktop/School/IZG/izg_lab_06/libs/SDL2-2.0.14/src/video/khronos"  -o CMakeFiles/cmTC_7b290.dir/CheckIncludeFile.c.o -c /home/peter/Desktop/School/IZG/izg_lab_06/build/CMakeFiles/CMakeTmp/CheckIncludeFile.c
/home/peter/Desktop/School/IZG/izg_lab_06/build/CMakeFiles/CMakeTmp/CheckIncludeFile.c:1:10: fatal error: X11/extensions/Xinerama.h: No such file or directory
    1 | #include <X11/extensions/Xinerama.h>
      |          ^~~~~~~~~~~~~~~~~~~~~~~~~~~
compilation terminated.
make[1]: *** [CMakeFiles/cmTC_7b290.dir/build.make:78: CMakeFiles/cmTC_7b290.dir/CheckIncludeFile.c.o] Error 1
make[1]: Leaving directory '/home/peter/Downloads/git/School/IZG/izg_lab_06/build/CMakeFiles/CMakeTmp'
make: *** [Makefile:127: cmTC_7b290/fast] Error 2



Determining if the include file X11/extensions/XInput2.h exists failed with the following output:
Change Dir: /home/peter/Desktop/School/IZG/izg_lab_06/build/CMakeFiles/CMakeTmp

Run Build Command(s):/usr/bin/make -f Makefile cmTC_a5b98/fast && /usr/bin/make  -f CMakeFiles/cmTC_a5b98.dir/build.make CMakeFiles/cmTC_a5b98.dir/build
make[1]: Entering directory '/home/peter/Downloads/git/School/IZG/izg_lab_06/build/CMakeFiles/CMakeTmp'
Building C object CMakeFiles/cmTC_a5b98.dir/CheckIncludeFile.c.o
/usr/bin/cc   -g -O3 -idirafter "/home/peter/Desktop/School/IZG/izg_lab_06/libs/SDL2-2.0.14/src/video/khronos"  -o CMakeFiles/cmTC_a5b98.dir/CheckIncludeFile.c.o -c /home/peter/Desktop/School/IZG/izg_lab_06/build/CMakeFiles/CMakeTmp/CheckIncludeFile.c
/home/peter/Desktop/School/IZG/izg_lab_06/build/CMakeFiles/CMakeTmp/CheckIncludeFile.c:1:10: fatal error: X11/extensions/XInput2.h: No such file or directory
    1 | #include <X11/extensions/XInput2.h>
      |          ^~~~~~~~~~~~~~~~~~~~~~~~~~
compilation terminated.
make[1]: *** [CMakeFiles/cmTC_a5b98.dir/build.make:78: CMakeFiles/cmTC_a5b98.dir/CheckIncludeFile.c.o] Error 1
make[1]: Leaving directory '/home/peter/Downloads/git/School/IZG/izg_lab_06/build/CMakeFiles/CMakeTmp'
make: *** [Makefile:127: cmTC_a5b98/fast] Error 2



Determining if the include file X11/extensions/Xrandr.h exists failed with the following output:
Change Dir: /home/peter/Desktop/School/IZG/izg_lab_06/build/CMakeFiles/CMakeTmp

Run Build Command(s):/usr/bin/make -f Makefile cmTC_766c0/fast && /usr/bin/make  -f CMakeFiles/cmTC_766c0.dir/build.make CMakeFiles/cmTC_766c0.dir/build
make[1]: Entering directory '/home/peter/Downloads/git/School/IZG/izg_lab_06/build/CMakeFiles/CMakeTmp'
Building C object CMakeFiles/cmTC_766c0.dir/CheckIncludeFile.c.o
/usr/bin/cc   -g -O3 -idirafter "/home/peter/Desktop/School/IZG/izg_lab_06/libs/SDL2-2.0.14/src/video/khronos"  -o CMakeFiles/cmTC_766c0.dir/CheckIncludeFile.c.o -c /home/peter/Desktop/School/IZG/izg_lab_06/build/CMakeFiles/CMakeTmp/CheckIncludeFile.c
/home/peter/Desktop/School/IZG/izg_lab_06/build/CMakeFiles/CMakeTmp/CheckIncludeFile.c:1:10: fatal error: X11/extensions/Xrandr.h: No such file or directory
    1 | #include <X11/extensions/Xrandr.h>
      |          ^~~~~~~~~~~~~~~~~~~~~~~~~
compilation terminated.
make[1]: *** [CMakeFiles/cmTC_766c0.dir/build.make:78: CMakeFiles/cmTC_766c0.dir/CheckIncludeFile.c.o] Error 1
make[1]: Leaving directory '/home/peter/Downloads/git/School/IZG/izg_lab_06/build/CMakeFiles/CMakeTmp'
make: *** [Makefile:127: cmTC_766c0/fast] Error 2



Determining if the include file X11/extensions/Xrender.h exists failed with the following output:
Change Dir: /home/peter/Desktop/School/IZG/izg_lab_06/build/CMakeFiles/CMakeTmp

Run Build Command(s):/usr/bin/make -f Makefile cmTC_033c0/fast && /usr/bin/make  -f CMakeFiles/cmTC_033c0.dir/build.make CMakeFiles/cmTC_033c0.dir/build
make[1]: Entering directory '/home/peter/Downloads/git/School/IZG/izg_lab_06/build/CMakeFiles/CMakeTmp'
Building C object CMakeFiles/cmTC_033c0.dir/CheckIncludeFile.c.o
/usr/bin/cc   -g -O3 -idirafter "/home/peter/Desktop/School/IZG/izg_lab_06/libs/SDL2-2.0.14/src/video/khronos"  -o CMakeFiles/cmTC_033c0.dir/CheckIncludeFile.c.o -c /home/peter/Desktop/School/IZG/izg_lab_06/build/CMakeFiles/CMakeTmp/CheckIncludeFile.c
/home/peter/Desktop/School/IZG/izg_lab_06/build/CMakeFiles/CMakeTmp/CheckIncludeFile.c:1:10: fatal error: X11/extensions/Xrender.h: No such file or directory
    1 | #include <X11/extensions/Xrender.h>
      |          ^~~~~~~~~~~~~~~~~~~~~~~~~~
compilation terminated.
make[1]: *** [CMakeFiles/cmTC_033c0.dir/build.make:78: CMakeFiles/cmTC_033c0.dir/CheckIncludeFile.c.o] Error 1
make[1]: Leaving directory '/home/peter/Downloads/git/School/IZG/izg_lab_06/build/CMakeFiles/CMakeTmp'
make: *** [Makefile:127: cmTC_033c0/fast] Error 2



Determining if the include file X11/extensions/scrnsaver.h exists failed with the following output:
Change Dir: /home/peter/Desktop/School/IZG/izg_lab_06/build/CMakeFiles/CMakeTmp

Run Build Command(s):/usr/bin/make -f Makefile cmTC_6783d/fast && /usr/bin/make  -f CMakeFiles/cmTC_6783d.dir/build.make CMakeFiles/cmTC_6783d.dir/build
make[1]: Entering directory '/home/peter/Downloads/git/School/IZG/izg_lab_06/build/CMakeFiles/CMakeTmp'
Building C object CMakeFiles/cmTC_6783d.dir/CheckIncludeFile.c.o
/usr/bin/cc   -g -O3 -idirafter "/home/peter/Desktop/School/IZG/izg_lab_06/libs/SDL2-2.0.14/src/video/khronos"  -o CMakeFiles/cmTC_6783d.dir/CheckIncludeFile.c.o -c /home/peter/Desktop/School/IZG/izg_lab_06/build/CMakeFiles/CMakeTmp/CheckIncludeFile.c
/home/peter/Desktop/School/IZG/izg_lab_06/build/CMakeFiles/CMakeTmp/CheckIncludeFile.c:1:10: fatal error: X11/extensions/scrnsaver.h: No such file or directory
    1 | #include <X11/extensions/scrnsaver.h>
      |          ^~~~~~~~~~~~~~~~~~~~~~~~~~~~
compilation terminated.
make[1]: *** [CMakeFiles/cmTC_6783d.dir/build.make:78: CMakeFiles/cmTC_6783d.dir/CheckIncludeFile.c.o] Error 1
make[1]: Leaving directory '/home/peter/Downloads/git/School/IZG/izg_lab_06/build/CMakeFiles/CMakeTmp'
make: *** [Makefile:127: cmTC_6783d/fast] Error 2



Determining if files X11/Xlib.h;X11/extensions/xf86vmode.h exist failed with the following output:
Change Dir: /home/peter/Desktop/School/IZG/izg_lab_06/build/CMakeFiles/CMakeTmp

Run Build Command(s):/usr/bin/make -f Makefile cmTC_b75f9/fast && /usr/bin/make  -f CMakeFiles/cmTC_b75f9.dir/build.make CMakeFiles/cmTC_b75f9.dir/build
make[1]: Entering directory '/home/peter/Downloads/git/School/IZG/izg_lab_06/build/CMakeFiles/CMakeTmp'
Building C object CMakeFiles/cmTC_b75f9.dir/HAVE_XF86VM_H.c.o
/usr/bin/cc   -g -O3 -idirafter "/home/peter/Desktop/School/IZG/izg_lab_06/libs/SDL2-2.0.14/src/video/khronos"  -o CMakeFiles/cmTC_b75f9.dir/HAVE_XF86VM_H.c.o -c /home/peter/Desktop/School/IZG/izg_lab_06/build/CMakeFiles/CheckIncludeFiles/HAVE_XF86VM_H.c
/home/peter/Desktop/School/IZG/izg_lab_06/build/CMakeFiles/CheckIncludeFiles/HAVE_XF86VM_H.c:3:10: fatal error: X11/extensions/xf86vmode.h: No such file or directory
    3 | #include <X11/extensions/xf86vmode.h>
      |          ^~~~~~~~~~~~~~~~~~~~~~~~~~~~
compilation terminated.
make[1]: *** [CMakeFiles/cmTC_b75f9.dir/build.make:78: CMakeFiles/cmTC_b75f9.dir/HAVE_XF86VM_H.c.o] Error 1
make[1]: Leaving directory '/home/peter/Downloads/git/School/IZG/izg_lab_06/build/CMakeFiles/CMakeTmp'
make: *** [Makefile:127: cmTC_b75f9/fast] Error 2


Source:
/* */
#include <X11/Xlib.h>
#include <X11/extensions/xf86vmode.h>


int main(void){return 0;}

Performing C SOURCE FILE Test HAVE_VIDEO_VIVANTE_VDK failed with the following output:
Change Dir: /home/peter/Desktop/School/IZG/izg_lab_06/build/CMakeFiles/CMakeTmp

Run Build Command(s):/usr/bin/make -f Makefile cmTC_9338a/fast && /usr/bin/make  -f CMakeFiles/cmTC_9338a.dir/build.make CMakeFiles/cmTC_9338a.dir/build
make[1]: Entering directory '/home/peter/Downloads/git/School/IZG/izg_lab_06/build/CMakeFiles/CMakeTmp'
Building C object CMakeFiles/cmTC_9338a.dir/src.c.o
/usr/bin/cc -DHAVE_VIDEO_VIVANTE_VDK  -g -O3 -idirafter "/home/peter/Desktop/School/IZG/izg_lab_06/libs/SDL2-2.0.14/src/video/khronos"   -o CMakeFiles/cmTC_9338a.dir/src.c.o -c /home/peter/Desktop/School/IZG/izg_lab_06/build/CMakeFiles/CMakeTmp/src.c
/home/peter/Desktop/School/IZG/izg_lab_06/build/CMakeFiles/CMakeTmp/src.c:2:18: fatal error: gc_vdk.h: No such file or directory
    2 |         #include <gc_vdk.h>
      |                  ^~~~~~~~~~
compilation terminated.
make[1]: *** [CMakeFiles/cmTC_9338a.dir/build.make:78: CMakeFiles/cmTC_9338a.dir/src.c.o] Error 1
make[1]: Leaving directory '/home/peter/Downloads/git/School/IZG/izg_lab_06/build/CMakeFiles/CMakeTmp'
make: *** [Makefile:127: cmTC_9338a/fast] Error 2


Source file was:

        #include <gc_vdk.h>
        int main(int argc, char** argv) {}
Performing C SOURCE FILE Test HAVE_VIDEO_VIVANTE_EGL_FB failed with the following output:
Change Dir: /home/peter/Desktop/School/IZG/izg_lab_06/build/CMakeFiles/CMakeTmp

Run Build Command(s):/usr/bin/make -f Makefile cmTC_76d7b/fast && /usr/bin/make  -f CMakeFiles/cmTC_76d7b.dir/build.make CMakeFiles/cmTC_76d7b.dir/build
make[1]: Entering directory '/home/peter/Downloads/git/School/IZG/izg_lab_06/build/CMakeFiles/CMakeTmp'
Building C object CMakeFiles/cmTC_76d7b.dir/src.c.o
/usr/bin/cc -DHAVE_VIDEO_VIVANTE_EGL_FB  -g -O3 -idirafter "/home/peter/Desktop/School/IZG/izg_lab_06/libs/SDL2-2.0.14/src/video/khronos"   -o CMakeFiles/cmTC_76d7b.dir/src.c.o -c /home/peter/Desktop/School/IZG/izg_lab_06/build/CMakeFiles/CMakeTmp/src.c
/home/peter/Desktop/School/IZG/izg_lab_06/build/CMakeFiles/CMakeTmp/src.c:4:18: fatal error: EGL/eglvivante.h: No such file or directory
    4 |         #include <EGL/eglvivante.h>
      |                  ^~~~~~~~~~~~~~~~~~
compilation terminated.
make[1]: *** [CMakeFiles/cmTC_76d7b.dir/build.make:78: CMakeFiles/cmTC_76d7b.dir/src.c.o] Error 1
make[1]: Leaving directory '/home/peter/Downloads/git/School/IZG/izg_lab_06/build/CMakeFiles/CMakeTmp'
make: *** [Makefile:127: cmTC_76d7b/fast] Error 2


Source file was:

        #define LINUX
        #define EGL_API_FB
        #include <EGL/eglvivante.h>
        int main(int argc, char** argv) {}
Determining if the include file libudev.h exists failed with the following output:
Change Dir: /home/peter/Desktop/School/IZG/izg_lab_06/build/CMakeFiles/CMakeTmp

Run Build Command(s):/usr/bin/make -f Makefile cmTC_92e40/fast && /usr/bin/make  -f CMakeFiles/cmTC_92e40.dir/build.make CMakeFiles/cmTC_92e40.dir/build
make[1]: Entering directory '/home/peter/Downloads/git/School/IZG/izg_lab_06/build/CMakeFiles/CMakeTmp'
Building C object CMakeFiles/cmTC_92e40.dir/CheckIncludeFile.c.o
/usr/bin/cc   -g -O3 -idirafter "/home/peter/Desktop/School/IZG/izg_lab_06/libs/SDL2-2.0.14/src/video/khronos"   -o CMakeFiles/cmTC_92e40.dir/CheckIncludeFile.c.o -c /home/peter/Desktop/School/IZG/izg_lab_06/build/CMakeFiles/CMakeTmp/CheckIncludeFile.c
/home/peter/Desktop/School/IZG/izg_lab_06/build/CMakeFiles/CMakeTmp/CheckIncludeFile.c:1:10: fatal error: libudev.h: No such file or directory
    1 | #include <libudev.h>
      |          ^~~~~~~~~~~
compilation terminated.
make[1]: *** [CMakeFiles/cmTC_92e40.dir/build.make:78: CMakeFiles/cmTC_92e40.dir/CheckIncludeFile.c.o] Error 1
make[1]: Leaving directory '/home/peter/Downloads/git/School/IZG/izg_lab_06/build/CMakeFiles/CMakeTmp'
make: *** [Makefile:127: cmTC_92e40/fast] Error 2



Determining if files pthread_np.h exist failed with the following output:
Change Dir: /home/peter/Desktop/School/IZG/izg_lab_06/build/CMakeFiles/CMakeTmp

Run Build Command(s):/usr/bin/make -f Makefile cmTC_57f87/fast && /usr/bin/make  -f CMakeFiles/cmTC_57f87.dir/build.make CMakeFiles/cmTC_57f87.dir/build
make[1]: Entering directory '/home/peter/Downloads/git/School/IZG/izg_lab_06/build/CMakeFiles/CMakeTmp'
Building C object CMakeFiles/cmTC_57f87.dir/HAVE_PTHREAD_NP_H.c.o
/usr/bin/cc   -g -O3 -idirafter "/home/peter/Desktop/School/IZG/izg_lab_06/libs/SDL2-2.0.14/src/video/khronos"   -D_REENTRANT -pthread -o CMakeFiles/cmTC_57f87.dir/HAVE_PTHREAD_NP_H.c.o -c /home/peter/Desktop/School/IZG/izg_lab_06/build/CMakeFiles/CheckIncludeFiles/HAVE_PTHREAD_NP_H.c
/home/peter/Desktop/School/IZG/izg_lab_06/build/CMakeFiles/CheckIncludeFiles/HAVE_PTHREAD_NP_H.c:2:10: fatal error: pthread_np.h: No such file or directory
    2 | #include <pthread_np.h>
      |          ^~~~~~~~~~~~~~
compilation terminated.
make[1]: *** [CMakeFiles/cmTC_57f87.dir/build.make:78: CMakeFiles/cmTC_57f87.dir/HAVE_PTHREAD_NP_H.c.o] Error 1
make[1]: Leaving directory '/home/peter/Downloads/git/School/IZG/izg_lab_06/build/CMakeFiles/CMakeTmp'
make: *** [Makefile:127: cmTC_57f87/fast] Error 2


Source:
/* */
#include <pthread_np.h>


int main(void){return 0;}

Determining if the pthread_setname_np exist failed with the following output:
Change Dir: /home/peter/Desktop/School/IZG/izg_lab_06/build/CMakeFiles/CMakeTmp

Run Build Command(s):/usr/bin/make -f Makefile cmTC_8e22d/fast && /usr/bin/make  -f CMakeFiles/cmTC_8e22d.dir/build.make CMakeFiles/cmTC_8e22d.dir/build
make[1]: Entering directory '/home/peter/Downloads/git/School/IZG/izg_lab_06/build/CMakeFiles/CMakeTmp'
Building C object CMakeFiles/cmTC_8e22d.dir/CheckSymbolExists.c.o
/usr/bin/cc   -g -O3 -idirafter "/home/peter/Desktop/School/IZG/izg_lab_06/libs/SDL2-2.0.14/src/video/khronos"   -D_REENTRANT -pthread -o CMakeFiles/cmTC_8e22d.dir/CheckSymbolExists.c.o -c /home/peter/Desktop/School/IZG/izg_lab_06/build/CMakeFiles/CMakeTmp/CheckSymbolExists.c
/home/peter/Desktop/School/IZG/izg_lab_06/build/CMakeFiles/CMakeTmp/CheckSymbolExists.c: In function ‘main’:
/home/peter/Desktop/School/IZG/izg_lab_06/build/CMakeFiles/CMakeTmp/CheckSymbolExists.c:8:19: error: ‘pthread_setname_np’ undeclared (first use in this function); did you mean ‘pthread_setcanceltype’?
    8 |   return ((int*)(&pthread_setname_np))[argc];
      |                   ^~~~~~~~~~~~~~~~~~
      |                   pthread_setcanceltype
/home/peter/Desktop/School/IZG/izg_lab_06/build/CMakeFiles/CMakeTmp/CheckSymbolExists.c:8:19: note: each undeclared identifier is reported only once for each function it appears in
make[1]: *** [CMakeFiles/cmTC_8e22d.dir/build.make:78: CMakeFiles/cmTC_8e22d.dir/CheckSymbolExists.c.o] Error 1
make[1]: Leaving directory '/home/peter/Downloads/git/School/IZG/izg_lab_06/build/CMakeFiles/CMakeTmp'
make: *** [Makefile:127: cmTC_8e22d/fast] Error 2


File /home/peter/Desktop/School/IZG/izg_lab_06/build/CMakeFiles/CMakeTmp/CheckSymbolExists.c:
/* */
#include <pthread.h>

int main(int argc, char** argv)
{
  (void)argv;
#ifndef pthread_setname_np
  return ((int*)(&pthread_setname_np))[argc];
#else
  (void)argc;
  return 0;
#endif
}
