# Measuring matrix multiplication algorithms
# Mon Dec 21 23:50:14 CET 2020
# Linux peter-VirtualBox 5.4.0-58-generic #64~18.04.1-Ubuntu SMP Wed Dec 9 17:11:11 UTC 2020 x86_64 x86_64 x86_64 GNU/Linux
# CPU: Intel(R) Core(TM) i7-8750H CPU @ 2.20GHz
# gcc (Ubuntu 7.5.0-3ubuntu1~18.04) 7.5.0
# CFLAGS=-std=c99 -O3 -Wall     LIBS=-lgsl -lcblas
# 
400 0.08 0.02 0.07 0.01 0.02 
416 0.10 0.03 0.08 0.01 0.03 
432 0.13 0.03 0.12 0.02 0.03 
448 0.14 0.04 0.13 0.02 0.03 
464 0.13 0.03 0.11 0.02 0.03 
480 0.13 0.04 0.13 0.02 0.04 
496 0.14 0.04 0.13 0.02 0.04 
512 0.32 0.04 0.21 0.02 0.05 
528 0.18 0.05 0.17 0.02 0.05 
544 0.19 0.05 0.18 0.03 0.05 
560 0.21 0.06 0.20 0.03 0.06 
576 0.26 0.06 0.22 0.03 0.06 
592 0.26 0.08 0.24 0.03 0.07 
608 0.29 0.08 0.26 0.03 0.08 
624 0.30 0.08 0.27 0.04 0.08 
640 0.42 0.09 0.36 0.04 0.09 
656 0.35 0.09 0.32 0.05 0.10 
672 0.39 0.10 0.35 0.05 0.10 
688 0.41 0.11 0.39 0.05 0.11 
704 0.51 0.12 0.42 0.05 0.12 
720 0.47 0.13 0.45 0.05 0.13 
736 0.52 0.15 0.53 0.06 0.14 
752 0.55 0.16 0.52 0.06 0.14 
768 0.89 0.16 0.69 0.07 0.16 
784 0.64 0.18 0.63 0.07 0.17 
800 0.73 0.20 0.67 0.08 0.18 
816 0.74 0.22 0.70 0.08 0.19 
832 0.89 0.24 0.83 0.14 0.20 
848 0.85 0.26 0.80 0.09 0.22 
864 0.94 0.29 0.87 0.10 0.24 
880 0.97 0.31 0.92 0.11 0.24 
896 1.33 0.33 1.17 0.11 0.28 
912 1.14 0.37 1.07 0.13 0.27 
928 1.24 0.38 1.12 0.12 0.28 
944 1.44 0.40 1.35 0.13 0.30 
960 1.54 0.50 1.46 0.15 0.38 
976 1.47 0.47 1.36 0.14 0.32 
992 1.56 0.50 1.42 0.15 0.34 
1008 1.61 0.52 1.53 0.15 0.35 
1024 3.30 0.55 2.41 0.16 0.45 
1040 1.81 0.61 1.73 0.17 0.39 
1056 1.98 0.63 1.79 0.17 0.41 
1072 2.02 0.66 1.94 0.18 0.45 
1088 2.59 0.74 2.34 0.19 0.43 
1104 2.29 0.75 2.19 0.19 0.47 
1120 3.80 0.77 3.72 0.20 0.48 
1136 2.89 0.83 2.64 0.21 0.50 
1152 3.22 0.86 3.00 0.22 0.54 
1168 2.83 0.89 2.68 0.23 0.57 
1184 3.23 0.95 2.82 0.24 0.57 
1200 3.46 1.01 3.21 0.25 0.60 
1216 3.86 1.04 3.71 0.27 0.63 
1232 3.67 1.11 3.48 0.27 0.67 
1248 5.02 1.21 4.70 0.28 0.67 
1264 4.88 1.23 4.73 0.30 0.71 
1280 5.33 1.27 4.63 0.31 0.76 
1296 6.66 1.40 6.62 0.32 0.76 
1312 5.06 1.39 4.71 0.34 0.80 
1328 8.16 1.46 8.17 0.33 0.81 
1344 5.43 1.58 5.15 0.36 0.83 
1360 4.89 1.65 4.82 0.37 0.89 
1376 18.31 1.62 18.59 0.37 0.91 
1392 6.98 1.72 6.80 0.39 0.96 

# Mon Dec 21 23:55:45 CET 2020

