==================================================================
==27832== Cachegrind, a cache and branch-prediction profiler
==27832== Copyright (C) 2002-2017, and GNU GPL'd, by Nicholas Nethercote et al.
==27832== Using Valgrind-3.14.0 and LibVEX; rerun with -h for copyright info
==27832== Command: ./a.out 1
==27832== 
--27832-- warning: L3 cache found, using its data for the LL simulation.
6.23 seconds
==27832== 
==27832== I   refs:      1,112,280,607
==27832== I1  misses:            1,527
==27832== LLi misses:            1,507
==27832== I1  miss rate:          0.00%
==27832== LLi miss rate:          0.00%
==27832== 
==27832== D   refs:        421,239,765  (280,070,709 rd   + 141,169,056 wr)
==27832== D1  misses:      134,693,408  (134,593,154 rd   +     100,254 wr)
==27832== LLd misses:          108,933  (      8,889 rd   +     100,044 wr)
==27832== D1  miss rate:          32.0% (       48.1%     +         0.1%  )
==27832== LLd miss rate:           0.0% (        0.0%     +         0.1%  )
==27832== 
==27832== LL refs:         134,694,935  (134,594,681 rd   +     100,254 wr)
==27832== LL misses:           110,440  (     10,396 rd   +     100,044 wr)
==27832== LL miss rate:            0.0% (        0.0%     +         0.1%  )
==================================================================
==27835== Cachegrind, a cache and branch-prediction profiler
==27835== Copyright (C) 2002-2017, and GNU GPL'd, by Nicholas Nethercote et al.
==27835== Using Valgrind-3.14.0 and LibVEX; rerun with -h for copyright info
==27835== Command: ./a.out 2
==27835== 
--27835-- warning: L3 cache found, using its data for the LL simulation.
1.91 seconds
==27835== 
==27835== I   refs:      579,081,270
==27835== I1  misses:          1,533
==27835== LLi misses:          1,513
==27835== I1  miss rate:        0.00%
==27835== LLi miss rate:        0.00%
==27835== 
==27835== D   refs:      219,913,182  (145,852,987 rd   + 74,060,195 wr)
==27835== D1  misses:     16,956,960  ( 16,856,706 rd   +    100,254 wr)
==27835== LLd misses:        108,941  (      8,897 rd   +    100,044 wr)
==27835== D1  miss rate:         7.7% (       11.6%     +        0.1%  )
==27835== LLd miss rate:         0.0% (        0.0%     +        0.1%  )
==27835== 
==27835== LL refs:        16,958,493  ( 16,858,239 rd   +    100,254 wr)
==27835== LL misses:         110,454  (     10,410 rd   +    100,044 wr)
==27835== LL miss rate:          0.0% (        0.0%     +        0.1%  )
==================================================================
==27836== Cachegrind, a cache and branch-prediction profiler
==27836== Copyright (C) 2002-2017, and GNU GPL'd, by Nicholas Nethercote et al.
==27836== Using Valgrind-3.14.0 and LibVEX; rerun with -h for copyright info
==27836== Command: ./a.out 4
==27836== 
--27836-- warning: L3 cache found, using its data for the LL simulation.
0.98 seconds
==27836== 
==27836== I   refs:      267,073,191
==27836== I1  misses:          1,992
==27836== LLi misses:          1,968
==27836== I1  miss rate:        0.00%
==27836== LLi miss rate:        0.00%
==27836== 
==27836== D   refs:       86,939,639  (80,234,429 rd   + 6,705,210 wr)
==27836== D1  misses:      1,823,897  ( 1,651,417 rd   +   172,480 wr)
==27836== LLd misses:        171,917  (    35,511 rd   +   136,406 wr)
==27836== D1  miss rate:         2.1% (       2.1%     +       2.6%  )
==27836== LLd miss rate:         0.2% (       0.0%     +       2.0%  )
==27836== 
==27836== LL refs:         1,825,889  ( 1,653,409 rd   +   172,480 wr)
==27836== LL misses:         173,885  (    37,479 rd   +   136,406 wr)
==27836== LL miss rate:          0.0% (       0.0%     +       2.0%  )
